[2019-01-04 10:00:20] local.INFO: 创建数据库备份成功  
[2019-01-04 10:00:26] local.INFO: 最新数据库备份发送邮件成功  
[2019-01-04 10:00:26] local.INFO: 整机产品更新价格成功！  
[2019-01-04 10:00:26] local.INFO: 自建产品更新价格成功！  
[2019-01-04 10:30:09] local.INFO: 创建数据库备份成功  
[2019-01-04 10:30:14] local.INFO: 最新数据库备份发送邮件成功  
[2019-01-04 11:00:08] local.INFO: 创建数据库备份成功  
[2019-01-04 11:00:13] local.INFO: 最新数据库备份发送邮件成功  
[2019-01-04 11:00:14] local.INFO: 整机产品更新价格成功！  
[2019-01-04 11:00:14] local.INFO: 自建产品更新价格成功！  
[2019-01-04 11:21:21] local.INFO: Detected N+1 Query  
[2019-01-04 11:21:21] local.INFO: Model: App\Models\ProductGood  
[2019-01-04 11:21:21] local.INFO: Relation: App\Models\ProductFramework  
[2019-01-04 11:21:21] local.INFO: Num-Called: 2  
[2019-01-04 11:21:21] local.INFO: Call-Stack:  
[2019-01-04 11:21:21] local.INFO: #18 /app/Http/Controllers/Admin/ProductGoodController.php:41  
[2019-01-04 11:21:21] local.INFO: #21 /vendor/laravel/framework/src/Illuminate/Routing/ControllerDispatcher.php:45  
[2019-01-04 11:21:21] local.INFO: #22 /vendor/laravel/framework/src/Illuminate/Routing/Route.php:212  
[2019-01-04 11:21:21] local.INFO: #23 /vendor/laravel/framework/src/Illuminate/Routing/Route.php:169  
[2019-01-04 11:21:21] local.INFO: #24 /vendor/laravel/framework/src/Illuminate/Routing/Router.php:665  
[2019-01-04 11:21:21] local.INFO: #25 /vendor/laravel/framework/src/Illuminate/Routing/Pipeline.php:30  
[2019-01-04 11:21:21] local.INFO: #26 /app/Http/Middleware/OperationLog.php:32  
[2019-01-04 11:21:21] local.INFO: #27 /vendor/laravel/framework/src/Illuminate/Pipeline/Pipeline.php:151  
[2019-01-04 11:21:21] local.INFO: #28 /vendor/laravel/framework/src/Illuminate/Routing/Pipeline.php:53  
[2019-01-04 11:21:21] local.INFO: #29 /vendor/laravel/framework/src/Illuminate/Routing/Middleware/SubstituteBindings.php:41  
[2019-01-04 11:21:21] local.INFO: #30 /vendor/laravel/framework/src/Illuminate/Pipeline/Pipeline.php:151  
[2019-01-04 11:21:21] local.INFO: #31 /vendor/laravel/framework/src/Illuminate/Routing/Pipeline.php:53  
[2019-01-04 11:21:21] local.INFO: #32 /vendor/laravel/framework/src/Illuminate/Foundation/Http/Middleware/VerifyCsrfToken.php:67  
[2019-01-04 11:21:21] local.INFO: #33 /vendor/laravel/framework/src/Illuminate/Pipeline/Pipeline.php:151  
[2019-01-04 11:21:21] local.INFO: #34 /vendor/laravel/framework/src/Illuminate/Routing/Pipeline.php:53  
[2019-01-04 11:21:21] local.INFO: #35 /vendor/laravel/framework/src/Illuminate/View/Middleware/ShareErrorsFromSession.php:49  
[2019-01-04 11:21:21] local.INFO: #36 /vendor/laravel/framework/src/Illuminate/Pipeline/Pipeline.php:151  
[2019-01-04 11:21:21] local.INFO: #37 /vendor/laravel/framework/src/Illuminate/Routing/Pipeline.php:53  
[2019-01-04 11:21:21] local.INFO: #38 /vendor/laravel/framework/src/Illuminate/Session/Middleware/StartSession.php:63  
[2019-01-04 11:21:21] local.INFO: #39 /vendor/laravel/framework/src/Illuminate/Pipeline/Pipeline.php:151  
[2019-01-04 11:21:21] local.INFO: #40 /vendor/laravel/framework/src/Illuminate/Routing/Pipeline.php:53  
[2019-01-04 11:21:21] local.INFO: #41 /vendor/laravel/framework/src/Illuminate/Cookie/Middleware/AddQueuedCookiesToResponse.php:37  
[2019-01-04 11:21:21] local.INFO: #42 /vendor/laravel/framework/src/Illuminate/Pipeline/Pipeline.php:151  
[2019-01-04 11:21:21] local.INFO: #43 /vendor/laravel/framework/src/Illuminate/Routing/Pipeline.php:53  
[2019-01-04 11:21:21] local.INFO: #44 /vendor/laravel/framework/src/Illuminate/Cookie/Middleware/EncryptCookies.php:59  
[2019-01-04 11:21:21] local.INFO: #45 /vendor/laravel/framework/src/Illuminate/Pipeline/Pipeline.php:151  
[2019-01-04 11:21:21] local.INFO: #46 /vendor/laravel/framework/src/Illuminate/Routing/Pipeline.php:53  
[2019-01-04 11:21:21] local.INFO: #47 /vendor/laravel/framework/src/Illuminate/Pipeline/Pipeline.php:104  
[2019-01-04 11:21:21] local.INFO: #48 /vendor/laravel/framework/src/Illuminate/Routing/Router.php:667  
[2019-01-04 11:21:21] local.INFO: #49 /vendor/laravel/framework/src/Illuminate/Routing/Router.php:642  
[2019-01-04 11:30:08] local.INFO: 创建数据库备份成功  
[2019-01-04 11:30:16] local.INFO: 最新数据库备份发送邮件成功  
[2019-01-04 12:00:08] local.INFO: 创建数据库备份成功  
[2019-01-04 12:00:11] local.INFO: 最新数据库备份发送邮件成功  
[2019-01-04 12:00:12] local.INFO: 整机产品更新价格成功！  
[2019-01-04 12:00:12] local.INFO: 自建产品更新价格成功！  
[2019-01-04 12:30:08] local.INFO: 创建数据库备份成功  
[2019-01-04 12:30:11] local.INFO: 最新数据库备份发送邮件成功  
[2019-01-04 13:00:08] local.INFO: 创建数据库备份成功  
[2019-01-04 13:00:11] local.INFO: 最新数据库备份发送邮件成功  
[2019-01-04 13:00:12] local.INFO: 整机产品更新价格成功！  
[2019-01-04 13:00:12] local.INFO: 自建产品更新价格成功！  
[2019-01-04 13:29:17] local.INFO: Detected N+1 Query  
[2019-01-04 13:29:17] local.INFO: Model: App\Models\ProductGood  
[2019-01-04 13:29:17] local.INFO: Relation: App\Models\ProductFramework  
[2019-01-04 13:29:17] local.INFO: Num-Called: 2  
[2019-01-04 13:29:17] local.INFO: Call-Stack:  
[2019-01-04 13:29:17] local.INFO: #18 /app/Http/Controllers/Admin/ProductGoodController.php:41  
[2019-01-04 13:29:17] local.INFO: #21 /vendor/laravel/framework/src/Illuminate/Routing/ControllerDispatcher.php:45  
[2019-01-04 13:29:17] local.INFO: #22 /vendor/laravel/framework/src/Illuminate/Routing/Route.php:212  
[2019-01-04 13:29:17] local.INFO: #23 /vendor/laravel/framework/src/Illuminate/Routing/Route.php:169  
[2019-01-04 13:29:17] local.INFO: #24 /vendor/laravel/framework/src/Illuminate/Routing/Router.php:665  
[2019-01-04 13:29:17] local.INFO: #25 /vendor/laravel/framework/src/Illuminate/Routing/Pipeline.php:30  
[2019-01-04 13:29:17] local.INFO: #26 /app/Http/Middleware/OperationLog.php:32  
[2019-01-04 13:29:17] local.INFO: #27 /vendor/laravel/framework/src/Illuminate/Pipeline/Pipeline.php:151  
[2019-01-04 13:29:17] local.INFO: #28 /vendor/laravel/framework/src/Illuminate/Routing/Pipeline.php:53  
[2019-01-04 13:29:17] local.INFO: #29 /vendor/laravel/framework/src/Illuminate/Routing/Middleware/SubstituteBindings.php:41  
[2019-01-04 13:29:17] local.INFO: #30 /vendor/laravel/framework/src/Illuminate/Pipeline/Pipeline.php:151  
[2019-01-04 13:29:17] local.INFO: #31 /vendor/laravel/framework/src/Illuminate/Routing/Pipeline.php:53  
[2019-01-04 13:29:17] local.INFO: #32 /vendor/laravel/framework/src/Illuminate/Foundation/Http/Middleware/VerifyCsrfToken.php:67  
[2019-01-04 13:29:17] local.INFO: #33 /vendor/laravel/framework/src/Illuminate/Pipeline/Pipeline.php:151  
[2019-01-04 13:29:17] local.INFO: #34 /vendor/laravel/framework/src/Illuminate/Routing/Pipeline.php:53  
[2019-01-04 13:29:17] local.INFO: #35 /vendor/laravel/framework/src/Illuminate/View/Middleware/ShareErrorsFromSession.php:49  
[2019-01-04 13:29:17] local.INFO: #36 /vendor/laravel/framework/src/Illuminate/Pipeline/Pipeline.php:151  
[2019-01-04 13:29:17] local.INFO: #37 /vendor/laravel/framework/src/Illuminate/Routing/Pipeline.php:53  
[2019-01-04 13:29:17] local.INFO: #38 /vendor/laravel/framework/src/Illuminate/Session/Middleware/StartSession.php:63  
[2019-01-04 13:29:17] local.INFO: #39 /vendor/laravel/framework/src/Illuminate/Pipeline/Pipeline.php:151  
[2019-01-04 13:29:17] local.INFO: #40 /vendor/laravel/framework/src/Illuminate/Routing/Pipeline.php:53  
[2019-01-04 13:29:17] local.INFO: #41 /vendor/laravel/framework/src/Illuminate/Cookie/Middleware/AddQueuedCookiesToResponse.php:37  
[2019-01-04 13:29:17] local.INFO: #42 /vendor/laravel/framework/src/Illuminate/Pipeline/Pipeline.php:151  
[2019-01-04 13:29:17] local.INFO: #43 /vendor/laravel/framework/src/Illuminate/Routing/Pipeline.php:53  
[2019-01-04 13:29:17] local.INFO: #44 /vendor/laravel/framework/src/Illuminate/Cookie/Middleware/EncryptCookies.php:59  
[2019-01-04 13:29:17] local.INFO: #45 /vendor/laravel/framework/src/Illuminate/Pipeline/Pipeline.php:151  
[2019-01-04 13:29:17] local.INFO: #46 /vendor/laravel/framework/src/Illuminate/Routing/Pipeline.php:53  
[2019-01-04 13:29:17] local.INFO: #47 /vendor/laravel/framework/src/Illuminate/Pipeline/Pipeline.php:104  
[2019-01-04 13:29:17] local.INFO: #48 /vendor/laravel/framework/src/Illuminate/Routing/Router.php:667  
[2019-01-04 13:29:17] local.INFO: #49 /vendor/laravel/framework/src/Illuminate/Routing/Router.php:642  
[2019-01-04 13:30:09] local.INFO: 创建数据库备份成功  
[2019-01-04 13:30:12] local.INFO: 最新数据库备份发送邮件成功  
[2019-01-04 14:00:08] local.INFO: 创建数据库备份成功  
[2019-01-04 14:00:12] local.INFO: 最新数据库备份发送邮件成功  
[2019-01-04 14:00:13] local.INFO: 整机产品更新价格成功！  
[2019-01-04 14:00:13] local.INFO: 自建产品更新价格成功！  
[2019-01-04 14:19:02] local.ERROR: Method Illuminate\Http\Request::expect does not exist. (View: /home/vagrant/Code/wasosystem/resources/views/admin/product_goods/updatePrices.blade.php) {"userId":47,"email":"15208128210@qq.com","exception":"[object] (ErrorException(code: 0): Method Illuminate\\Http\\Request::expect does not exist. (View: /home/vagrant/Code/wasosystem/resources/views/admin/product_goods/updatePrices.blade.php) at /home/vagrant/Code/wasosystem/vendor/laravel/framework/src/Illuminate/Support/Traits/Macroable.php:99, BadMethodCallException(code: 0): Method Illuminate\\Http\\Request::expect does not exist. at /home/vagrant/Code/wasosystem/vendor/laravel/framework/src/Illuminate/Support/Traits/Macroable.php:99)
[stacktrace]
#0 /home/vagrant/Code/wasosystem/vendor/laravel/framework/src/Illuminate/View/Engines/PhpEngine.php(45): Illuminate\\View\\Engines\\CompilerEngine->handleViewException(Object(BadMethodCallException), 1)
#1 /home/vagrant/Code/wasosystem/vendor/laravel/framework/src/Illuminate/View/Engines/CompilerEngine.php(59): Illuminate\\View\\Engines\\PhpEngine->evaluatePath('/home/vagrant/C...', Array)
#2 /home/vagrant/Code/wasosystem/vendor/laravel/framework/src/Illuminate/View/View.php(142): Illuminate\\View\\Engines\\CompilerEngine->get('/home/vagrant/C...', Array)
#3 /home/vagrant/Code/wasosystem/vendor/laravel/framework/src/Illuminate/View/View.php(125): Illuminate\\View\\View->getContents()
#4 /home/vagrant/Code/wasosystem/vendor/laravel/framework/src/Illuminate/View/View.php(90): Illuminate\\View\\View->renderContents()
#5 /home/vagrant/Code/wasosystem/vendor/laravel/framework/src/Illuminate/Http/Response.php(42): Illuminate\\View\\View->render()
#6 /home/vagrant/Code/wasosystem/vendor/symfony/http-foundation/Response.php(202): Illuminate\\Http\\Response->setContent(Object(Illuminate\\View\\View))
#7 /home/vagrant/Code/wasosystem/vendor/laravel/framework/src/Illuminate/Routing/Router.php(733): Symfony\\Component\\HttpFoundation\\Response->__construct(Object(Illuminate\\View\\View))
#8 /home/vagrant/Code/wasosystem/vendor/laravel/framework/src/Illuminate/Routing/Router.php(705): Illuminate\\Routing\\Router::toResponse(Object(Illuminate\\Http\\Request), Object(Illuminate\\View\\View))
#9 /home/vagrant/Code/wasosystem/vendor/laravel/framework/src/Illuminate/Routing/Router.php(665): Illuminate\\Routing\\Router->prepareResponse(Object(Illuminate\\Http\\Request), Object(Illuminate\\View\\View))
#10 /home/vagrant/Code/wasosystem/vendor/laravel/framework/src/Illuminate/Routing/Pipeline.php(30): Illuminate\\Routing\\Router->Illuminate\\Routing\\{closure}(Object(Illuminate\\Http\\Request))
#11 /home/vagrant/Code/wasosystem/app/Http/Middleware/OperationLog.php(32): Illuminate\\Routing\\Pipeline->Illuminate\\Routing\\{closure}(Object(Illuminate\\Http\\Request))
#12 /home/vagrant/Code/wasosystem/vendor/laravel/framework/src/Illuminate/Pipeline/Pipeline.php(151): App\\Http\\Middleware\\OperationLog->handle(Object(Illuminate\\Http\\Request), Object(Closure))
#13 /home/vagrant/Code/wasosystem/vendor/laravel/framework/src/Illuminate/Routing/Pipeline.php(53): Illuminate\\Pipeline\\Pipeline->Illuminate\\Pipeline\\{closure}(Object(Illuminate\\Http\\Request))
#14 /home/vagrant/Code/wasosystem/vendor/laravel/framework/src/Illuminate/Routing/Middleware/SubstituteBindings.php(41): Illuminate\\Routing\\Pipeline->Illuminate\\Routing\\{closure}(Object(Illuminate\\Http\\Request))
#15 /home/vagrant/Code/wasosystem/vendor/laravel/framework/src/Illuminate/Pipeline/Pipeline.php(151): Illuminate\\Routing\\Middleware\\SubstituteBindings->handle(Object(Illuminate\\Http\\Request), Object(Closure))
#16 /home/vagrant/Code/wasosystem/vendor/laravel/framework/src/Illuminate/Routing/Pipeline.php(53): Illuminate\\Pipeline\\Pipeline->Illuminate\\Pipeline\\{closure}(Object(Illuminate\\Http\\Request))
#17 /home/vagrant/Code/wasosystem/vendor/laravel/framework/src/Illuminate/Foundation/Http/Middleware/VerifyCsrfToken.php(67): Illuminate\\Routing\\Pipeline->Illuminate\\Routing\\{closure}(Object(Illuminate\\Http\\Request))
#18 /home/vagrant/Code/wasosystem/vendor/laravel/framework/src/Illuminate/Pipeline/Pipeline.php(151): Illuminate\\Foundation\\Http\\Middleware\\VerifyCsrfToken->handle(Object(Illuminate\\Http\\Request), Object(Closure))
#19 /home/vagrant/Code/wasosystem/vendor/laravel/framework/src/Illuminate/Routing/Pipeline.php(53): Illuminate\\Pipeline\\Pipeline->Illuminate\\Pipeline\\{closure}(Object(Illuminate\\Http\\Request))
#20 /home/vagrant/Code/wasosystem/vendor/laravel/framework/src/Illuminate/View/Middleware/ShareErrorsFromSession.php(49): Illuminate\\Routing\\Pipeline->Illuminate\\Routing\\{closure}(Object(Illuminate\\Http\\Request))
#21 /home/vagrant/Code/wasosystem/vendor/laravel/framework/src/Illuminate/Pipeline/Pipeline.php(151): Illuminate\\View\\Middleware\\ShareErrorsFromSession->handle(Object(Illuminate\\Http\\Request), Object(Closure))
#22 /home/vagrant/Code/wasosystem/vendor/laravel/framework/src/Illuminate/Routing/Pipeline.php(53): Illuminate\\Pipeline\\Pipeline->Illuminate\\Pipeline\\{closure}(Object(Illuminate\\Http\\Request))
#23 /home/vagrant/Code/wasosystem/vendor/laravel/framework/src/Illuminate/Session/Middleware/StartSession.php(63): Illuminate\\Routing\\Pipeline->Illuminate\\Routing\\{closure}(Object(Illuminate\\Http\\Request))
#24 /home/vagrant/Code/wasosystem/vendor/laravel/framework/src/Illuminate/Pipeline/Pipeline.php(151): Illuminate\\Session\\Middleware\\StartSession->handle(Object(Illuminate\\Http\\Request), Object(Closure))
#25 /home/vagrant/Code/wasosystem/vendor/laravel/framework/src/Illuminate/Routing/Pipeline.php(53): Illuminate\\Pipeline\\Pipeline->Illuminate\\Pipeline\\{closure}(Object(Illuminate\\Http\\Request))
#26 /home/vagrant/Code/wasosystem/vendor/laravel/framework/src/Illuminate/Cookie/Middleware/AddQueuedCookiesToResponse.php(37): Illuminate\\Routing\\Pipeline->Illuminate\\Routing\\{closure}(Object(Illuminate\\Http\\Request))
#27 /home/vagrant/Code/wasosystem/vendor/laravel/framework/src/Illuminate/Pipeline/Pipeline.php(151): Illuminate\\Cookie\\Middleware\\AddQueuedCookiesToResponse->handle(Object(Illuminate\\Http\\Request), Object(Closure))
#28 /home/vagrant/Code/wasosystem/vendor/laravel/framework/src/Illuminate/Routing/Pipeline.php(53): Illuminate\\Pipeline\\Pipeline->Illuminate\\Pipeline\\{closure}(Object(Illuminate\\Http\\Request))
#29 /home/vagrant/Code/wasosystem/vendor/laravel/framework/src/Illuminate/Cookie/Middleware/EncryptCookies.php(59): Illuminate\\Routing\\Pipeline->Illuminate\\Routing\\{closure}(Object(Illuminate\\Http\\Request))
#30 /home/vagrant/Code/wasosystem/vendor/laravel/framework/src/Illuminate/Pipeline/Pipeline.php(151): Illuminate\\Cookie\\Middleware\\EncryptCookies->handle(Object(Illuminate\\Http\\Request), Object(Closure))
#31 /home/vagrant/Code/wasosystem/vendor/laravel/framework/src/Illuminate/Routing/Pipeline.php(53): Illuminate\\Pipeline\\Pipeline->Illuminate\\Pipeline\\{closure}(Object(Illuminate\\Http\\Request))
#32 /home/vagrant/Code/wasosystem/vendor/laravel/framework/src/Illuminate/Pipeline/Pipeline.php(104): Illuminate\\Routing\\Pipeline->Illuminate\\Routing\\{closure}(Object(Illuminate\\Http\\Request))
#33 /home/vagrant/Code/wasosystem/vendor/laravel/framework/src/Illuminate/Routing/Router.php(667): Illuminate\\Pipeline\\Pipeline->then(Object(Closure))
#34 /home/vagrant/Code/wasosystem/vendor/laravel/framework/src/Illuminate/Routing/Router.php(642): Illuminate\\Routing\\Router->runRouteWithinStack(Object(Illuminate\\Routing\\Route), Object(Illuminate\\Http\\Request))
#35 /home/vagrant/Code/wasosystem/vendor/laravel/framework/src/Illuminate/Routing/Router.php(608): Illuminate\\Routing\\Router->runRoute(Object(Illuminate\\Http\\Request), Object(Illuminate\\Routing\\Route))
#36 /home/vagrant/Code/wasosystem/vendor/laravel/framework/src/Illuminate/Routing/Router.php(597): Illuminate\\Routing\\Router->dispatchToRoute(Object(Illuminate\\Http\\Request))
#37 /home/vagrant/Code/wasosystem/vendor/laravel/framework/src/Illuminate/Foundation/Http/Kernel.php(176): Illuminate\\Routing\\Router->dispatch(Object(Illuminate\\Http\\Request))
#38 /home/vagrant/Code/wasosystem/vendor/laravel/framework/src/Illuminate/Routing/Pipeline.php(30): Illuminate\\Foundation\\Http\\Kernel->Illuminate\\Foundation\\Http\\{closure}(Object(Illuminate\\Http\\Request))
#39 /home/vagrant/Code/wasosystem/vendor/beyondcode/laravel-query-detector/src/QueryDetectorMiddleware.php(33): Illuminate\\Routing\\Pipeline->Illuminate\\Routing\\{closure}(Object(Illuminate\\Http\\Request))
#40 /home/vagrant/Code/wasosystem/vendor/laravel/framework/src/Illuminate/Pipeline/Pipeline.php(151): BeyondCode\\QueryDetector\\QueryDetectorMiddleware->handle(Object(Illuminate\\Http\\Request), Object(Closure))
#41 /home/vagrant/Code/wasosystem/vendor/laravel/framework/src/Illuminate/Routing/Pipeline.php(53): Illuminate\\Pipeline\\Pipeline->Illuminate\\Pipeline\\{closure}(Object(Illuminate\\Http\\Request))
#42 /home/vagrant/Code/wasosystem/vendor/barryvdh/laravel-debugbar/src/Middleware/InjectDebugbar.php(65): Illuminate\\Routing\\Pipeline->Illuminate\\Routing\\{closure}(Object(Illuminate\\Http\\Request))
#43 /home/vagrant/Code/wasosystem/vendor/laravel/framework/src/Illuminate/Pipeline/Pipeline.php(151): Barryvdh\\Debugbar\\Middleware\\InjectDebugbar->handle(Object(Illuminate\\Http\\Request), Object(Closure))
#44 /home/vagrant/Code/wasosystem/vendor/laravel/framework/src/Illuminate/Routing/Pipeline.php(53): Illuminate\\Pipeline\\Pipeline->Illuminate\\Pipeline\\{closure}(Object(Illuminate\\Http\\Request))
#45 /home/vagrant/Code/wasosystem/vendor/fideloper/proxy/src/TrustProxies.php(57): Illuminate\\Routing\\Pipeline->Illuminate\\Routing\\{closure}(Object(Illuminate\\Http\\Request))
#46 /home/vagrant/Code/wasosystem/vendor/laravel/framework/src/Illuminate/Pipeline/Pipeline.php(151): Fideloper\\Proxy\\TrustProxies->handle(Object(Illuminate\\Http\\Request), Object(Closure))
#47 /home/vagrant/Code/wasosystem/vendor/laravel/framework/src/Illuminate/Routing/Pipeline.php(53): Illuminate\\Pipeline\\Pipeline->Illuminate\\Pipeline\\{closure}(Object(Illuminate\\Http\\Request))
#48 /home/vagrant/Code/wasosystem/vendor/laravel/framework/src/Illuminate/Foundation/Http/Middleware/TransformsRequest.php(31): Illuminate\\Routing\\Pipeline->Illuminate\\Routing\\{closure}(Object(Illuminate\\Http\\Request))
#49 /home/vagrant/Code/wasosystem/vendor/laravel/framework/src/Illuminate/Pipeline/Pipeline.php(151): Illuminate\\Foundation\\Http\\Middleware\\TransformsRequest->handle(Object(Illuminate\\Http\\Request), Object(Closure))
#50 /home/vagrant/Code/wasosystem/vendor/laravel/framework/src/Illuminate/Routing/Pipeline.php(53): Illuminate\\Pipeline\\Pipeline->Illuminate\\Pipeline\\{closure}(Object(Illuminate\\Http\\Request))
#51 /home/vagrant/Code/wasosystem/vendor/laravel/framework/src/Illuminate/Foundation/Http/Middleware/TransformsRequest.php(31): Illuminate\\Routing\\Pipeline->Illuminate\\Routing\\{closure}(Object(Illuminate\\Http\\Request))
#52 /home/vagrant/Code/wasosystem/vendor/laravel/framework/src/Illuminate/Pipeline/Pipeline.php(151): Illuminate\\Foundation\\Http\\Middleware\\TransformsRequest->handle(Object(Illuminate\\Http\\Request), Object(Closure))
#53 /home/vagrant/Code/wasosystem/vendor/laravel/framework/src/Illuminate/Routing/Pipeline.php(53): Illuminate\\Pipeline\\Pipeline->Illuminate\\Pipeline\\{closure}(Object(Illuminate\\Http\\Request))
#54 /home/vagrant/Code/wasosystem/vendor/laravel/framework/src/Illuminate/Foundation/Http/Middleware/ValidatePostSize.php(27): Illuminate\\Routing\\Pipeline->Illuminate\\Routing\\{closure}(Object(Illuminate\\Http\\Request))
#55 /home/vagrant/Code/wasosystem/vendor/laravel/framework/src/Illuminate/Pipeline/Pipeline.php(151): Illuminate\\Foundation\\Http\\Middleware\\ValidatePostSize->handle(Object(Illuminate\\Http\\Request), Object(Closure))
#56 /home/vagrant/Code/wasosystem/vendor/laravel/framework/src/Illuminate/Routing/Pipeline.php(53): Illuminate\\Pipeline\\Pipeline->Illuminate\\Pipeline\\{closure}(Object(Illuminate\\Http\\Request))
#57 /home/vagrant/Code/wasosystem/vendor/laravel/framework/src/Illuminate/Foundation/Http/Middleware/CheckForMaintenanceMode.php(62): Illuminate\\Routing\\Pipeline->Illuminate\\Routing\\{closure}(Object(Illuminate\\Http\\Request))
#58 /home/vagrant/Code/wasosystem/vendor/laravel/framework/src/Illuminate/Pipeline/Pipeline.php(151): Illuminate\\Foundation\\Http\\Middleware\\CheckForMaintenanceMode->handle(Object(Illuminate\\Http\\Request), Object(Closure))
#59 /home/vagrant/Code/wasosystem/vendor/laravel/framework/src/Illuminate/Routing/Pipeline.php(53): Illuminate\\Pipeline\\Pipeline->Illuminate\\Pipeline\\{closure}(Object(Illuminate\\Http\\Request))
#60 /home/vagrant/Code/wasosystem/vendor/dingo/api/src/Http/Middleware/Request.php(111): Illuminate\\Routing\\Pipeline->Illuminate\\Routing\\{closure}(Object(Illuminate\\Http\\Request))
#61 /home/vagrant/Code/wasosystem/vendor/laravel/framework/src/Illuminate/Pipeline/Pipeline.php(151): Dingo\\Api\\Http\\Middleware\\Request->handle(Object(Illuminate\\Http\\Request), Object(Closure))
#62 /home/vagrant/Code/wasosystem/vendor/laravel/framework/src/Illuminate/Routing/Pipeline.php(53): Illuminate\\Pipeline\\Pipeline->Illuminate\\Pipeline\\{closure}(Object(Illuminate\\Http\\Request))
#63 /home/vagrant/Code/wasosystem/vendor/laravel/framework/src/Illuminate/Pipeline/Pipeline.php(104): Illuminate\\Routing\\Pipeline->Illuminate\\Routing\\{closure}(Object(Illuminate\\Http\\Request))
#64 /home/vagrant/Code/wasosystem/vendor/laravel/framework/src/Illuminate/Foundation/Http/Kernel.php(151): Illuminate\\Pipeline\\Pipeline->then(Object(Closure))
#65 /home/vagrant/Code/wasosystem/vendor/laravel/framework/src/Illuminate/Foundation/Http/Kernel.php(116): Illuminate\\Foundation\\Http\\Kernel->sendRequestThroughRouter(Object(Illuminate\\Http\\Request))
#66 /home/vagrant/Code/wasosystem/public/index.php(55): Illuminate\\Foundation\\Http\\Kernel->handle(Object(Illuminate\\Http\\Request))
#67 {main}
"} 
[2019-01-04 14:19:31] local.ERROR: syntax error, unexpected ';', expecting ',' or ')' (View: /home/vagrant/Code/wasosystem/resources/views/admin/product_goods/updatePrices.blade.php) {"userId":47,"email":"15208128210@qq.com","exception":"[object] (ErrorException(code: 0): syntax error, unexpected ';', expecting ',' or ')' (View: /home/vagrant/Code/wasosystem/resources/views/admin/product_goods/updatePrices.blade.php) at /home/vagrant/Code/wasosystem/storage/framework/views/f4901cf09aaaf37412fe891cc1988123d39e04f5.php:87, Symfony\\Component\\Debug\\Exception\\FatalThrowableError(code: 0): syntax error, unexpected ';', expecting ',' or ')' at /home/vagrant/Code/wasosystem/storage/framework/views/f4901cf09aaaf37412fe891cc1988123d39e04f5.php:87)
[stacktrace]
#0 /home/vagrant/Code/wasosystem/vendor/laravel/framework/src/Illuminate/View/Engines/PhpEngine.php(47): Illuminate\\View\\Engines\\CompilerEngine->handleViewException(Object(Symfony\\Component\\Debug\\Exception\\FatalThrowableError), 1)
#1 /home/vagrant/Code/wasosystem/vendor/laravel/framework/src/Illuminate/View/Engines/CompilerEngine.php(59): Illuminate\\View\\Engines\\PhpEngine->evaluatePath('/home/vagrant/C...', Array)
#2 /home/vagrant/Code/wasosystem/vendor/laravel/framework/src/Illuminate/View/View.php(142): Illuminate\\View\\Engines\\CompilerEngine->get('/home/vagrant/C...', Array)
#3 /home/vagrant/Code/wasosystem/vendor/laravel/framework/src/Illuminate/View/View.php(125): Illuminate\\View\\View->getContents()
#4 /home/vagrant/Code/wasosystem/vendor/laravel/framework/src/Illuminate/View/View.php(90): Illuminate\\View\\View->renderContents()
#5 /home/vagrant/Code/wasosystem/vendor/laravel/framework/src/Illuminate/Http/Response.php(42): Illuminate\\View\\View->render()
#6 /home/vagrant/Code/wasosystem/vendor/symfony/http-foundation/Response.php(202): Illuminate\\Http\\Response->setContent(Object(Illuminate\\View\\View))
#7 /home/vagrant/Code/wasosystem/vendor/laravel/framework/src/Illuminate/Routing/Router.php(733): Symfony\\Component\\HttpFoundation\\Response->__construct(Object(Illuminate\\View\\View))
#8 /home/vagrant/Code/wasosystem/vendor/laravel/framework/src/Illuminate/Routing/Router.php(705): Illuminate\\Routing\\Router::toResponse(Object(Illuminate\\Http\\Request), Object(Illuminate\\View\\View))
#9 /home/vagrant/Code/wasosystem/vendor/laravel/framework/src/Illuminate/Routing/Router.php(665): Illuminate\\Routing\\Router->prepareResponse(Object(Illuminate\\Http\\Request), Object(Illuminate\\View\\View))
#10 /home/vagrant/Code/wasosystem/vendor/laravel/framework/src/Illuminate/Routing/Pipeline.php(30): Illuminate\\Routing\\Router->Illuminate\\Routing\\{closure}(Object(Illuminate\\Http\\Request))
#11 /home/vagrant/Code/wasosystem/app/Http/Middleware/OperationLog.php(32): Illuminate\\Routing\\Pipeline->Illuminate\\Routing\\{closure}(Object(Illuminate\\Http\\Request))
#12 /home/vagrant/Code/wasosystem/vendor/laravel/framework/src/Illuminate/Pipeline/Pipeline.php(151): App\\Http\\Middleware\\OperationLog->handle(Object(Illuminate\\Http\\Request), Object(Closure))
#13 /home/vagrant/Code/wasosystem/vendor/laravel/framework/src/Illuminate/Routing/Pipeline.php(53): Illuminate\\Pipeline\\Pipeline->Illuminate\\Pipeline\\{closure}(Object(Illuminate\\Http\\Request))
#14 /home/vagrant/Code/wasosystem/vendor/laravel/framework/src/Illuminate/Routing/Middleware/SubstituteBindings.php(41): Illuminate\\Routing\\Pipeline->Illuminate\\Routing\\{closure}(Object(Illuminate\\Http\\Request))
#15 /home/vagrant/Code/wasosystem/vendor/laravel/framework/src/Illuminate/Pipeline/Pipeline.php(151): Illuminate\\Routing\\Middleware\\SubstituteBindings->handle(Object(Illuminate\\Http\\Request), Object(Closure))
#16 /home/vagrant/Code/wasosystem/vendor/laravel/framework/src/Illuminate/Routing/Pipeline.php(53): Illuminate\\Pipeline\\Pipeline->Illuminate\\Pipeline\\{closure}(Object(Illuminate\\Http\\Request))
#17 /home/vagrant/Code/wasosystem/vendor/laravel/framework/src/Illuminate/Foundation/Http/Middleware/VerifyCsrfToken.php(67): Illuminate\\Routing\\Pipeline->Illuminate\\Routing\\{closure}(Object(Illuminate\\Http\\Request))
#18 /home/vagrant/Code/wasosystem/vendor/laravel/framework/src/Illuminate/Pipeline/Pipeline.php(151): Illuminate\\Foundation\\Http\\Middleware\\VerifyCsrfToken->handle(Object(Illuminate\\Http\\Request), Object(Closure))
#19 /home/vagrant/Code/wasosystem/vendor/laravel/framework/src/Illuminate/Routing/Pipeline.php(53): Illuminate\\Pipeline\\Pipeline->Illuminate\\Pipeline\\{closure}(Object(Illuminate\\Http\\Request))
#20 /home/vagrant/Code/wasosystem/vendor/laravel/framework/src/Illuminate/View/Middleware/ShareErrorsFromSession.php(49): Illuminate\\Routing\\Pipeline->Illuminate\\Routing\\{closure}(Object(Illuminate\\Http\\Request))
#21 /home/vagrant/Code/wasosystem/vendor/laravel/framework/src/Illuminate/Pipeline/Pipeline.php(151): Illuminate\\View\\Middleware\\ShareErrorsFromSession->handle(Object(Illuminate\\Http\\Request), Object(Closure))
#22 /home/vagrant/Code/wasosystem/vendor/laravel/framework/src/Illuminate/Routing/Pipeline.php(53): Illuminate\\Pipeline\\Pipeline->Illuminate\\Pipeline\\{closure}(Object(Illuminate\\Http\\Request))
#23 /home/vagrant/Code/wasosystem/vendor/laravel/framework/src/Illuminate/Session/Middleware/StartSession.php(63): Illuminate\\Routing\\Pipeline->Illuminate\\Routing\\{closure}(Object(Illuminate\\Http\\Request))
#24 /home/vagrant/Code/wasosystem/vendor/laravel/framework/src/Illuminate/Pipeline/Pipeline.php(151): Illuminate\\Session\\Middleware\\StartSession->handle(Object(Illuminate\\Http\\Request), Object(Closure))
#25 /home/vagrant/Code/wasosystem/vendor/laravel/framework/src/Illuminate/Routing/Pipeline.php(53): Illuminate\\Pipeline\\Pipeline->Illuminate\\Pipeline\\{closure}(Object(Illuminate\\Http\\Request))
#26 /home/vagrant/Code/wasosystem/vendor/laravel/framework/src/Illuminate/Cookie/Middleware/AddQueuedCookiesToResponse.php(37): Illuminate\\Routing\\Pipeline->Illuminate\\Routing\\{closure}(Object(Illuminate\\Http\\Request))
#27 /home/vagrant/Code/wasosystem/vendor/laravel/framework/src/Illuminate/Pipeline/Pipeline.php(151): Illuminate\\Cookie\\Middleware\\AddQueuedCookiesToResponse->handle(Object(Illuminate\\Http\\Request), Object(Closure))
#28 /home/vagrant/Code/wasosystem/vendor/laravel/framework/src/Illuminate/Routing/Pipeline.php(53): Illuminate\\Pipeline\\Pipeline->Illuminate\\Pipeline\\{closure}(Object(Illuminate\\Http\\Request))
#29 /home/vagrant/Code/wasosystem/vendor/laravel/framework/src/Illuminate/Cookie/Middleware/EncryptCookies.php(59): Illuminate\\Routing\\Pipeline->Illuminate\\Routing\\{closure}(Object(Illuminate\\Http\\Request))
#30 /home/vagrant/Code/wasosystem/vendor/laravel/framework/src/Illuminate/Pipeline/Pipeline.php(151): Illuminate\\Cookie\\Middleware\\EncryptCookies->handle(Object(Illuminate\\Http\\Request), Object(Closure))
#31 /home/vagrant/Code/wasosystem/vendor/laravel/framework/src/Illuminate/Routing/Pipeline.php(53): Illuminate\\Pipeline\\Pipeline->Illuminate\\Pipeline\\{closure}(Object(Illuminate\\Http\\Request))
#32 /home/vagrant/Code/wasosystem/vendor/laravel/framework/src/Illuminate/Pipeline/Pipeline.php(104): Illuminate\\Routing\\Pipeline->Illuminate\\Routing\\{closure}(Object(Illuminate\\Http\\Request))
#33 /home/vagrant/Code/wasosystem/vendor/laravel/framework/src/Illuminate/Routing/Router.php(667): Illuminate\\Pipeline\\Pipeline->then(Object(Closure))
#34 /home/vagrant/Code/wasosystem/vendor/laravel/framework/src/Illuminate/Routing/Router.php(642): Illuminate\\Routing\\Router->runRouteWithinStack(Object(Illuminate\\Routing\\Route), Object(Illuminate\\Http\\Request))
#35 /home/vagrant/Code/wasosystem/vendor/laravel/framework/src/Illuminate/Routing/Router.php(608): Illuminate\\Routing\\Router->runRoute(Object(Illuminate\\Http\\Request), Object(Illuminate\\Routing\\Route))
#36 /home/vagrant/Code/wasosystem/vendor/laravel/framework/src/Illuminate/Routing/Router.php(597): Illuminate\\Routing\\Router->dispatchToRoute(Object(Illuminate\\Http\\Request))
#37 /home/vagrant/Code/wasosystem/vendor/laravel/framework/src/Illuminate/Foundation/Http/Kernel.php(176): Illuminate\\Routing\\Router->dispatch(Object(Illuminate\\Http\\Request))
#38 /home/vagrant/Code/wasosystem/vendor/laravel/framework/src/Illuminate/Routing/Pipeline.php(30): Illuminate\\Foundation\\Http\\Kernel->Illuminate\\Foundation\\Http\\{closure}(Object(Illuminate\\Http\\Request))
#39 /home/vagrant/Code/wasosystem/vendor/beyondcode/laravel-query-detector/src/QueryDetectorMiddleware.php(33): Illuminate\\Routing\\Pipeline->Illuminate\\Routing\\{closure}(Object(Illuminate\\Http\\Request))
#40 /home/vagrant/Code/wasosystem/vendor/laravel/framework/src/Illuminate/Pipeline/Pipeline.php(151): BeyondCode\\QueryDetector\\QueryDetectorMiddleware->handle(Object(Illuminate\\Http\\Request), Object(Closure))
#41 /home/vagrant/Code/wasosystem/vendor/laravel/framework/src/Illuminate/Routing/Pipeline.php(53): Illuminate\\Pipeline\\Pipeline->Illuminate\\Pipeline\\{closure}(Object(Illuminate\\Http\\Request))
#42 /home/vagrant/Code/wasosystem/vendor/barryvdh/laravel-debugbar/src/Middleware/InjectDebugbar.php(65): Illuminate\\Routing\\Pipeline->Illuminate\\Routing\\{closure}(Object(Illuminate\\Http\\Request))
#43 /home/vagrant/Code/wasosystem/vendor/laravel/framework/src/Illuminate/Pipeline/Pipeline.php(151): Barryvdh\\Debugbar\\Middleware\\InjectDebugbar->handle(Object(Illuminate\\Http\\Request), Object(Closure))
#44 /home/vagrant/Code/wasosystem/vendor/laravel/framework/src/Illuminate/Routing/Pipeline.php(53): Illuminate\\Pipeline\\Pipeline->Illuminate\\Pipeline\\{closure}(Object(Illuminate\\Http\\Request))
#45 /home/vagrant/Code/wasosystem/vendor/fideloper/proxy/src/TrustProxies.php(57): Illuminate\\Routing\\Pipeline->Illuminate\\Routing\\{closure}(Object(Illuminate\\Http\\Request))
#46 /home/vagrant/Code/wasosystem/vendor/laravel/framework/src/Illuminate/Pipeline/Pipeline.php(151): Fideloper\\Proxy\\TrustProxies->handle(Object(Illuminate\\Http\\Request), Object(Closure))
#47 /home/vagrant/Code/wasosystem/vendor/laravel/framework/src/Illuminate/Routing/Pipeline.php(53): Illuminate\\Pipeline\\Pipeline->Illuminate\\Pipeline\\{closure}(Object(Illuminate\\Http\\Request))
#48 /home/vagrant/Code/wasosystem/vendor/laravel/framework/src/Illuminate/Foundation/Http/Middleware/TransformsRequest.php(31): Illuminate\\Routing\\Pipeline->Illuminate\\Routing\\{closure}(Object(Illuminate\\Http\\Request))
#49 /home/vagrant/Code/wasosystem/vendor/laravel/framework/src/Illuminate/Pipeline/Pipeline.php(151): Illuminate\\Foundation\\Http\\Middleware\\TransformsRequest->handle(Object(Illuminate\\Http\\Request), Object(Closure))
#50 /home/vagrant/Code/wasosystem/vendor/laravel/framework/src/Illuminate/Routing/Pipeline.php(53): Illuminate\\Pipeline\\Pipeline->Illuminate\\Pipeline\\{closure}(Object(Illuminate\\Http\\Request))
#51 /home/vagrant/Code/wasosystem/vendor/laravel/framework/src/Illuminate/Foundation/Http/Middleware/TransformsRequest.php(31): Illuminate\\Routing\\Pipeline->Illuminate\\Routing\\{closure}(Object(Illuminate\\Http\\Request))
#52 /home/vagrant/Code/wasosystem/vendor/laravel/framework/src/Illuminate/Pipeline/Pipeline.php(151): Illuminate\\Foundation\\Http\\Middleware\\TransformsRequest->handle(Object(Illuminate\\Http\\Request), Object(Closure))
#53 /home/vagrant/Code/wasosystem/vendor/laravel/framework/src/Illuminate/Routing/Pipeline.php(53): Illuminate\\Pipeline\\Pipeline->Illuminate\\Pipeline\\{closure}(Object(Illuminate\\Http\\Request))
#54 /home/vagrant/Code/wasosystem/vendor/laravel/framework/src/Illuminate/Foundation/Http/Middleware/ValidatePostSize.php(27): Illuminate\\Routing\\Pipeline->Illuminate\\Routing\\{closure}(Object(Illuminate\\Http\\Request))
#55 /home/vagrant/Code/wasosystem/vendor/laravel/framework/src/Illuminate/Pipeline/Pipeline.php(151): Illuminate\\Foundation\\Http\\Middleware\\ValidatePostSize->handle(Object(Illuminate\\Http\\Request), Object(Closure))
#56 /home/vagrant/Code/wasosystem/vendor/laravel/framework/src/Illuminate/Routing/Pipeline.php(53): Illuminate\\Pipeline\\Pipeline->Illuminate\\Pipeline\\{closure}(Object(Illuminate\\Http\\Request))
#57 /home/vagrant/Code/wasosystem/vendor/laravel/framework/src/Illuminate/Foundation/Http/Middleware/CheckForMaintenanceMode.php(62): Illuminate\\Routing\\Pipeline->Illuminate\\Routing\\{closure}(Object(Illuminate\\Http\\Request))
#58 /home/vagrant/Code/wasosystem/vendor/laravel/framework/src/Illuminate/Pipeline/Pipeline.php(151): Illuminate\\Foundation\\Http\\Middleware\\CheckForMaintenanceMode->handle(Object(Illuminate\\Http\\Request), Object(Closure))
#59 /home/vagrant/Code/wasosystem/vendor/laravel/framework/src/Illuminate/Routing/Pipeline.php(53): Illuminate\\Pipeline\\Pipeline->Illuminate\\Pipeline\\{closure}(Object(Illuminate\\Http\\Request))
#60 /home/vagrant/Code/wasosystem/vendor/dingo/api/src/Http/Middleware/Request.php(111): Illuminate\\Routing\\Pipeline->Illuminate\\Routing\\{closure}(Object(Illuminate\\Http\\Request))
#61 /home/vagrant/Code/wasosystem/vendor/laravel/framework/src/Illuminate/Pipeline/Pipeline.php(151): Dingo\\Api\\Http\\Middleware\\Request->handle(Object(Illuminate\\Http\\Request), Object(Closure))
#62 /home/vagrant/Code/wasosystem/vendor/laravel/framework/src/Illuminate/Routing/Pipeline.php(53): Illuminate\\Pipeline\\Pipeline->Illuminate\\Pipeline\\{closure}(Object(Illuminate\\Http\\Request))
#63 /home/vagrant/Code/wasosystem/vendor/laravel/framework/src/Illuminate/Pipeline/Pipeline.php(104): Illuminate\\Routing\\Pipeline->Illuminate\\Routing\\{closure}(Object(Illuminate\\Http\\Request))
#64 /home/vagrant/Code/wasosystem/vendor/laravel/framework/src/Illuminate/Foundation/Http/Kernel.php(151): Illuminate\\Pipeline\\Pipeline->then(Object(Closure))
#65 /home/vagrant/Code/wasosystem/vendor/laravel/framework/src/Illuminate/Foundation/Http/Kernel.php(116): Illuminate\\Foundation\\Http\\Kernel->sendRequestThroughRouter(Object(Illuminate\\Http\\Request))
#66 /home/vagrant/Code/wasosystem/public/index.php(55): Illuminate\\Foundation\\Http\\Kernel->handle(Object(Illuminate\\Http\\Request))
#67 {main}
"} 
[2019-01-04 14:28:14] local.INFO: Detected N+1 Query  
[2019-01-04 14:28:14] local.INFO: Model: App\Models\ProductGood  
[2019-01-04 14:28:14] local.INFO: Relation: App\Models\ProductFramework  
[2019-01-04 14:28:14] local.INFO: Num-Called: 2  
[2019-01-04 14:28:14] local.INFO: Call-Stack:  
[2019-01-04 14:28:14] local.INFO: #18 /app/Http/Controllers/Admin/ProductGoodController.php:42  
[2019-01-04 14:28:14] local.INFO: #21 /vendor/laravel/framework/src/Illuminate/Routing/ControllerDispatcher.php:45  
[2019-01-04 14:28:14] local.INFO: #22 /vendor/laravel/framework/src/Illuminate/Routing/Route.php:212  
[2019-01-04 14:28:14] local.INFO: #23 /vendor/laravel/framework/src/Illuminate/Routing/Route.php:169  
[2019-01-04 14:28:14] local.INFO: #24 /vendor/laravel/framework/src/Illuminate/Routing/Router.php:665  
[2019-01-04 14:28:14] local.INFO: #25 /vendor/laravel/framework/src/Illuminate/Routing/Pipeline.php:30  
[2019-01-04 14:28:14] local.INFO: #26 /app/Http/Middleware/OperationLog.php:32  
[2019-01-04 14:28:14] local.INFO: #27 /vendor/laravel/framework/src/Illuminate/Pipeline/Pipeline.php:151  
[2019-01-04 14:28:14] local.INFO: #28 /vendor/laravel/framework/src/Illuminate/Routing/Pipeline.php:53  
[2019-01-04 14:28:14] local.INFO: #29 /vendor/laravel/framework/src/Illuminate/Routing/Middleware/SubstituteBindings.php:41  
[2019-01-04 14:28:14] local.INFO: #30 /vendor/laravel/framework/src/Illuminate/Pipeline/Pipeline.php:151  
[2019-01-04 14:28:14] local.INFO: #31 /vendor/laravel/framework/src/Illuminate/Routing/Pipeline.php:53  
[2019-01-04 14:28:14] local.INFO: #32 /vendor/laravel/framework/src/Illuminate/Foundation/Http/Middleware/VerifyCsrfToken.php:67  
[2019-01-04 14:28:14] local.INFO: #33 /vendor/laravel/framework/src/Illuminate/Pipeline/Pipeline.php:151  
[2019-01-04 14:28:14] local.INFO: #34 /vendor/laravel/framework/src/Illuminate/Routing/Pipeline.php:53  
[2019-01-04 14:28:14] local.INFO: #35 /vendor/laravel/framework/src/Illuminate/View/Middleware/ShareErrorsFromSession.php:49  
[2019-01-04 14:28:14] local.INFO: #36 /vendor/laravel/framework/src/Illuminate/Pipeline/Pipeline.php:151  
[2019-01-04 14:28:14] local.INFO: #37 /vendor/laravel/framework/src/Illuminate/Routing/Pipeline.php:53  
[2019-01-04 14:28:14] local.INFO: #38 /vendor/laravel/framework/src/Illuminate/Session/Middleware/StartSession.php:63  
[2019-01-04 14:28:14] local.INFO: #39 /vendor/laravel/framework/src/Illuminate/Pipeline/Pipeline.php:151  
[2019-01-04 14:28:14] local.INFO: #40 /vendor/laravel/framework/src/Illuminate/Routing/Pipeline.php:53  
[2019-01-04 14:28:14] local.INFO: #41 /vendor/laravel/framework/src/Illuminate/Cookie/Middleware/AddQueuedCookiesToResponse.php:37  
[2019-01-04 14:28:14] local.INFO: #42 /vendor/laravel/framework/src/Illuminate/Pipeline/Pipeline.php:151  
[2019-01-04 14:28:14] local.INFO: #43 /vendor/laravel/framework/src/Illuminate/Routing/Pipeline.php:53  
[2019-01-04 14:28:14] local.INFO: #44 /vendor/laravel/framework/src/Illuminate/Cookie/Middleware/EncryptCookies.php:59  
[2019-01-04 14:28:14] local.INFO: #45 /vendor/laravel/framework/src/Illuminate/Pipeline/Pipeline.php:151  
[2019-01-04 14:28:14] local.INFO: #46 /vendor/laravel/framework/src/Illuminate/Routing/Pipeline.php:53  
[2019-01-04 14:28:14] local.INFO: #47 /vendor/laravel/framework/src/Illuminate/Pipeline/Pipeline.php:104  
[2019-01-04 14:28:14] local.INFO: #48 /vendor/laravel/framework/src/Illuminate/Routing/Router.php:667  
[2019-01-04 14:28:14] local.INFO: #49 /vendor/laravel/framework/src/Illuminate/Routing/Router.php:642  
[2019-01-04 14:30:07] local.INFO: 创建数据库备份成功  
[2019-01-04 14:30:12] local.INFO: 最新数据库备份发送邮件成功  
[2019-01-04 15:00:09] local.INFO: 创建数据库备份成功  
[2019-01-04 15:00:14] local.INFO: 最新数据库备份发送邮件成功  
[2019-01-04 15:00:14] local.INFO: 整机产品更新价格成功！  
[2019-01-04 15:00:14] local.INFO: 自建产品更新价格成功！  
[2019-01-04 15:09:42] local.INFO: Detected N+1 Query  
[2019-01-04 15:09:42] local.INFO: Model: App\Models\Order  
[2019-01-04 15:09:42] local.INFO: Relation: order_demand_management  
[2019-01-04 15:09:42] local.INFO: Num-Called: 20  
[2019-01-04 15:09:42] local.INFO: Call-Stack:  
[2019-01-04 15:09:42] local.INFO: #17 /storage/framework/views/afea7962be748ac5a3f60f0ddb284740d9247a11.php:74  
[2019-01-04 15:09:42] local.INFO: #19 /vendor/laravel/framework/src/Illuminate/View/Engines/CompilerEngine.php:59  
[2019-01-04 15:09:42] local.INFO: #20 /vendor/laravel/framework/src/Illuminate/View/View.php:142  
[2019-01-04 15:09:42] local.INFO: #21 /vendor/laravel/framework/src/Illuminate/View/View.php:125  
[2019-01-04 15:09:42] local.INFO: #22 /vendor/laravel/framework/src/Illuminate/View/View.php:90  
[2019-01-04 15:09:42] local.INFO: #23 /vendor/laravel/framework/src/Illuminate/Http/Response.php:42  
[2019-01-04 15:09:42] local.INFO: #24 /vendor/symfony/http-foundation/Response.php:202  
[2019-01-04 15:09:42] local.INFO: #25 /vendor/laravel/framework/src/Illuminate/Routing/Router.php:733  
[2019-01-04 15:09:42] local.INFO: #26 /vendor/laravel/framework/src/Illuminate/Routing/Router.php:705  
[2019-01-04 15:09:42] local.INFO: #27 /vendor/laravel/framework/src/Illuminate/Routing/Router.php:665  
[2019-01-04 15:09:42] local.INFO: #28 /vendor/laravel/framework/src/Illuminate/Routing/Pipeline.php:30  
[2019-01-04 15:09:42] local.INFO: #29 /app/Http/Middleware/AdminAuthMiddleware.php:26  
[2019-01-04 15:09:42] local.INFO: #30 /vendor/laravel/framework/src/Illuminate/Pipeline/Pipeline.php:151  
[2019-01-04 15:09:42] local.INFO: #31 /vendor/laravel/framework/src/Illuminate/Routing/Pipeline.php:53  
[2019-01-04 15:09:42] local.INFO: #32 /app/Http/Middleware/OperationLog.php:32  
[2019-01-04 15:09:42] local.INFO: #33 /vendor/laravel/framework/src/Illuminate/Pipeline/Pipeline.php:151  
[2019-01-04 15:09:42] local.INFO: #34 /vendor/laravel/framework/src/Illuminate/Routing/Pipeline.php:53  
[2019-01-04 15:09:42] local.INFO: #35 /vendor/laravel/framework/src/Illuminate/Routing/Middleware/SubstituteBindings.php:41  
[2019-01-04 15:09:42] local.INFO: #36 /vendor/laravel/framework/src/Illuminate/Pipeline/Pipeline.php:151  
[2019-01-04 15:09:42] local.INFO: #37 /vendor/laravel/framework/src/Illuminate/Routing/Pipeline.php:53  
[2019-01-04 15:09:42] local.INFO: #38 /vendor/laravel/framework/src/Illuminate/Foundation/Http/Middleware/VerifyCsrfToken.php:67  
[2019-01-04 15:09:42] local.INFO: #39 /vendor/laravel/framework/src/Illuminate/Pipeline/Pipeline.php:151  
[2019-01-04 15:09:42] local.INFO: #40 /vendor/laravel/framework/src/Illuminate/Routing/Pipeline.php:53  
[2019-01-04 15:09:42] local.INFO: #41 /vendor/laravel/framework/src/Illuminate/View/Middleware/ShareErrorsFromSession.php:49  
[2019-01-04 15:09:42] local.INFO: #42 /vendor/laravel/framework/src/Illuminate/Pipeline/Pipeline.php:151  
[2019-01-04 15:09:42] local.INFO: #43 /vendor/laravel/framework/src/Illuminate/Routing/Pipeline.php:53  
[2019-01-04 15:09:42] local.INFO: #44 /vendor/laravel/framework/src/Illuminate/Session/Middleware/StartSession.php:63  
[2019-01-04 15:09:42] local.INFO: #45 /vendor/laravel/framework/src/Illuminate/Pipeline/Pipeline.php:151  
[2019-01-04 15:09:42] local.INFO: #46 /vendor/laravel/framework/src/Illuminate/Routing/Pipeline.php:53  
[2019-01-04 15:09:42] local.INFO: #47 /vendor/laravel/framework/src/Illuminate/Cookie/Middleware/AddQueuedCookiesToResponse.php:37  
[2019-01-04 15:09:42] local.INFO: #48 /vendor/laravel/framework/src/Illuminate/Pipeline/Pipeline.php:151  
[2019-01-04 15:09:42] local.INFO: #49 /vendor/laravel/framework/src/Illuminate/Routing/Pipeline.php:53  
[2019-01-04 15:09:45] local.INFO: Detected N+1 Query  
[2019-01-04 15:09:45] local.INFO: Model: App\Models\Order  
[2019-01-04 15:09:45] local.INFO: Relation: order_demand_management  
[2019-01-04 15:09:45] local.INFO: Num-Called: 6  
[2019-01-04 15:09:45] local.INFO: Call-Stack:  
[2019-01-04 15:09:45] local.INFO: #17 /storage/framework/views/afea7962be748ac5a3f60f0ddb284740d9247a11.php:74  
[2019-01-04 15:09:45] local.INFO: #19 /vendor/laravel/framework/src/Illuminate/View/Engines/CompilerEngine.php:59  
[2019-01-04 15:09:45] local.INFO: #20 /vendor/laravel/framework/src/Illuminate/View/View.php:142  
[2019-01-04 15:09:45] local.INFO: #21 /vendor/laravel/framework/src/Illuminate/View/View.php:125  
[2019-01-04 15:09:45] local.INFO: #22 /vendor/laravel/framework/src/Illuminate/View/View.php:90  
[2019-01-04 15:09:45] local.INFO: #23 /vendor/laravel/framework/src/Illuminate/Http/Response.php:42  
[2019-01-04 15:09:45] local.INFO: #24 /vendor/symfony/http-foundation/Response.php:202  
[2019-01-04 15:09:45] local.INFO: #25 /vendor/laravel/framework/src/Illuminate/Routing/Router.php:733  
[2019-01-04 15:09:45] local.INFO: #26 /vendor/laravel/framework/src/Illuminate/Routing/Router.php:705  
[2019-01-04 15:09:45] local.INFO: #27 /vendor/laravel/framework/src/Illuminate/Routing/Router.php:665  
[2019-01-04 15:09:45] local.INFO: #28 /vendor/laravel/framework/src/Illuminate/Routing/Pipeline.php:30  
[2019-01-04 15:09:45] local.INFO: #29 /app/Http/Middleware/AdminAuthMiddleware.php:26  
[2019-01-04 15:09:45] local.INFO: #30 /vendor/laravel/framework/src/Illuminate/Pipeline/Pipeline.php:151  
[2019-01-04 15:09:45] local.INFO: #31 /vendor/laravel/framework/src/Illuminate/Routing/Pipeline.php:53  
[2019-01-04 15:09:45] local.INFO: #32 /app/Http/Middleware/OperationLog.php:32  
[2019-01-04 15:09:45] local.INFO: #33 /vendor/laravel/framework/src/Illuminate/Pipeline/Pipeline.php:151  
[2019-01-04 15:09:45] local.INFO: #34 /vendor/laravel/framework/src/Illuminate/Routing/Pipeline.php:53  
[2019-01-04 15:09:45] local.INFO: #35 /vendor/laravel/framework/src/Illuminate/Routing/Middleware/SubstituteBindings.php:41  
[2019-01-04 15:09:45] local.INFO: #36 /vendor/laravel/framework/src/Illuminate/Pipeline/Pipeline.php:151  
[2019-01-04 15:09:45] local.INFO: #37 /vendor/laravel/framework/src/Illuminate/Routing/Pipeline.php:53  
[2019-01-04 15:09:45] local.INFO: #38 /vendor/laravel/framework/src/Illuminate/Foundation/Http/Middleware/VerifyCsrfToken.php:67  
[2019-01-04 15:09:45] local.INFO: #39 /vendor/laravel/framework/src/Illuminate/Pipeline/Pipeline.php:151  
[2019-01-04 15:09:45] local.INFO: #40 /vendor/laravel/framework/src/Illuminate/Routing/Pipeline.php:53  
[2019-01-04 15:09:45] local.INFO: #41 /vendor/laravel/framework/src/Illuminate/View/Middleware/ShareErrorsFromSession.php:49  
[2019-01-04 15:09:45] local.INFO: #42 /vendor/laravel/framework/src/Illuminate/Pipeline/Pipeline.php:151  
[2019-01-04 15:09:45] local.INFO: #43 /vendor/laravel/framework/src/Illuminate/Routing/Pipeline.php:53  
[2019-01-04 15:09:45] local.INFO: #44 /vendor/laravel/framework/src/Illuminate/Session/Middleware/StartSession.php:63  
[2019-01-04 15:09:45] local.INFO: #45 /vendor/laravel/framework/src/Illuminate/Pipeline/Pipeline.php:151  
[2019-01-04 15:09:45] local.INFO: #46 /vendor/laravel/framework/src/Illuminate/Routing/Pipeline.php:53  
[2019-01-04 15:09:45] local.INFO: #47 /vendor/laravel/framework/src/Illuminate/Cookie/Middleware/AddQueuedCookiesToResponse.php:37  
[2019-01-04 15:09:45] local.INFO: #48 /vendor/laravel/framework/src/Illuminate/Pipeline/Pipeline.php:151  
[2019-01-04 15:09:45] local.INFO: #49 /vendor/laravel/framework/src/Illuminate/Routing/Pipeline.php:53  
[2019-01-04 15:18:26] local.NOTICE: 813-周应伟 | GET waso/orders/search | 提交的参数：{"username":"n"} | 127.0.0.0 中国 成都市 (本地调试) 四川  
[2019-01-04 15:18:29] local.NOTICE: 813-周应伟 | GET waso/orders/search | 提交的参数：{"username":"ne"} | 127.0.0.0 中国 成都市 (本地调试) 四川  
[2019-01-04 15:18:31] local.NOTICE: 813-周应伟 | GET waso/orders/search | 提交的参数：{"username":"new"} | 127.0.0.0 中国 成都市 (本地调试) 四川  
[2019-01-04 15:30:07] local.INFO: 创建数据库备份成功  
[2019-01-04 15:30:15] local.INFO: 最新数据库备份发送邮件成功  
[2019-01-04 15:34:44] local.INFO: Detected N+1 Query  
[2019-01-04 15:34:44] local.INFO: Model: App\Models\Order  
[2019-01-04 15:34:44] local.INFO: Relation: order_demand_management  
[2019-01-04 15:34:44] local.INFO: Num-Called: 6  
[2019-01-04 15:34:44] local.INFO: Call-Stack:  
[2019-01-04 15:34:44] local.INFO: #17 /storage/framework/views/afea7962be748ac5a3f60f0ddb284740d9247a11.php:74  
[2019-01-04 15:34:44] local.INFO: #19 /vendor/laravel/framework/src/Illuminate/View/Engines/CompilerEngine.php:59  
[2019-01-04 15:34:44] local.INFO: #20 /vendor/laravel/framework/src/Illuminate/View/View.php:142  
[2019-01-04 15:34:44] local.INFO: #21 /vendor/laravel/framework/src/Illuminate/View/View.php:125  
[2019-01-04 15:34:44] local.INFO: #22 /vendor/laravel/framework/src/Illuminate/View/View.php:90  
[2019-01-04 15:34:44] local.INFO: #23 /vendor/laravel/framework/src/Illuminate/Http/Response.php:42  
[2019-01-04 15:34:44] local.INFO: #24 /vendor/symfony/http-foundation/Response.php:202  
[2019-01-04 15:34:44] local.INFO: #25 /vendor/laravel/framework/src/Illuminate/Routing/Router.php:733  
[2019-01-04 15:34:44] local.INFO: #26 /vendor/laravel/framework/src/Illuminate/Routing/Router.php:705  
[2019-01-04 15:34:44] local.INFO: #27 /vendor/laravel/framework/src/Illuminate/Routing/Router.php:665  
[2019-01-04 15:34:44] local.INFO: #28 /vendor/laravel/framework/src/Illuminate/Routing/Pipeline.php:30  
[2019-01-04 15:34:44] local.INFO: #29 /app/Http/Middleware/AdminAuthMiddleware.php:26  
[2019-01-04 15:34:44] local.INFO: #30 /vendor/laravel/framework/src/Illuminate/Pipeline/Pipeline.php:151  
[2019-01-04 15:34:44] local.INFO: #31 /vendor/laravel/framework/src/Illuminate/Routing/Pipeline.php:53  
[2019-01-04 15:34:44] local.INFO: #32 /app/Http/Middleware/OperationLog.php:32  
[2019-01-04 15:34:44] local.INFO: #33 /vendor/laravel/framework/src/Illuminate/Pipeline/Pipeline.php:151  
[2019-01-04 15:34:44] local.INFO: #34 /vendor/laravel/framework/src/Illuminate/Routing/Pipeline.php:53  
[2019-01-04 15:34:44] local.INFO: #35 /vendor/laravel/framework/src/Illuminate/Routing/Middleware/SubstituteBindings.php:41  
[2019-01-04 15:34:44] local.INFO: #36 /vendor/laravel/framework/src/Illuminate/Pipeline/Pipeline.php:151  
[2019-01-04 15:34:44] local.INFO: #37 /vendor/laravel/framework/src/Illuminate/Routing/Pipeline.php:53  
[2019-01-04 15:34:44] local.INFO: #38 /vendor/laravel/framework/src/Illuminate/Foundation/Http/Middleware/VerifyCsrfToken.php:67  
[2019-01-04 15:34:44] local.INFO: #39 /vendor/laravel/framework/src/Illuminate/Pipeline/Pipeline.php:151  
[2019-01-04 15:34:44] local.INFO: #40 /vendor/laravel/framework/src/Illuminate/Routing/Pipeline.php:53  
[2019-01-04 15:34:44] local.INFO: #41 /vendor/laravel/framework/src/Illuminate/View/Middleware/ShareErrorsFromSession.php:49  
[2019-01-04 15:34:44] local.INFO: #42 /vendor/laravel/framework/src/Illuminate/Pipeline/Pipeline.php:151  
[2019-01-04 15:34:44] local.INFO: #43 /vendor/laravel/framework/src/Illuminate/Routing/Pipeline.php:53  
[2019-01-04 15:34:44] local.INFO: #44 /vendor/laravel/framework/src/Illuminate/Session/Middleware/StartSession.php:63  
[2019-01-04 15:34:44] local.INFO: #45 /vendor/laravel/framework/src/Illuminate/Pipeline/Pipeline.php:151  
[2019-01-04 15:34:44] local.INFO: #46 /vendor/laravel/framework/src/Illuminate/Routing/Pipeline.php:53  
[2019-01-04 15:34:44] local.INFO: #47 /vendor/laravel/framework/src/Illuminate/Cookie/Middleware/AddQueuedCookiesToResponse.php:37  
[2019-01-04 15:34:44] local.INFO: #48 /vendor/laravel/framework/src/Illuminate/Pipeline/Pipeline.php:151  
[2019-01-04 15:34:44] local.INFO: #49 /vendor/laravel/framework/src/Illuminate/Routing/Pipeline.php:53  
[2019-01-04 15:47:02] local.ERROR: syntax error, unexpected ',' {"exception":"[object] (Symfony\\Component\\Debug\\Exception\\FatalThrowableError(code: 0): syntax error, unexpected ',' at /home/vagrant/Code/wasosystem/app/Console/Commands/allData.php:787)
[stacktrace]
#0 /home/vagrant/Code/wasosystem/vendor/composer/ClassLoader.php(322): Composer\\Autoload\\includeFile('/home/vagrant/C...')
#1 [internal function]: Composer\\Autoload\\ClassLoader->loadClass('App\\\\Console\\\\Com...')
#2 [internal function]: spl_autoload_call('App\\\\Console\\\\Com...')
#3 /home/vagrant/Code/wasosystem/vendor/laravel/framework/src/Illuminate/Foundation/Console/Kernel.php(218): is_subclass_of('App\\\\Console\\\\Com...', 'Illuminate\\\\Cons...')
#4 /home/vagrant/Code/wasosystem/app/Console/Kernel.php(56): Illuminate\\Foundation\\Console\\Kernel->load(Array)
#5 /home/vagrant/Code/wasosystem/vendor/laravel/framework/src/Illuminate/Foundation/Console/Kernel.php(303): App\\Console\\Kernel->commands()
#6 /home/vagrant/Code/wasosystem/vendor/laravel/framework/src/Illuminate/Foundation/Console/Kernel.php(120): Illuminate\\Foundation\\Console\\Kernel->bootstrap()
#7 /home/vagrant/Code/wasosystem/artisan(37): Illuminate\\Foundation\\Console\\Kernel->handle(Object(Symfony\\Component\\Console\\Input\\ArgvInput), Object(Symfony\\Component\\Console\\Output\\ConsoleOutput))
#8 {main}
"} 
[2019-01-04 15:48:02] local.ERROR: syntax error, unexpected ',' {"exception":"[object] (Symfony\\Component\\Debug\\Exception\\FatalThrowableError(code: 0): syntax error, unexpected ',' at /home/vagrant/Code/wasosystem/app/Console/Commands/allData.php:791)
[stacktrace]
#0 /home/vagrant/Code/wasosystem/vendor/composer/ClassLoader.php(322): Composer\\Autoload\\includeFile('/home/vagrant/C...')
#1 [internal function]: Composer\\Autoload\\ClassLoader->loadClass('App\\\\Console\\\\Com...')
#2 [internal function]: spl_autoload_call('App\\\\Console\\\\Com...')
#3 /home/vagrant/Code/wasosystem/vendor/laravel/framework/src/Illuminate/Foundation/Console/Kernel.php(218): is_subclass_of('App\\\\Console\\\\Com...', 'Illuminate\\\\Cons...')
#4 /home/vagrant/Code/wasosystem/app/Console/Kernel.php(56): Illuminate\\Foundation\\Console\\Kernel->load(Array)
#5 /home/vagrant/Code/wasosystem/vendor/laravel/framework/src/Illuminate/Foundation/Console/Kernel.php(303): App\\Console\\Kernel->commands()
#6 /home/vagrant/Code/wasosystem/vendor/laravel/framework/src/Illuminate/Foundation/Console/Kernel.php(120): Illuminate\\Foundation\\Console\\Kernel->bootstrap()
#7 /home/vagrant/Code/wasosystem/artisan(37): Illuminate\\Foundation\\Console\\Kernel->handle(Object(Symfony\\Component\\Console\\Input\\ArgvInput), Object(Symfony\\Component\\Console\\Output\\ConsoleOutput))
#8 {main}
"} 
[2019-01-04 15:49:01] local.ERROR: syntax error, unexpected ',' {"exception":"[object] (Symfony\\Component\\Debug\\Exception\\FatalThrowableError(code: 0): syntax error, unexpected ',' at /home/vagrant/Code/wasosystem/app/Console/Commands/allData.php:794)
[stacktrace]
#0 /home/vagrant/Code/wasosystem/vendor/composer/ClassLoader.php(322): Composer\\Autoload\\includeFile('/home/vagrant/C...')
#1 [internal function]: Composer\\Autoload\\ClassLoader->loadClass('App\\\\Console\\\\Com...')
#2 [internal function]: spl_autoload_call('App\\\\Console\\\\Com...')
#3 /home/vagrant/Code/wasosystem/vendor/laravel/framework/src/Illuminate/Foundation/Console/Kernel.php(218): is_subclass_of('App\\\\Console\\\\Com...', 'Illuminate\\\\Cons...')
#4 /home/vagrant/Code/wasosystem/app/Console/Kernel.php(56): Illuminate\\Foundation\\Console\\Kernel->load(Array)
#5 /home/vagrant/Code/wasosystem/vendor/laravel/framework/src/Illuminate/Foundation/Console/Kernel.php(303): App\\Console\\Kernel->commands()
#6 /home/vagrant/Code/wasosystem/vendor/laravel/framework/src/Illuminate/Foundation/Console/Kernel.php(120): Illuminate\\Foundation\\Console\\Kernel->bootstrap()
#7 /home/vagrant/Code/wasosystem/artisan(37): Illuminate\\Foundation\\Console\\Kernel->handle(Object(Symfony\\Component\\Console\\Input\\ArgvInput), Object(Symfony\\Component\\Console\\Output\\ConsoleOutput))
#8 {main}
"} 
[2019-01-04 15:50:02] local.ERROR: syntax error, unexpected ',' {"exception":"[object] (Symfony\\Component\\Debug\\Exception\\FatalThrowableError(code: 0): syntax error, unexpected ',' at /home/vagrant/Code/wasosystem/app/Console/Commands/allData.php:794)
[stacktrace]
#0 /home/vagrant/Code/wasosystem/vendor/composer/ClassLoader.php(322): Composer\\Autoload\\includeFile('/home/vagrant/C...')
#1 [internal function]: Composer\\Autoload\\ClassLoader->loadClass('App\\\\Console\\\\Com...')
#2 [internal function]: spl_autoload_call('App\\\\Console\\\\Com...')
#3 /home/vagrant/Code/wasosystem/vendor/laravel/framework/src/Illuminate/Foundation/Console/Kernel.php(218): is_subclass_of('App\\\\Console\\\\Com...', 'Illuminate\\\\Cons...')
#4 /home/vagrant/Code/wasosystem/app/Console/Kernel.php(56): Illuminate\\Foundation\\Console\\Kernel->load(Array)
#5 /home/vagrant/Code/wasosystem/vendor/laravel/framework/src/Illuminate/Foundation/Console/Kernel.php(303): App\\Console\\Kernel->commands()
#6 /home/vagrant/Code/wasosystem/vendor/laravel/framework/src/Illuminate/Foundation/Console/Kernel.php(120): Illuminate\\Foundation\\Console\\Kernel->bootstrap()
#7 /home/vagrant/Code/wasosystem/artisan(37): Illuminate\\Foundation\\Console\\Kernel->handle(Object(Symfony\\Component\\Console\\Input\\ArgvInput), Object(Symfony\\Component\\Console\\Output\\ConsoleOutput))
#8 {main}
"} 
[2019-01-04 15:51:01] local.ERROR: syntax error, unexpected ',' {"exception":"[object] (Symfony\\Component\\Debug\\Exception\\FatalThrowableError(code: 0): syntax error, unexpected ',' at /home/vagrant/Code/wasosystem/app/Console/Commands/allData.php:794)
[stacktrace]
#0 /home/vagrant/Code/wasosystem/vendor/composer/ClassLoader.php(322): Composer\\Autoload\\includeFile('/home/vagrant/C...')
#1 [internal function]: Composer\\Autoload\\ClassLoader->loadClass('App\\\\Console\\\\Com...')
#2 [internal function]: spl_autoload_call('App\\\\Console\\\\Com...')
#3 /home/vagrant/Code/wasosystem/vendor/laravel/framework/src/Illuminate/Foundation/Console/Kernel.php(218): is_subclass_of('App\\\\Console\\\\Com...', 'Illuminate\\\\Cons...')
#4 /home/vagrant/Code/wasosystem/app/Console/Kernel.php(56): Illuminate\\Foundation\\Console\\Kernel->load(Array)
#5 /home/vagrant/Code/wasosystem/vendor/laravel/framework/src/Illuminate/Foundation/Console/Kernel.php(303): App\\Console\\Kernel->commands()
#6 /home/vagrant/Code/wasosystem/vendor/laravel/framework/src/Illuminate/Foundation/Console/Kernel.php(120): Illuminate\\Foundation\\Console\\Kernel->bootstrap()
#7 /home/vagrant/Code/wasosystem/artisan(37): Illuminate\\Foundation\\Console\\Kernel->handle(Object(Symfony\\Component\\Console\\Input\\ArgvInput), Object(Symfony\\Component\\Console\\Output\\ConsoleOutput))
#8 {main}
"} 
[2019-01-04 15:52:01] local.ERROR: syntax error, unexpected ',' {"exception":"[object] (Symfony\\Component\\Debug\\Exception\\FatalThrowableError(code: 0): syntax error, unexpected ',' at /home/vagrant/Code/wasosystem/app/Console/Commands/allData.php:794)
[stacktrace]
#0 /home/vagrant/Code/wasosystem/vendor/composer/ClassLoader.php(322): Composer\\Autoload\\includeFile('/home/vagrant/C...')
#1 [internal function]: Composer\\Autoload\\ClassLoader->loadClass('App\\\\Console\\\\Com...')
#2 [internal function]: spl_autoload_call('App\\\\Console\\\\Com...')
#3 /home/vagrant/Code/wasosystem/vendor/laravel/framework/src/Illuminate/Foundation/Console/Kernel.php(218): is_subclass_of('App\\\\Console\\\\Com...', 'Illuminate\\\\Cons...')
#4 /home/vagrant/Code/wasosystem/app/Console/Kernel.php(56): Illuminate\\Foundation\\Console\\Kernel->load(Array)
#5 /home/vagrant/Code/wasosystem/vendor/laravel/framework/src/Illuminate/Foundation/Console/Kernel.php(303): App\\Console\\Kernel->commands()
#6 /home/vagrant/Code/wasosystem/vendor/laravel/framework/src/Illuminate/Foundation/Console/Kernel.php(120): Illuminate\\Foundation\\Console\\Kernel->bootstrap()
#7 /home/vagrant/Code/wasosystem/artisan(37): Illuminate\\Foundation\\Console\\Kernel->handle(Object(Symfony\\Component\\Console\\Input\\ArgvInput), Object(Symfony\\Component\\Console\\Output\\ConsoleOutput))
#8 {main}
"} 
[2019-01-04 15:53:02] local.ERROR: syntax error, unexpected ',' {"exception":"[object] (Symfony\\Component\\Debug\\Exception\\FatalThrowableError(code: 0): syntax error, unexpected ',' at /home/vagrant/Code/wasosystem/app/Console/Commands/allData.php:794)
[stacktrace]
#0 /home/vagrant/Code/wasosystem/vendor/composer/ClassLoader.php(322): Composer\\Autoload\\includeFile('/home/vagrant/C...')
#1 [internal function]: Composer\\Autoload\\ClassLoader->loadClass('App\\\\Console\\\\Com...')
#2 [internal function]: spl_autoload_call('App\\\\Console\\\\Com...')
#3 /home/vagrant/Code/wasosystem/vendor/laravel/framework/src/Illuminate/Foundation/Console/Kernel.php(218): is_subclass_of('App\\\\Console\\\\Com...', 'Illuminate\\\\Cons...')
#4 /home/vagrant/Code/wasosystem/app/Console/Kernel.php(56): Illuminate\\Foundation\\Console\\Kernel->load(Array)
#5 /home/vagrant/Code/wasosystem/vendor/laravel/framework/src/Illuminate/Foundation/Console/Kernel.php(303): App\\Console\\Kernel->commands()
#6 /home/vagrant/Code/wasosystem/vendor/laravel/framework/src/Illuminate/Foundation/Console/Kernel.php(120): Illuminate\\Foundation\\Console\\Kernel->bootstrap()
#7 /home/vagrant/Code/wasosystem/artisan(37): Illuminate\\Foundation\\Console\\Kernel->handle(Object(Symfony\\Component\\Console\\Input\\ArgvInput), Object(Symfony\\Component\\Console\\Output\\ConsoleOutput))
#8 {main}
"} 
[2019-01-04 15:54:01] local.ERROR: syntax error, unexpected ',' {"exception":"[object] (Symfony\\Component\\Debug\\Exception\\FatalThrowableError(code: 0): syntax error, unexpected ',' at /home/vagrant/Code/wasosystem/app/Console/Commands/allData.php:794)
[stacktrace]
#0 /home/vagrant/Code/wasosystem/vendor/composer/ClassLoader.php(322): Composer\\Autoload\\includeFile('/home/vagrant/C...')
#1 [internal function]: Composer\\Autoload\\ClassLoader->loadClass('App\\\\Console\\\\Com...')
#2 [internal function]: spl_autoload_call('App\\\\Console\\\\Com...')
#3 /home/vagrant/Code/wasosystem/vendor/laravel/framework/src/Illuminate/Foundation/Console/Kernel.php(218): is_subclass_of('App\\\\Console\\\\Com...', 'Illuminate\\\\Cons...')
#4 /home/vagrant/Code/wasosystem/app/Console/Kernel.php(56): Illuminate\\Foundation\\Console\\Kernel->load(Array)
#5 /home/vagrant/Code/wasosystem/vendor/laravel/framework/src/Illuminate/Foundation/Console/Kernel.php(303): App\\Console\\Kernel->commands()
#6 /home/vagrant/Code/wasosystem/vendor/laravel/framework/src/Illuminate/Foundation/Console/Kernel.php(120): Illuminate\\Foundation\\Console\\Kernel->bootstrap()
#7 /home/vagrant/Code/wasosystem/artisan(37): Illuminate\\Foundation\\Console\\Kernel->handle(Object(Symfony\\Component\\Console\\Input\\ArgvInput), Object(Symfony\\Component\\Console\\Output\\ConsoleOutput))
#8 {main}
"} 
[2019-01-04 15:55:02] local.ERROR: syntax error, unexpected ',' {"exception":"[object] (Symfony\\Component\\Debug\\Exception\\FatalThrowableError(code: 0): syntax error, unexpected ',' at /home/vagrant/Code/wasosystem/app/Console/Commands/allData.php:795)
[stacktrace]
#0 /home/vagrant/Code/wasosystem/vendor/composer/ClassLoader.php(322): Composer\\Autoload\\includeFile('/home/vagrant/C...')
#1 [internal function]: Composer\\Autoload\\ClassLoader->loadClass('App\\\\Console\\\\Com...')
#2 [internal function]: spl_autoload_call('App\\\\Console\\\\Com...')
#3 /home/vagrant/Code/wasosystem/vendor/laravel/framework/src/Illuminate/Foundation/Console/Kernel.php(218): is_subclass_of('App\\\\Console\\\\Com...', 'Illuminate\\\\Cons...')
#4 /home/vagrant/Code/wasosystem/app/Console/Kernel.php(56): Illuminate\\Foundation\\Console\\Kernel->load(Array)
#5 /home/vagrant/Code/wasosystem/vendor/laravel/framework/src/Illuminate/Foundation/Console/Kernel.php(303): App\\Console\\Kernel->commands()
#6 /home/vagrant/Code/wasosystem/vendor/laravel/framework/src/Illuminate/Foundation/Console/Kernel.php(120): Illuminate\\Foundation\\Console\\Kernel->bootstrap()
#7 /home/vagrant/Code/wasosystem/artisan(37): Illuminate\\Foundation\\Console\\Kernel->handle(Object(Symfony\\Component\\Console\\Input\\ArgvInput), Object(Symfony\\Component\\Console\\Output\\ConsoleOutput))
#8 {main}
"} 
[2019-01-04 15:56:01] local.ERROR: syntax error, unexpected ',' {"exception":"[object] (Symfony\\Component\\Debug\\Exception\\FatalThrowableError(code: 0): syntax error, unexpected ',' at /home/vagrant/Code/wasosystem/app/Console/Commands/allData.php:795)
[stacktrace]
#0 /home/vagrant/Code/wasosystem/vendor/composer/ClassLoader.php(322): Composer\\Autoload\\includeFile('/home/vagrant/C...')
#1 [internal function]: Composer\\Autoload\\ClassLoader->loadClass('App\\\\Console\\\\Com...')
#2 [internal function]: spl_autoload_call('App\\\\Console\\\\Com...')
#3 /home/vagrant/Code/wasosystem/vendor/laravel/framework/src/Illuminate/Foundation/Console/Kernel.php(218): is_subclass_of('App\\\\Console\\\\Com...', 'Illuminate\\\\Cons...')
#4 /home/vagrant/Code/wasosystem/app/Console/Kernel.php(56): Illuminate\\Foundation\\Console\\Kernel->load(Array)
#5 /home/vagrant/Code/wasosystem/vendor/laravel/framework/src/Illuminate/Foundation/Console/Kernel.php(303): App\\Console\\Kernel->commands()
#6 /home/vagrant/Code/wasosystem/vendor/laravel/framework/src/Illuminate/Foundation/Console/Kernel.php(120): Illuminate\\Foundation\\Console\\Kernel->bootstrap()
#7 /home/vagrant/Code/wasosystem/artisan(37): Illuminate\\Foundation\\Console\\Kernel->handle(Object(Symfony\\Component\\Console\\Input\\ArgvInput), Object(Symfony\\Component\\Console\\Output\\ConsoleOutput))
#8 {main}
"} 
[2019-01-04 16:00:10] local.INFO: 创建数据库备份成功  
[2019-01-04 16:00:17] local.INFO: 最新数据库备份发送邮件成功  
[2019-01-04 16:00:17] local.INFO: 整机产品更新价格成功！  
[2019-01-04 16:00:17] local.INFO: 自建产品更新价格成功！  
[2019-01-04 16:10:42] local.ERROR: SQLSTATE[42S02]: Base table or view not found: 1146 Table 'waso_database.admins' doesn't exist (SQL: insert into `admins` (`id`, `name`, `account`, `password`, `qq`, `email`, `phone`, `entryed_at`, `social_securityed_at`, `pacted_at`, `login_count`, `updated_at`, `created_at`) values (1, 李南江, 801, $2y$10$4QomEGzwv62RYzuQCdWV2.ToN0WiycJuk00sCilddTKo79gmzwet6, 100654801, lnj801@waso.com.cn, 18081881968, 2003-10-28 00:00:00, 2003-10-28 00:00:00, 2003-10-28 00:00:00, 888, 2019-01-04 16:10:42, 2019-01-04 16:10:42)) {"exception":"[object] (Illuminate\\Database\\QueryException(code: 42S02): SQLSTATE[42S02]: Base table or view not found: 1146 Table 'waso_database.admins' doesn't exist (SQL: insert into `admins` (`id`, `name`, `account`, `password`, `qq`, `email`, `phone`, `entryed_at`, `social_securityed_at`, `pacted_at`, `login_count`, `updated_at`, `created_at`) values (1, 李南江, 801, $2y$10$4QomEGzwv62RYzuQCdWV2.ToN0WiycJuk00sCilddTKo79gmzwet6, 100654801, lnj801@waso.com.cn, 18081881968, 2003-10-28 00:00:00, 2003-10-28 00:00:00, 2003-10-28 00:00:00, 888, 2019-01-04 16:10:42, 2019-01-04 16:10:42)) at /home/vagrant/Code/wasosystem/vendor/laravel/framework/src/Illuminate/Database/Connection.php:664, Doctrine\\DBAL\\Driver\\PDOException(code: 42S02): SQLSTATE[42S02]: Base table or view not found: 1146 Table 'waso_database.admins' doesn't exist at /home/vagrant/Code/wasosystem/vendor/doctrine/dbal/lib/Doctrine/DBAL/Driver/PDOConnection.php:82, PDOException(code: 42S02): SQLSTATE[42S02]: Base table or view not found: 1146 Table 'waso_database.admins' doesn't exist at /home/vagrant/Code/wasosystem/vendor/doctrine/dbal/lib/Doctrine/DBAL/Driver/PDOConnection.php:80)
[stacktrace]
#0 /home/vagrant/Code/wasosystem/vendor/laravel/framework/src/Illuminate/Database/Connection.php(624): Illuminate\\Database\\Connection->runQueryCallback('insert into `ad...', Array, Object(Closure))
#1 /home/vagrant/Code/wasosystem/vendor/laravel/framework/src/Illuminate/Database/Connection.php(459): Illuminate\\Database\\Connection->run('insert into `ad...', Array, Object(Closure))
#2 /home/vagrant/Code/wasosystem/vendor/laravel/framework/src/Illuminate/Database/Connection.php(411): Illuminate\\Database\\Connection->statement('insert into `ad...', Array)
#3 /home/vagrant/Code/wasosystem/vendor/laravel/framework/src/Illuminate/Database/Query/Processors/Processor.php(32): Illuminate\\Database\\Connection->insert('insert into `ad...', Array)
#4 /home/vagrant/Code/wasosystem/vendor/laravel/framework/src/Illuminate/Database/Query/Builder.php(2494): Illuminate\\Database\\Query\\Processors\\Processor->processInsertGetId(Object(Illuminate\\Database\\Query\\Builder), 'insert into `ad...', Array, 'id')
#5 /home/vagrant/Code/wasosystem/vendor/laravel/framework/src/Illuminate/Database/Eloquent/Builder.php(1283): Illuminate\\Database\\Query\\Builder->insertGetId(Array, 'id')
#6 /home/vagrant/Code/wasosystem/vendor/laravel/framework/src/Illuminate/Database/Eloquent/Model.php(787): Illuminate\\Database\\Eloquent\\Builder->__call('insertGetId', Array)
#7 /home/vagrant/Code/wasosystem/vendor/laravel/framework/src/Illuminate/Database/Eloquent/Model.php(752): Illuminate\\Database\\Eloquent\\Model->insertAndSetId(Object(Illuminate\\Database\\Eloquent\\Builder), Array)
#8 /home/vagrant/Code/wasosystem/vendor/laravel/framework/src/Illuminate/Database/Eloquent/Model.php(615): Illuminate\\Database\\Eloquent\\Model->performInsert(Object(Illuminate\\Database\\Eloquent\\Builder))
#9 /home/vagrant/Code/wasosystem/app/Console/Commands/allData.php(145): Illuminate\\Database\\Eloquent\\Model->save()
#10 /home/vagrant/Code/wasosystem/vendor/laravel/framework/src/Illuminate/Support/Collection.php(397): App\\Console\\Commands\\allData->App\\Console\\Commands\\{closure}(Object(stdClass), 0)
#11 /home/vagrant/Code/wasosystem/app/Console/Commands/allData.php(146): Illuminate\\Support\\Collection->each(Object(Closure))
#12 /home/vagrant/Code/wasosystem/vendor/laravel/framework/src/Illuminate/Database/Concerns/BuildsQueries.php(39): App\\Console\\Commands\\allData->App\\Console\\Commands\\{closure}(Object(Illuminate\\Support\\Collection), 1)
#13 /home/vagrant/Code/wasosystem/app/Console/Commands/allData.php(147): Illuminate\\Database\\Query\\Builder->chunk(100, Object(Closure))
#14 /home/vagrant/Code/wasosystem/vendor/laravel/framework/src/Illuminate/Database/Concerns/ManagesTransactions.php(29): App\\Console\\Commands\\allData->App\\Console\\Commands\\{closure}(Object(Illuminate\\Database\\MySqlConnection))
#15 /home/vagrant/Code/wasosystem/vendor/laravel/framework/src/Illuminate/Database/DatabaseManager.php(327): Illuminate\\Database\\Connection->transaction(Object(Closure))
#16 /home/vagrant/Code/wasosystem/vendor/laravel/framework/src/Illuminate/Support/Facades/Facade.php(223): Illuminate\\Database\\DatabaseManager->__call('transaction', Array)
#17 /home/vagrant/Code/wasosystem/app/Console/Commands/allData.php(149): Illuminate\\Support\\Facades\\Facade::__callStatic('transaction', Array)
#18 /home/vagrant/Code/wasosystem/app/Console/Commands/allData.php(89): App\\Console\\Commands\\allData->admins()
#19 [internal function]: App\\Console\\Commands\\allData->handle()
#20 /home/vagrant/Code/wasosystem/vendor/laravel/framework/src/Illuminate/Container/BoundMethod.php(29): call_user_func_array(Array, Array)
#21 /home/vagrant/Code/wasosystem/vendor/laravel/framework/src/Illuminate/Container/BoundMethod.php(87): Illuminate\\Container\\BoundMethod::Illuminate\\Container\\{closure}()
#22 /home/vagrant/Code/wasosystem/vendor/laravel/framework/src/Illuminate/Container/BoundMethod.php(31): Illuminate\\Container\\BoundMethod::callBoundMethod(Object(Illuminate\\Foundation\\Application), Array, Object(Closure))
#23 /home/vagrant/Code/wasosystem/vendor/laravel/framework/src/Illuminate/Container/Container.php(564): Illuminate\\Container\\BoundMethod::call(Object(Illuminate\\Foundation\\Application), Array, Array, NULL)
#24 /home/vagrant/Code/wasosystem/vendor/laravel/framework/src/Illuminate/Console/Command.php(184): Illuminate\\Container\\Container->call(Array)
#25 /home/vagrant/Code/wasosystem/vendor/symfony/console/Command/Command.php(251): Illuminate\\Console\\Command->execute(Object(Symfony\\Component\\Console\\Input\\ArgvInput), Object(Illuminate\\Console\\OutputStyle))
#26 /home/vagrant/Code/wasosystem/vendor/laravel/framework/src/Illuminate/Console/Command.php(171): Symfony\\Component\\Console\\Command\\Command->run(Object(Symfony\\Component\\Console\\Input\\ArgvInput), Object(Illuminate\\Console\\OutputStyle))
#27 /home/vagrant/Code/wasosystem/vendor/symfony/console/Application.php(886): Illuminate\\Console\\Command->run(Object(Symfony\\Component\\Console\\Input\\ArgvInput), Object(Symfony\\Component\\Console\\Output\\ConsoleOutput))
#28 /home/vagrant/Code/wasosystem/vendor/symfony/console/Application.php(262): Symfony\\Component\\Console\\Application->doRunCommand(Object(App\\Console\\Commands\\allData), Object(Symfony\\Component\\Console\\Input\\ArgvInput), Object(Symfony\\Component\\Console\\Output\\ConsoleOutput))
#29 /home/vagrant/Code/wasosystem/vendor/symfony/console/Application.php(145): Symfony\\Component\\Console\\Application->doRun(Object(Symfony\\Component\\Console\\Input\\ArgvInput), Object(Symfony\\Component\\Console\\Output\\ConsoleOutput))
#30 /home/vagrant/Code/wasosystem/vendor/laravel/framework/src/Illuminate/Console/Application.php(89): Symfony\\Component\\Console\\Application->run(Object(Symfony\\Component\\Console\\Input\\ArgvInput), Object(Symfony\\Component\\Console\\Output\\ConsoleOutput))
#31 /home/vagrant/Code/wasosystem/vendor/laravel/framework/src/Illuminate/Foundation/Console/Kernel.php(122): Illuminate\\Console\\Application->run(Object(Symfony\\Component\\Console\\Input\\ArgvInput), Object(Symfony\\Component\\Console\\Output\\ConsoleOutput))
#32 /home/vagrant/Code/wasosystem/artisan(37): Illuminate\\Foundation\\Console\\Kernel->handle(Object(Symfony\\Component\\Console\\Input\\ArgvInput), Object(Symfony\\Component\\Console\\Output\\ConsoleOutput))
#33 {main}
"} 
[2019-01-04 16:30:07] local.INFO: 创建数据库备份成功  
[2019-01-04 16:30:09] local.INFO: 最新数据库备份发送邮件成功  
[2019-01-04 17:00:09] local.INFO: 创建数据库备份成功  
[2019-01-04 17:00:13] local.INFO: 最新数据库备份发送邮件成功  
[2019-01-04 17:30:08] local.INFO: 创建数据库备份成功  
[2019-01-04 17:30:13] local.INFO: 最新数据库备份发送邮件成功  
