[2018-12-28 11:13:24] local.ERROR: Undefined variable: type (View: /home/vagrant/Code/wasosystem/resources/views/admin/information_managements/index.blade.php) {"userId":47,"email":"15208128210@qq.com","exception":"[object] (ErrorException(code: 0): Undefined variable: type (View: /home/vagrant/Code/wasosystem/resources/views/admin/information_managements/index.blade.php) at /home/vagrant/Code/wasosystem/storage/framework/views/c53cff134ca404620f3e3f5463efb2216ac98d02.php:8, ErrorException(code: 0): Undefined variable: type at /home/vagrant/Code/wasosystem/storage/framework/views/c53cff134ca404620f3e3f5463efb2216ac98d02.php:8)
[stacktrace]
#0 /home/vagrant/Code/wasosystem/vendor/laravel/framework/src/Illuminate/View/Engines/PhpEngine.php(45): Illuminate\\View\\Engines\\CompilerEngine->handleViewException(Object(ErrorException), 1)
#1 /home/vagrant/Code/wasosystem/vendor/laravel/framework/src/Illuminate/View/Engines/CompilerEngine.php(59): Illuminate\\View\\Engines\\PhpEngine->evaluatePath('/home/vagrant/C...', Array)
#2 /home/vagrant/Code/wasosystem/vendor/laravel/framework/src/Illuminate/View/View.php(142): Illuminate\\View\\Engines\\CompilerEngine->get('/home/vagrant/C...', Array)
#3 /home/vagrant/Code/wasosystem/vendor/laravel/framework/src/Illuminate/View/View.php(125): Illuminate\\View\\View->getContents()
#4 /home/vagrant/Code/wasosystem/vendor/laravel/framework/src/Illuminate/View/View.php(90): Illuminate\\View\\View->renderContents()
#5 /home/vagrant/Code/wasosystem/vendor/laravel/framework/src/Illuminate/Http/Response.php(42): Illuminate\\View\\View->render()
#6 /home/vagrant/Code/wasosystem/vendor/symfony/http-foundation/Response.php(202): Illuminate\\Http\\Response->setContent(Object(Illuminate\\View\\View))
#7 /home/vagrant/Code/wasosystem/vendor/laravel/framework/src/Illuminate/Routing/Router.php(733): Symfony\\Component\\HttpFoundation\\Response->__construct(Object(Illuminate\\View\\View))
#8 /home/vagrant/Code/wasosystem/vendor/laravel/framework/src/Illuminate/Routing/Router.php(705): Illuminate\\Routing\\Router::toResponse(Object(Illuminate\\Http\\Request), Object(Illuminate\\View\\View))
#9 /home/vagrant/Code/wasosystem/vendor/laravel/framework/src/Illuminate/Routing/Router.php(665): Illuminate\\Routing\\Router->prepareResponse(Object(Illuminate\\Http\\Request), Object(Illuminate\\View\\View))
#10 /home/vagrant/Code/wasosystem/vendor/laravel/framework/src/Illuminate/Routing/Pipeline.php(30): Illuminate\\Routing\\Router->Illuminate\\Routing\\{closure}(Object(Illuminate\\Http\\Request))
#11 /home/vagrant/Code/wasosystem/app/Http/Middleware/AdminAuthMiddleware.php(26): Illuminate\\Routing\\Pipeline->Illuminate\\Routing\\{closure}(Object(Illuminate\\Http\\Request))
#12 /home/vagrant/Code/wasosystem/vendor/laravel/framework/src/Illuminate/Pipeline/Pipeline.php(151): App\\Http\\Middleware\\AdminAuthMiddleware->handle(Object(Illuminate\\Http\\Request), Object(Closure), 'admin')
#13 /home/vagrant/Code/wasosystem/vendor/laravel/framework/src/Illuminate/Routing/Pipeline.php(53): Illuminate\\Pipeline\\Pipeline->Illuminate\\Pipeline\\{closure}(Object(Illuminate\\Http\\Request))
#14 /home/vagrant/Code/wasosystem/app/Http/Middleware/OperationLog.php(32): Illuminate\\Routing\\Pipeline->Illuminate\\Routing\\{closure}(Object(Illuminate\\Http\\Request))
#15 /home/vagrant/Code/wasosystem/vendor/laravel/framework/src/Illuminate/Pipeline/Pipeline.php(151): App\\Http\\Middleware\\OperationLog->handle(Object(Illuminate\\Http\\Request), Object(Closure))
#16 /home/vagrant/Code/wasosystem/vendor/laravel/framework/src/Illuminate/Routing/Pipeline.php(53): Illuminate\\Pipeline\\Pipeline->Illuminate\\Pipeline\\{closure}(Object(Illuminate\\Http\\Request))
#17 /home/vagrant/Code/wasosystem/vendor/laravel/framework/src/Illuminate/Routing/Middleware/SubstituteBindings.php(41): Illuminate\\Routing\\Pipeline->Illuminate\\Routing\\{closure}(Object(Illuminate\\Http\\Request))
#18 /home/vagrant/Code/wasosystem/vendor/laravel/framework/src/Illuminate/Pipeline/Pipeline.php(151): Illuminate\\Routing\\Middleware\\SubstituteBindings->handle(Object(Illuminate\\Http\\Request), Object(Closure))
#19 /home/vagrant/Code/wasosystem/vendor/laravel/framework/src/Illuminate/Routing/Pipeline.php(53): Illuminate\\Pipeline\\Pipeline->Illuminate\\Pipeline\\{closure}(Object(Illuminate\\Http\\Request))
#20 /home/vagrant/Code/wasosystem/vendor/laravel/framework/src/Illuminate/Foundation/Http/Middleware/VerifyCsrfToken.php(67): Illuminate\\Routing\\Pipeline->Illuminate\\Routing\\{closure}(Object(Illuminate\\Http\\Request))
#21 /home/vagrant/Code/wasosystem/vendor/laravel/framework/src/Illuminate/Pipeline/Pipeline.php(151): Illuminate\\Foundation\\Http\\Middleware\\VerifyCsrfToken->handle(Object(Illuminate\\Http\\Request), Object(Closure))
#22 /home/vagrant/Code/wasosystem/vendor/laravel/framework/src/Illuminate/Routing/Pipeline.php(53): Illuminate\\Pipeline\\Pipeline->Illuminate\\Pipeline\\{closure}(Object(Illuminate\\Http\\Request))
#23 /home/vagrant/Code/wasosystem/vendor/laravel/framework/src/Illuminate/View/Middleware/ShareErrorsFromSession.php(49): Illuminate\\Routing\\Pipeline->Illuminate\\Routing\\{closure}(Object(Illuminate\\Http\\Request))
#24 /home/vagrant/Code/wasosystem/vendor/laravel/framework/src/Illuminate/Pipeline/Pipeline.php(151): Illuminate\\View\\Middleware\\ShareErrorsFromSession->handle(Object(Illuminate\\Http\\Request), Object(Closure))
#25 /home/vagrant/Code/wasosystem/vendor/laravel/framework/src/Illuminate/Routing/Pipeline.php(53): Illuminate\\Pipeline\\Pipeline->Illuminate\\Pipeline\\{closure}(Object(Illuminate\\Http\\Request))
#26 /home/vagrant/Code/wasosystem/vendor/laravel/framework/src/Illuminate/Session/Middleware/StartSession.php(63): Illuminate\\Routing\\Pipeline->Illuminate\\Routing\\{closure}(Object(Illuminate\\Http\\Request))
#27 /home/vagrant/Code/wasosystem/vendor/laravel/framework/src/Illuminate/Pipeline/Pipeline.php(151): Illuminate\\Session\\Middleware\\StartSession->handle(Object(Illuminate\\Http\\Request), Object(Closure))
#28 /home/vagrant/Code/wasosystem/vendor/laravel/framework/src/Illuminate/Routing/Pipeline.php(53): Illuminate\\Pipeline\\Pipeline->Illuminate\\Pipeline\\{closure}(Object(Illuminate\\Http\\Request))
#29 /home/vagrant/Code/wasosystem/vendor/laravel/framework/src/Illuminate/Cookie/Middleware/AddQueuedCookiesToResponse.php(37): Illuminate\\Routing\\Pipeline->Illuminate\\Routing\\{closure}(Object(Illuminate\\Http\\Request))
#30 /home/vagrant/Code/wasosystem/vendor/laravel/framework/src/Illuminate/Pipeline/Pipeline.php(151): Illuminate\\Cookie\\Middleware\\AddQueuedCookiesToResponse->handle(Object(Illuminate\\Http\\Request), Object(Closure))
#31 /home/vagrant/Code/wasosystem/vendor/laravel/framework/src/Illuminate/Routing/Pipeline.php(53): Illuminate\\Pipeline\\Pipeline->Illuminate\\Pipeline\\{closure}(Object(Illuminate\\Http\\Request))
#32 /home/vagrant/Code/wasosystem/vendor/laravel/framework/src/Illuminate/Cookie/Middleware/EncryptCookies.php(59): Illuminate\\Routing\\Pipeline->Illuminate\\Routing\\{closure}(Object(Illuminate\\Http\\Request))
#33 /home/vagrant/Code/wasosystem/vendor/laravel/framework/src/Illuminate/Pipeline/Pipeline.php(151): Illuminate\\Cookie\\Middleware\\EncryptCookies->handle(Object(Illuminate\\Http\\Request), Object(Closure))
#34 /home/vagrant/Code/wasosystem/vendor/laravel/framework/src/Illuminate/Routing/Pipeline.php(53): Illuminate\\Pipeline\\Pipeline->Illuminate\\Pipeline\\{closure}(Object(Illuminate\\Http\\Request))
#35 /home/vagrant/Code/wasosystem/vendor/laravel/framework/src/Illuminate/Pipeline/Pipeline.php(104): Illuminate\\Routing\\Pipeline->Illuminate\\Routing\\{closure}(Object(Illuminate\\Http\\Request))
#36 /home/vagrant/Code/wasosystem/vendor/laravel/framework/src/Illuminate/Routing/Router.php(667): Illuminate\\Pipeline\\Pipeline->then(Object(Closure))
#37 /home/vagrant/Code/wasosystem/vendor/laravel/framework/src/Illuminate/Routing/Router.php(642): Illuminate\\Routing\\Router->runRouteWithinStack(Object(Illuminate\\Routing\\Route), Object(Illuminate\\Http\\Request))
#38 /home/vagrant/Code/wasosystem/vendor/laravel/framework/src/Illuminate/Routing/Router.php(608): Illuminate\\Routing\\Router->runRoute(Object(Illuminate\\Http\\Request), Object(Illuminate\\Routing\\Route))
#39 /home/vagrant/Code/wasosystem/vendor/laravel/framework/src/Illuminate/Routing/Router.php(597): Illuminate\\Routing\\Router->dispatchToRoute(Object(Illuminate\\Http\\Request))
#40 /home/vagrant/Code/wasosystem/vendor/laravel/framework/src/Illuminate/Foundation/Http/Kernel.php(176): Illuminate\\Routing\\Router->dispatch(Object(Illuminate\\Http\\Request))
#41 /home/vagrant/Code/wasosystem/vendor/laravel/framework/src/Illuminate/Routing/Pipeline.php(30): Illuminate\\Foundation\\Http\\Kernel->Illuminate\\Foundation\\Http\\{closure}(Object(Illuminate\\Http\\Request))
#42 /home/vagrant/Code/wasosystem/vendor/beyondcode/laravel-query-detector/src/QueryDetectorMiddleware.php(33): Illuminate\\Routing\\Pipeline->Illuminate\\Routing\\{closure}(Object(Illuminate\\Http\\Request))
#43 /home/vagrant/Code/wasosystem/vendor/laravel/framework/src/Illuminate/Pipeline/Pipeline.php(151): BeyondCode\\QueryDetector\\QueryDetectorMiddleware->handle(Object(Illuminate\\Http\\Request), Object(Closure))
#44 /home/vagrant/Code/wasosystem/vendor/laravel/framework/src/Illuminate/Routing/Pipeline.php(53): Illuminate\\Pipeline\\Pipeline->Illuminate\\Pipeline\\{closure}(Object(Illuminate\\Http\\Request))
#45 /home/vagrant/Code/wasosystem/vendor/barryvdh/laravel-debugbar/src/Middleware/InjectDebugbar.php(65): Illuminate\\Routing\\Pipeline->Illuminate\\Routing\\{closure}(Object(Illuminate\\Http\\Request))
#46 /home/vagrant/Code/wasosystem/vendor/laravel/framework/src/Illuminate/Pipeline/Pipeline.php(151): Barryvdh\\Debugbar\\Middleware\\InjectDebugbar->handle(Object(Illuminate\\Http\\Request), Object(Closure))
#47 /home/vagrant/Code/wasosystem/vendor/laravel/framework/src/Illuminate/Routing/Pipeline.php(53): Illuminate\\Pipeline\\Pipeline->Illuminate\\Pipeline\\{closure}(Object(Illuminate\\Http\\Request))
#48 /home/vagrant/Code/wasosystem/vendor/fideloper/proxy/src/TrustProxies.php(57): Illuminate\\Routing\\Pipeline->Illuminate\\Routing\\{closure}(Object(Illuminate\\Http\\Request))
#49 /home/vagrant/Code/wasosystem/vendor/laravel/framework/src/Illuminate/Pipeline/Pipeline.php(151): Fideloper\\Proxy\\TrustProxies->handle(Object(Illuminate\\Http\\Request), Object(Closure))
#50 /home/vagrant/Code/wasosystem/vendor/laravel/framework/src/Illuminate/Routing/Pipeline.php(53): Illuminate\\Pipeline\\Pipeline->Illuminate\\Pipeline\\{closure}(Object(Illuminate\\Http\\Request))
#51 /home/vagrant/Code/wasosystem/vendor/laravel/framework/src/Illuminate/Foundation/Http/Middleware/TransformsRequest.php(31): Illuminate\\Routing\\Pipeline->Illuminate\\Routing\\{closure}(Object(Illuminate\\Http\\Request))
#52 /home/vagrant/Code/wasosystem/vendor/laravel/framework/src/Illuminate/Pipeline/Pipeline.php(151): Illuminate\\Foundation\\Http\\Middleware\\TransformsRequest->handle(Object(Illuminate\\Http\\Request), Object(Closure))
#53 /home/vagrant/Code/wasosystem/vendor/laravel/framework/src/Illuminate/Routing/Pipeline.php(53): Illuminate\\Pipeline\\Pipeline->Illuminate\\Pipeline\\{closure}(Object(Illuminate\\Http\\Request))
#54 /home/vagrant/Code/wasosystem/vendor/laravel/framework/src/Illuminate/Foundation/Http/Middleware/TransformsRequest.php(31): Illuminate\\Routing\\Pipeline->Illuminate\\Routing\\{closure}(Object(Illuminate\\Http\\Request))
#55 /home/vagrant/Code/wasosystem/vendor/laravel/framework/src/Illuminate/Pipeline/Pipeline.php(151): Illuminate\\Foundation\\Http\\Middleware\\TransformsRequest->handle(Object(Illuminate\\Http\\Request), Object(Closure))
#56 /home/vagrant/Code/wasosystem/vendor/laravel/framework/src/Illuminate/Routing/Pipeline.php(53): Illuminate\\Pipeline\\Pipeline->Illuminate\\Pipeline\\{closure}(Object(Illuminate\\Http\\Request))
#57 /home/vagrant/Code/wasosystem/vendor/laravel/framework/src/Illuminate/Foundation/Http/Middleware/ValidatePostSize.php(27): Illuminate\\Routing\\Pipeline->Illuminate\\Routing\\{closure}(Object(Illuminate\\Http\\Request))
#58 /home/vagrant/Code/wasosystem/vendor/laravel/framework/src/Illuminate/Pipeline/Pipeline.php(151): Illuminate\\Foundation\\Http\\Middleware\\ValidatePostSize->handle(Object(Illuminate\\Http\\Request), Object(Closure))
#59 /home/vagrant/Code/wasosystem/vendor/laravel/framework/src/Illuminate/Routing/Pipeline.php(53): Illuminate\\Pipeline\\Pipeline->Illuminate\\Pipeline\\{closure}(Object(Illuminate\\Http\\Request))
#60 /home/vagrant/Code/wasosystem/vendor/laravel/framework/src/Illuminate/Foundation/Http/Middleware/CheckForMaintenanceMode.php(62): Illuminate\\Routing\\Pipeline->Illuminate\\Routing\\{closure}(Object(Illuminate\\Http\\Request))
#61 /home/vagrant/Code/wasosystem/vendor/laravel/framework/src/Illuminate/Pipeline/Pipeline.php(151): Illuminate\\Foundation\\Http\\Middleware\\CheckForMaintenanceMode->handle(Object(Illuminate\\Http\\Request), Object(Closure))
#62 /home/vagrant/Code/wasosystem/vendor/laravel/framework/src/Illuminate/Routing/Pipeline.php(53): Illuminate\\Pipeline\\Pipeline->Illuminate\\Pipeline\\{closure}(Object(Illuminate\\Http\\Request))
#63 /home/vagrant/Code/wasosystem/vendor/dingo/api/src/Http/Middleware/Request.php(111): Illuminate\\Routing\\Pipeline->Illuminate\\Routing\\{closure}(Object(Illuminate\\Http\\Request))
#64 /home/vagrant/Code/wasosystem/vendor/laravel/framework/src/Illuminate/Pipeline/Pipeline.php(151): Dingo\\Api\\Http\\Middleware\\Request->handle(Object(Illuminate\\Http\\Request), Object(Closure))
#65 /home/vagrant/Code/wasosystem/vendor/laravel/framework/src/Illuminate/Routing/Pipeline.php(53): Illuminate\\Pipeline\\Pipeline->Illuminate\\Pipeline\\{closure}(Object(Illuminate\\Http\\Request))
#66 /home/vagrant/Code/wasosystem/vendor/laravel/framework/src/Illuminate/Pipeline/Pipeline.php(104): Illuminate\\Routing\\Pipeline->Illuminate\\Routing\\{closure}(Object(Illuminate\\Http\\Request))
#67 /home/vagrant/Code/wasosystem/vendor/laravel/framework/src/Illuminate/Foundation/Http/Kernel.php(151): Illuminate\\Pipeline\\Pipeline->then(Object(Closure))
#68 /home/vagrant/Code/wasosystem/vendor/laravel/framework/src/Illuminate/Foundation/Http/Kernel.php(116): Illuminate\\Foundation\\Http\\Kernel->sendRequestThroughRouter(Object(Illuminate\\Http\\Request))
#69 /home/vagrant/Code/wasosystem/public/index.php(55): Illuminate\\Foundation\\Http\\Kernel->handle(Object(Illuminate\\Http\\Request))
#70 {main}
"} 
[2018-12-28 12:00:03] local.INFO: 整机产品更新价格成功！  
[2018-12-28 12:00:03] local.INFO: 自建产品更新价格成功！  
[2018-12-28 13:00:02] local.INFO: 整机产品更新价格成功！  
[2018-12-28 13:00:02] local.INFO: 自建产品更新价格成功！  
[2018-12-28 14:00:01] local.INFO: 整机产品更新价格成功！  
[2018-12-28 14:00:02] local.INFO: 自建产品更新价格成功！  
[2018-12-28 15:05:33] local.INFO: 整机产品更新价格成功！  
[2018-12-28 15:05:33] local.INFO: 自建产品更新价格成功！  
[2018-12-28 15:21:01] local.ERROR: Call to undefined function App\Console\withoutOverlapping() {"exception":"[object] (Symfony\\Component\\Debug\\Exception\\FatalThrowableError(code: 0): Call to undefined function App\\Console\\withoutOverlapping() at /home/vagrant/Code/wasosystem/app/Console/Kernel.php:29)
[stacktrace]
#0 /home/vagrant/Code/wasosystem/vendor/laravel/framework/src/Illuminate/Foundation/Console/Kernel.php(107): App\\Console\\Kernel->schedule(Object(Illuminate\\Console\\Scheduling\\Schedule))
#1 /home/vagrant/Code/wasosystem/vendor/laravel/framework/src/Illuminate/Foundation/Console/Kernel.php(90): Illuminate\\Foundation\\Console\\Kernel->defineConsoleSchedule()
#2 [internal function]: Illuminate\\Foundation\\Console\\Kernel->Illuminate\\Foundation\\Console\\{closure}(Object(Illuminate\\Foundation\\Application))
#3 /home/vagrant/Code/wasosystem/vendor/laravel/framework/src/Illuminate/Foundation/Application.php(833): call_user_func(Object(Closure), Object(Illuminate\\Foundation\\Application))
#4 /home/vagrant/Code/wasosystem/vendor/laravel/framework/src/Illuminate/Foundation/Application.php(782): Illuminate\\Foundation\\Application->fireAppCallbacks(Array)
#5 /home/vagrant/Code/wasosystem/vendor/laravel/framework/src/Illuminate/Foundation/Bootstrap/BootProviders.php(17): Illuminate\\Foundation\\Application->boot()
#6 /home/vagrant/Code/wasosystem/vendor/laravel/framework/src/Illuminate/Foundation/Application.php(206): Illuminate\\Foundation\\Bootstrap\\BootProviders->bootstrap(Object(Illuminate\\Foundation\\Application))
#7 /home/vagrant/Code/wasosystem/vendor/laravel/framework/src/Illuminate/Foundation/Console/Kernel.php(297): Illuminate\\Foundation\\Application->bootstrapWith(Array)
#8 /home/vagrant/Code/wasosystem/vendor/laravel/framework/src/Illuminate/Foundation/Console/Kernel.php(120): Illuminate\\Foundation\\Console\\Kernel->bootstrap()
#9 /home/vagrant/Code/wasosystem/artisan(37): Illuminate\\Foundation\\Console\\Kernel->handle(Object(Symfony\\Component\\Console\\Input\\ArgvInput), Object(Symfony\\Component\\Console\\Output\\ConsoleOutput))
#10 {main}
"} 
[2018-12-28 15:22:02] local.ERROR: Call to undefined function App\Console\withoutOverlapping() {"exception":"[object] (Symfony\\Component\\Debug\\Exception\\FatalThrowableError(code: 0): Call to undefined function App\\Console\\withoutOverlapping() at /home/vagrant/Code/wasosystem/app/Console/Kernel.php:29)
[stacktrace]
#0 /home/vagrant/Code/wasosystem/vendor/laravel/framework/src/Illuminate/Foundation/Console/Kernel.php(107): App\\Console\\Kernel->schedule(Object(Illuminate\\Console\\Scheduling\\Schedule))
#1 /home/vagrant/Code/wasosystem/vendor/laravel/framework/src/Illuminate/Foundation/Console/Kernel.php(90): Illuminate\\Foundation\\Console\\Kernel->defineConsoleSchedule()
#2 [internal function]: Illuminate\\Foundation\\Console\\Kernel->Illuminate\\Foundation\\Console\\{closure}(Object(Illuminate\\Foundation\\Application))
#3 /home/vagrant/Code/wasosystem/vendor/laravel/framework/src/Illuminate/Foundation/Application.php(833): call_user_func(Object(Closure), Object(Illuminate\\Foundation\\Application))
#4 /home/vagrant/Code/wasosystem/vendor/laravel/framework/src/Illuminate/Foundation/Application.php(782): Illuminate\\Foundation\\Application->fireAppCallbacks(Array)
#5 /home/vagrant/Code/wasosystem/vendor/laravel/framework/src/Illuminate/Foundation/Bootstrap/BootProviders.php(17): Illuminate\\Foundation\\Application->boot()
#6 /home/vagrant/Code/wasosystem/vendor/laravel/framework/src/Illuminate/Foundation/Application.php(206): Illuminate\\Foundation\\Bootstrap\\BootProviders->bootstrap(Object(Illuminate\\Foundation\\Application))
#7 /home/vagrant/Code/wasosystem/vendor/laravel/framework/src/Illuminate/Foundation/Console/Kernel.php(297): Illuminate\\Foundation\\Application->bootstrapWith(Array)
#8 /home/vagrant/Code/wasosystem/vendor/laravel/framework/src/Illuminate/Foundation/Console/Kernel.php(120): Illuminate\\Foundation\\Console\\Kernel->bootstrap()
#9 /home/vagrant/Code/wasosystem/artisan(37): Illuminate\\Foundation\\Console\\Kernel->handle(Object(Symfony\\Component\\Console\\Input\\ArgvInput), Object(Symfony\\Component\\Console\\Output\\ConsoleOutput))
#10 {main}
"} 
[2018-12-28 15:23:03] local.ERROR: Call to undefined function App\Console\withoutOverlapping() {"exception":"[object] (Symfony\\Component\\Debug\\Exception\\FatalThrowableError(code: 0): Call to undefined function App\\Console\\withoutOverlapping() at /home/vagrant/Code/wasosystem/app/Console/Kernel.php:29)
[stacktrace]
#0 /home/vagrant/Code/wasosystem/vendor/laravel/framework/src/Illuminate/Foundation/Console/Kernel.php(107): App\\Console\\Kernel->schedule(Object(Illuminate\\Console\\Scheduling\\Schedule))
#1 /home/vagrant/Code/wasosystem/vendor/laravel/framework/src/Illuminate/Foundation/Console/Kernel.php(90): Illuminate\\Foundation\\Console\\Kernel->defineConsoleSchedule()
#2 [internal function]: Illuminate\\Foundation\\Console\\Kernel->Illuminate\\Foundation\\Console\\{closure}(Object(Illuminate\\Foundation\\Application))
#3 /home/vagrant/Code/wasosystem/vendor/laravel/framework/src/Illuminate/Foundation/Application.php(833): call_user_func(Object(Closure), Object(Illuminate\\Foundation\\Application))
#4 /home/vagrant/Code/wasosystem/vendor/laravel/framework/src/Illuminate/Foundation/Application.php(782): Illuminate\\Foundation\\Application->fireAppCallbacks(Array)
#5 /home/vagrant/Code/wasosystem/vendor/laravel/framework/src/Illuminate/Foundation/Bootstrap/BootProviders.php(17): Illuminate\\Foundation\\Application->boot()
#6 /home/vagrant/Code/wasosystem/vendor/laravel/framework/src/Illuminate/Foundation/Application.php(206): Illuminate\\Foundation\\Bootstrap\\BootProviders->bootstrap(Object(Illuminate\\Foundation\\Application))
#7 /home/vagrant/Code/wasosystem/vendor/laravel/framework/src/Illuminate/Foundation/Console/Kernel.php(297): Illuminate\\Foundation\\Application->bootstrapWith(Array)
#8 /home/vagrant/Code/wasosystem/vendor/laravel/framework/src/Illuminate/Foundation/Console/Kernel.php(120): Illuminate\\Foundation\\Console\\Kernel->bootstrap()
#9 /home/vagrant/Code/wasosystem/artisan(37): Illuminate\\Foundation\\Console\\Kernel->handle(Object(Symfony\\Component\\Console\\Input\\ArgvInput), Object(Symfony\\Component\\Console\\Output\\ConsoleOutput))
#10 {main}
"} 
[2018-12-28 15:24:02] local.ERROR: Call to undefined function App\Console\withoutOverlapping() {"exception":"[object] (Symfony\\Component\\Debug\\Exception\\FatalThrowableError(code: 0): Call to undefined function App\\Console\\withoutOverlapping() at /home/vagrant/Code/wasosystem/app/Console/Kernel.php:29)
[stacktrace]
#0 /home/vagrant/Code/wasosystem/vendor/laravel/framework/src/Illuminate/Foundation/Console/Kernel.php(107): App\\Console\\Kernel->schedule(Object(Illuminate\\Console\\Scheduling\\Schedule))
#1 /home/vagrant/Code/wasosystem/vendor/laravel/framework/src/Illuminate/Foundation/Console/Kernel.php(90): Illuminate\\Foundation\\Console\\Kernel->defineConsoleSchedule()
#2 [internal function]: Illuminate\\Foundation\\Console\\Kernel->Illuminate\\Foundation\\Console\\{closure}(Object(Illuminate\\Foundation\\Application))
#3 /home/vagrant/Code/wasosystem/vendor/laravel/framework/src/Illuminate/Foundation/Application.php(833): call_user_func(Object(Closure), Object(Illuminate\\Foundation\\Application))
#4 /home/vagrant/Code/wasosystem/vendor/laravel/framework/src/Illuminate/Foundation/Application.php(782): Illuminate\\Foundation\\Application->fireAppCallbacks(Array)
#5 /home/vagrant/Code/wasosystem/vendor/laravel/framework/src/Illuminate/Foundation/Bootstrap/BootProviders.php(17): Illuminate\\Foundation\\Application->boot()
#6 /home/vagrant/Code/wasosystem/vendor/laravel/framework/src/Illuminate/Foundation/Application.php(206): Illuminate\\Foundation\\Bootstrap\\BootProviders->bootstrap(Object(Illuminate\\Foundation\\Application))
#7 /home/vagrant/Code/wasosystem/vendor/laravel/framework/src/Illuminate/Foundation/Console/Kernel.php(297): Illuminate\\Foundation\\Application->bootstrapWith(Array)
#8 /home/vagrant/Code/wasosystem/vendor/laravel/framework/src/Illuminate/Foundation/Console/Kernel.php(120): Illuminate\\Foundation\\Console\\Kernel->bootstrap()
#9 /home/vagrant/Code/wasosystem/artisan(37): Illuminate\\Foundation\\Console\\Kernel->handle(Object(Symfony\\Component\\Console\\Input\\ArgvInput), Object(Symfony\\Component\\Console\\Output\\ConsoleOutput))
#10 {main}
"} 
[2018-12-28 15:25:01] local.ERROR: Call to undefined function App\Console\withoutOverlapping() {"exception":"[object] (Symfony\\Component\\Debug\\Exception\\FatalThrowableError(code: 0): Call to undefined function App\\Console\\withoutOverlapping() at /home/vagrant/Code/wasosystem/app/Console/Kernel.php:29)
[stacktrace]
#0 /home/vagrant/Code/wasosystem/vendor/laravel/framework/src/Illuminate/Foundation/Console/Kernel.php(107): App\\Console\\Kernel->schedule(Object(Illuminate\\Console\\Scheduling\\Schedule))
#1 /home/vagrant/Code/wasosystem/vendor/laravel/framework/src/Illuminate/Foundation/Console/Kernel.php(90): Illuminate\\Foundation\\Console\\Kernel->defineConsoleSchedule()
#2 [internal function]: Illuminate\\Foundation\\Console\\Kernel->Illuminate\\Foundation\\Console\\{closure}(Object(Illuminate\\Foundation\\Application))
#3 /home/vagrant/Code/wasosystem/vendor/laravel/framework/src/Illuminate/Foundation/Application.php(833): call_user_func(Object(Closure), Object(Illuminate\\Foundation\\Application))
#4 /home/vagrant/Code/wasosystem/vendor/laravel/framework/src/Illuminate/Foundation/Application.php(782): Illuminate\\Foundation\\Application->fireAppCallbacks(Array)
#5 /home/vagrant/Code/wasosystem/vendor/laravel/framework/src/Illuminate/Foundation/Bootstrap/BootProviders.php(17): Illuminate\\Foundation\\Application->boot()
#6 /home/vagrant/Code/wasosystem/vendor/laravel/framework/src/Illuminate/Foundation/Application.php(206): Illuminate\\Foundation\\Bootstrap\\BootProviders->bootstrap(Object(Illuminate\\Foundation\\Application))
#7 /home/vagrant/Code/wasosystem/vendor/laravel/framework/src/Illuminate/Foundation/Console/Kernel.php(297): Illuminate\\Foundation\\Application->bootstrapWith(Array)
#8 /home/vagrant/Code/wasosystem/vendor/laravel/framework/src/Illuminate/Foundation/Console/Kernel.php(120): Illuminate\\Foundation\\Console\\Kernel->bootstrap()
#9 /home/vagrant/Code/wasosystem/artisan(37): Illuminate\\Foundation\\Console\\Kernel->handle(Object(Symfony\\Component\\Console\\Input\\ArgvInput), Object(Symfony\\Component\\Console\\Output\\ConsoleOutput))
#10 {main}
"} 
[2018-12-28 15:25:04] local.ERROR: Call to undefined function App\Console\withoutOverlapping() {"exception":"[object] (Symfony\\Component\\Debug\\Exception\\FatalThrowableError(code: 0): Call to undefined function App\\Console\\withoutOverlapping() at /home/vagrant/Code/wasosystem/app/Console/Kernel.php:29)
[stacktrace]
#0 /home/vagrant/Code/wasosystem/vendor/laravel/framework/src/Illuminate/Foundation/Console/Kernel.php(107): App\\Console\\Kernel->schedule(Object(Illuminate\\Console\\Scheduling\\Schedule))
#1 /home/vagrant/Code/wasosystem/vendor/laravel/framework/src/Illuminate/Foundation/Console/Kernel.php(90): Illuminate\\Foundation\\Console\\Kernel->defineConsoleSchedule()
#2 [internal function]: Illuminate\\Foundation\\Console\\Kernel->Illuminate\\Foundation\\Console\\{closure}(Object(Illuminate\\Foundation\\Application))
#3 /home/vagrant/Code/wasosystem/vendor/laravel/framework/src/Illuminate/Foundation/Application.php(833): call_user_func(Object(Closure), Object(Illuminate\\Foundation\\Application))
#4 /home/vagrant/Code/wasosystem/vendor/laravel/framework/src/Illuminate/Foundation/Application.php(782): Illuminate\\Foundation\\Application->fireAppCallbacks(Array)
#5 /home/vagrant/Code/wasosystem/vendor/laravel/framework/src/Illuminate/Foundation/Bootstrap/BootProviders.php(17): Illuminate\\Foundation\\Application->boot()
#6 /home/vagrant/Code/wasosystem/vendor/laravel/framework/src/Illuminate/Foundation/Application.php(206): Illuminate\\Foundation\\Bootstrap\\BootProviders->bootstrap(Object(Illuminate\\Foundation\\Application))
#7 /home/vagrant/Code/wasosystem/vendor/laravel/framework/src/Illuminate/Foundation/Console/Kernel.php(297): Illuminate\\Foundation\\Application->bootstrapWith(Array)
#8 /home/vagrant/Code/wasosystem/vendor/laravel/framework/src/Illuminate/Foundation/Console/Kernel.php(120): Illuminate\\Foundation\\Console\\Kernel->bootstrap()
#9 /home/vagrant/Code/wasosystem/artisan(37): Illuminate\\Foundation\\Console\\Kernel->handle(Object(Symfony\\Component\\Console\\Input\\ArgvInput), Object(Symfony\\Component\\Console\\Output\\ConsoleOutput))
#10 {main}
"} 
[2018-12-28 16:00:11] local.INFO: 整机产品更新价格成功！  
[2018-12-28 16:00:11] local.INFO: 自建产品更新价格成功！  
[2018-12-28 16:54:10] local.ERROR: Debugbar exception: File does not exist at path /home/vagrant/Code/wasosystem/storage/debugbar/Xaf49b0fb4063df2f6146e8b46ae40fd7.json  
