[2018-12-11 14:47:08] local.INFO: Detected N+1 Query  
[2018-12-11 14:47:08] local.INFO: Model: App\Models\WarehouseOutManagement  
[2018-12-11 14:47:08] local.INFO: Relation: order  
[2018-12-11 14:47:08] local.INFO: Num-Called: 2  
[2018-12-11 14:47:08] local.INFO: Call-Stack:  
[2018-12-11 14:47:08] local.INFO: #19 /storage/framework/views/e6cbdea64fd26412aafe0954cd792b0ab790314f.php:45  
[2018-12-11 14:47:08] local.INFO: #21 /vendor/laravel/framework/src/Illuminate/View/Engines/CompilerEngine.php:59  
[2018-12-11 14:47:08] local.INFO: #22 /vendor/laravel/framework/src/Illuminate/View/View.php:142  
[2018-12-11 14:47:08] local.INFO: #23 /vendor/laravel/framework/src/Illuminate/View/View.php:125  
[2018-12-11 14:47:08] local.INFO: #24 /vendor/laravel/framework/src/Illuminate/View/View.php:90  
[2018-12-11 14:47:08] local.INFO: #25 /storage/framework/views/ac8fb7d32dc5816329d5286b511a90df8ba82cc5.php:45  
[2018-12-11 14:47:08] local.INFO: #27 /vendor/laravel/framework/src/Illuminate/View/Engines/CompilerEngine.php:59  
[2018-12-11 14:47:08] local.INFO: #28 /vendor/laravel/framework/src/Illuminate/View/View.php:142  
[2018-12-11 14:47:08] local.INFO: #29 /vendor/laravel/framework/src/Illuminate/View/View.php:125  
[2018-12-11 14:47:08] local.INFO: #30 /vendor/laravel/framework/src/Illuminate/View/View.php:90  
[2018-12-11 14:47:08] local.INFO: #31 /vendor/laravel/framework/src/Illuminate/Http/Response.php:42  
[2018-12-11 14:47:08] local.INFO: #32 /vendor/symfony/http-foundation/Response.php:202  
[2018-12-11 14:47:08] local.INFO: #33 /vendor/laravel/framework/src/Illuminate/Routing/Router.php:733  
[2018-12-11 14:47:08] local.INFO: #34 /vendor/laravel/framework/src/Illuminate/Routing/Router.php:705  
[2018-12-11 14:47:08] local.INFO: #35 /vendor/laravel/framework/src/Illuminate/Routing/Router.php:665  
[2018-12-11 14:47:08] local.INFO: #36 /vendor/laravel/framework/src/Illuminate/Routing/Pipeline.php:30  
[2018-12-11 14:47:08] local.INFO: #37 /app/Http/Middleware/AdminAuthMiddleware.php:26  
[2018-12-11 14:47:08] local.INFO: #38 /vendor/laravel/framework/src/Illuminate/Pipeline/Pipeline.php:151  
[2018-12-11 14:47:08] local.INFO: #39 /vendor/laravel/framework/src/Illuminate/Routing/Pipeline.php:53  
[2018-12-11 14:47:08] local.INFO: #40 /app/Http/Middleware/OperationLog.php:32  
[2018-12-11 14:47:08] local.INFO: #41 /vendor/laravel/framework/src/Illuminate/Pipeline/Pipeline.php:151  
[2018-12-11 14:47:08] local.INFO: #42 /vendor/laravel/framework/src/Illuminate/Routing/Pipeline.php:53  
[2018-12-11 14:47:08] local.INFO: #43 /vendor/laravel/framework/src/Illuminate/Routing/Middleware/SubstituteBindings.php:41  
[2018-12-11 14:47:08] local.INFO: #44 /vendor/laravel/framework/src/Illuminate/Pipeline/Pipeline.php:151  
[2018-12-11 14:47:08] local.INFO: #45 /vendor/laravel/framework/src/Illuminate/Routing/Pipeline.php:53  
[2018-12-11 14:47:08] local.INFO: #46 /vendor/laravel/framework/src/Illuminate/Foundation/Http/Middleware/VerifyCsrfToken.php:67  
[2018-12-11 14:47:08] local.INFO: #47 /vendor/laravel/framework/src/Illuminate/Pipeline/Pipeline.php:151  
[2018-12-11 14:47:08] local.INFO: #48 /vendor/laravel/framework/src/Illuminate/Routing/Pipeline.php:53  
[2018-12-11 14:47:08] local.INFO: #49 /vendor/laravel/framework/src/Illuminate/View/Middleware/ShareErrorsFromSession.php:49  
[2018-12-11 14:47:08] local.INFO: Model: App\Models\BarcodeAssociated  
[2018-12-11 14:47:08] local.INFO: Relation: order  
[2018-12-11 14:47:08] local.INFO: Num-Called: 4  
[2018-12-11 14:47:08] local.INFO: Call-Stack:  
[2018-12-11 14:47:08] local.INFO: #19 /storage/framework/views/e6cbdea64fd26412aafe0954cd792b0ab790314f.php:45  
[2018-12-11 14:47:08] local.INFO: #21 /vendor/laravel/framework/src/Illuminate/View/Engines/CompilerEngine.php:59  
[2018-12-11 14:47:08] local.INFO: #22 /vendor/laravel/framework/src/Illuminate/View/View.php:142  
[2018-12-11 14:47:08] local.INFO: #23 /vendor/laravel/framework/src/Illuminate/View/View.php:125  
[2018-12-11 14:47:08] local.INFO: #24 /vendor/laravel/framework/src/Illuminate/View/View.php:90  
[2018-12-11 14:47:08] local.INFO: #25 /storage/framework/views/ac8fb7d32dc5816329d5286b511a90df8ba82cc5.php:45  
[2018-12-11 14:47:08] local.INFO: #27 /vendor/laravel/framework/src/Illuminate/View/Engines/CompilerEngine.php:59  
[2018-12-11 14:47:08] local.INFO: #28 /vendor/laravel/framework/src/Illuminate/View/View.php:142  
[2018-12-11 14:47:08] local.INFO: #29 /vendor/laravel/framework/src/Illuminate/View/View.php:125  
[2018-12-11 14:47:08] local.INFO: #30 /vendor/laravel/framework/src/Illuminate/View/View.php:90  
[2018-12-11 14:47:08] local.INFO: #31 /vendor/laravel/framework/src/Illuminate/Http/Response.php:42  
[2018-12-11 14:47:08] local.INFO: #32 /vendor/symfony/http-foundation/Response.php:202  
[2018-12-11 14:47:08] local.INFO: #33 /vendor/laravel/framework/src/Illuminate/Routing/Router.php:733  
[2018-12-11 14:47:08] local.INFO: #34 /vendor/laravel/framework/src/Illuminate/Routing/Router.php:705  
[2018-12-11 14:47:08] local.INFO: #35 /vendor/laravel/framework/src/Illuminate/Routing/Router.php:665  
[2018-12-11 14:47:08] local.INFO: #36 /vendor/laravel/framework/src/Illuminate/Routing/Pipeline.php:30  
[2018-12-11 14:47:08] local.INFO: #37 /app/Http/Middleware/AdminAuthMiddleware.php:26  
[2018-12-11 14:47:08] local.INFO: #38 /vendor/laravel/framework/src/Illuminate/Pipeline/Pipeline.php:151  
[2018-12-11 14:47:08] local.INFO: #39 /vendor/laravel/framework/src/Illuminate/Routing/Pipeline.php:53  
[2018-12-11 14:47:08] local.INFO: #40 /app/Http/Middleware/OperationLog.php:32  
[2018-12-11 14:47:08] local.INFO: #41 /vendor/laravel/framework/src/Illuminate/Pipeline/Pipeline.php:151  
[2018-12-11 14:47:08] local.INFO: #42 /vendor/laravel/framework/src/Illuminate/Routing/Pipeline.php:53  
[2018-12-11 14:47:08] local.INFO: #43 /vendor/laravel/framework/src/Illuminate/Routing/Middleware/SubstituteBindings.php:41  
[2018-12-11 14:47:08] local.INFO: #44 /vendor/laravel/framework/src/Illuminate/Pipeline/Pipeline.php:151  
[2018-12-11 14:47:08] local.INFO: #45 /vendor/laravel/framework/src/Illuminate/Routing/Pipeline.php:53  
[2018-12-11 14:47:08] local.INFO: #46 /vendor/laravel/framework/src/Illuminate/Foundation/Http/Middleware/VerifyCsrfToken.php:67  
[2018-12-11 14:47:08] local.INFO: #47 /vendor/laravel/framework/src/Illuminate/Pipeline/Pipeline.php:151  
[2018-12-11 14:47:08] local.INFO: #48 /vendor/laravel/framework/src/Illuminate/Routing/Pipeline.php:53  
[2018-12-11 14:47:08] local.INFO: #49 /vendor/laravel/framework/src/Illuminate/View/Middleware/ShareErrorsFromSession.php:49  
[2018-12-11 14:47:17] local.INFO: Detected N+1 Query  
[2018-12-11 14:47:17] local.INFO: Model: App\Models\WarehouseOutManagement  
[2018-12-11 14:47:17] local.INFO: Relation: order  
[2018-12-11 14:47:17] local.INFO: Num-Called: 2  
[2018-12-11 14:47:17] local.INFO: Call-Stack:  
[2018-12-11 14:47:17] local.INFO: #19 /storage/framework/views/e6cbdea64fd26412aafe0954cd792b0ab790314f.php:45  
[2018-12-11 14:47:17] local.INFO: #21 /vendor/laravel/framework/src/Illuminate/View/Engines/CompilerEngine.php:59  
[2018-12-11 14:47:17] local.INFO: #22 /vendor/laravel/framework/src/Illuminate/View/View.php:142  
[2018-12-11 14:47:17] local.INFO: #23 /vendor/laravel/framework/src/Illuminate/View/View.php:125  
[2018-12-11 14:47:17] local.INFO: #24 /vendor/laravel/framework/src/Illuminate/View/View.php:90  
[2018-12-11 14:47:17] local.INFO: #25 /storage/framework/views/ac8fb7d32dc5816329d5286b511a90df8ba82cc5.php:45  
[2018-12-11 14:47:17] local.INFO: #27 /vendor/laravel/framework/src/Illuminate/View/Engines/CompilerEngine.php:59  
[2018-12-11 14:47:17] local.INFO: #28 /vendor/laravel/framework/src/Illuminate/View/View.php:142  
[2018-12-11 14:47:17] local.INFO: #29 /vendor/laravel/framework/src/Illuminate/View/View.php:125  
[2018-12-11 14:47:17] local.INFO: #30 /vendor/laravel/framework/src/Illuminate/View/View.php:90  
[2018-12-11 14:47:17] local.INFO: #31 /vendor/laravel/framework/src/Illuminate/Http/Response.php:42  
[2018-12-11 14:47:17] local.INFO: #32 /vendor/symfony/http-foundation/Response.php:202  
[2018-12-11 14:47:17] local.INFO: #33 /vendor/laravel/framework/src/Illuminate/Routing/Router.php:733  
[2018-12-11 14:47:17] local.INFO: #34 /vendor/laravel/framework/src/Illuminate/Routing/Router.php:705  
[2018-12-11 14:47:17] local.INFO: #35 /vendor/laravel/framework/src/Illuminate/Routing/Router.php:665  
[2018-12-11 14:47:17] local.INFO: #36 /vendor/laravel/framework/src/Illuminate/Routing/Pipeline.php:30  
[2018-12-11 14:47:17] local.INFO: #37 /app/Http/Middleware/AdminAuthMiddleware.php:26  
[2018-12-11 14:47:17] local.INFO: #38 /vendor/laravel/framework/src/Illuminate/Pipeline/Pipeline.php:151  
[2018-12-11 14:47:17] local.INFO: #39 /vendor/laravel/framework/src/Illuminate/Routing/Pipeline.php:53  
[2018-12-11 14:47:17] local.INFO: #40 /app/Http/Middleware/OperationLog.php:32  
[2018-12-11 14:47:17] local.INFO: #41 /vendor/laravel/framework/src/Illuminate/Pipeline/Pipeline.php:151  
[2018-12-11 14:47:17] local.INFO: #42 /vendor/laravel/framework/src/Illuminate/Routing/Pipeline.php:53  
[2018-12-11 14:47:17] local.INFO: #43 /vendor/laravel/framework/src/Illuminate/Routing/Middleware/SubstituteBindings.php:41  
[2018-12-11 14:47:17] local.INFO: #44 /vendor/laravel/framework/src/Illuminate/Pipeline/Pipeline.php:151  
[2018-12-11 14:47:17] local.INFO: #45 /vendor/laravel/framework/src/Illuminate/Routing/Pipeline.php:53  
[2018-12-11 14:47:17] local.INFO: #46 /vendor/laravel/framework/src/Illuminate/Foundation/Http/Middleware/VerifyCsrfToken.php:67  
[2018-12-11 14:47:17] local.INFO: #47 /vendor/laravel/framework/src/Illuminate/Pipeline/Pipeline.php:151  
[2018-12-11 14:47:17] local.INFO: #48 /vendor/laravel/framework/src/Illuminate/Routing/Pipeline.php:53  
[2018-12-11 14:47:17] local.INFO: #49 /vendor/laravel/framework/src/Illuminate/View/Middleware/ShareErrorsFromSession.php:49  
[2018-12-11 14:47:17] local.INFO: Model: App\Models\BarcodeAssociated  
[2018-12-11 14:47:17] local.INFO: Relation: order  
[2018-12-11 14:47:17] local.INFO: Num-Called: 4  
[2018-12-11 14:47:17] local.INFO: Call-Stack:  
[2018-12-11 14:47:17] local.INFO: #19 /storage/framework/views/e6cbdea64fd26412aafe0954cd792b0ab790314f.php:45  
[2018-12-11 14:47:17] local.INFO: #21 /vendor/laravel/framework/src/Illuminate/View/Engines/CompilerEngine.php:59  
[2018-12-11 14:47:17] local.INFO: #22 /vendor/laravel/framework/src/Illuminate/View/View.php:142  
[2018-12-11 14:47:17] local.INFO: #23 /vendor/laravel/framework/src/Illuminate/View/View.php:125  
[2018-12-11 14:47:17] local.INFO: #24 /vendor/laravel/framework/src/Illuminate/View/View.php:90  
[2018-12-11 14:47:17] local.INFO: #25 /storage/framework/views/ac8fb7d32dc5816329d5286b511a90df8ba82cc5.php:45  
[2018-12-11 14:47:17] local.INFO: #27 /vendor/laravel/framework/src/Illuminate/View/Engines/CompilerEngine.php:59  
[2018-12-11 14:47:17] local.INFO: #28 /vendor/laravel/framework/src/Illuminate/View/View.php:142  
[2018-12-11 14:47:17] local.INFO: #29 /vendor/laravel/framework/src/Illuminate/View/View.php:125  
[2018-12-11 14:47:17] local.INFO: #30 /vendor/laravel/framework/src/Illuminate/View/View.php:90  
[2018-12-11 14:47:17] local.INFO: #31 /vendor/laravel/framework/src/Illuminate/Http/Response.php:42  
[2018-12-11 14:47:17] local.INFO: #32 /vendor/symfony/http-foundation/Response.php:202  
[2018-12-11 14:47:17] local.INFO: #33 /vendor/laravel/framework/src/Illuminate/Routing/Router.php:733  
[2018-12-11 14:47:17] local.INFO: #34 /vendor/laravel/framework/src/Illuminate/Routing/Router.php:705  
[2018-12-11 14:47:17] local.INFO: #35 /vendor/laravel/framework/src/Illuminate/Routing/Router.php:665  
[2018-12-11 14:47:17] local.INFO: #36 /vendor/laravel/framework/src/Illuminate/Routing/Pipeline.php:30  
[2018-12-11 14:47:17] local.INFO: #37 /app/Http/Middleware/AdminAuthMiddleware.php:26  
[2018-12-11 14:47:17] local.INFO: #38 /vendor/laravel/framework/src/Illuminate/Pipeline/Pipeline.php:151  
[2018-12-11 14:47:17] local.INFO: #39 /vendor/laravel/framework/src/Illuminate/Routing/Pipeline.php:53  
[2018-12-11 14:47:17] local.INFO: #40 /app/Http/Middleware/OperationLog.php:32  
[2018-12-11 14:47:17] local.INFO: #41 /vendor/laravel/framework/src/Illuminate/Pipeline/Pipeline.php:151  
[2018-12-11 14:47:17] local.INFO: #42 /vendor/laravel/framework/src/Illuminate/Routing/Pipeline.php:53  
[2018-12-11 14:47:17] local.INFO: #43 /vendor/laravel/framework/src/Illuminate/Routing/Middleware/SubstituteBindings.php:41  
[2018-12-11 14:47:17] local.INFO: #44 /vendor/laravel/framework/src/Illuminate/Pipeline/Pipeline.php:151  
[2018-12-11 14:47:17] local.INFO: #45 /vendor/laravel/framework/src/Illuminate/Routing/Pipeline.php:53  
[2018-12-11 14:47:17] local.INFO: #46 /vendor/laravel/framework/src/Illuminate/Foundation/Http/Middleware/VerifyCsrfToken.php:67  
[2018-12-11 14:47:17] local.INFO: #47 /vendor/laravel/framework/src/Illuminate/Pipeline/Pipeline.php:151  
[2018-12-11 14:47:17] local.INFO: #48 /vendor/laravel/framework/src/Illuminate/Routing/Pipeline.php:53  
[2018-12-11 14:47:17] local.INFO: #49 /vendor/laravel/framework/src/Illuminate/View/Middleware/ShareErrorsFromSession.php:49  
[2018-12-11 14:55:19] local.INFO: Detected N+1 Query  
[2018-12-11 14:55:19] local.INFO: Model: App\Models\Order  
[2018-12-11 14:55:19] local.INFO: Relation: order_demand_management  
[2018-12-11 14:55:19] local.INFO: Num-Called: 20  
[2018-12-11 14:55:19] local.INFO: Call-Stack:  
[2018-12-11 14:55:19] local.INFO: #17 /storage/framework/views/afea7962be748ac5a3f60f0ddb284740d9247a11.php:74  
[2018-12-11 14:55:19] local.INFO: #19 /vendor/laravel/framework/src/Illuminate/View/Engines/CompilerEngine.php:59  
[2018-12-11 14:55:19] local.INFO: #20 /vendor/laravel/framework/src/Illuminate/View/View.php:142  
[2018-12-11 14:55:19] local.INFO: #21 /vendor/laravel/framework/src/Illuminate/View/View.php:125  
[2018-12-11 14:55:19] local.INFO: #22 /vendor/laravel/framework/src/Illuminate/View/View.php:90  
[2018-12-11 14:55:19] local.INFO: #23 /vendor/laravel/framework/src/Illuminate/Http/Response.php:42  
[2018-12-11 14:55:19] local.INFO: #24 /vendor/symfony/http-foundation/Response.php:202  
[2018-12-11 14:55:19] local.INFO: #25 /vendor/laravel/framework/src/Illuminate/Routing/Router.php:733  
[2018-12-11 14:55:19] local.INFO: #26 /vendor/laravel/framework/src/Illuminate/Routing/Router.php:705  
[2018-12-11 14:55:19] local.INFO: #27 /vendor/laravel/framework/src/Illuminate/Routing/Router.php:665  
[2018-12-11 14:55:19] local.INFO: #28 /vendor/laravel/framework/src/Illuminate/Routing/Pipeline.php:30  
[2018-12-11 14:55:19] local.INFO: #29 /app/Http/Middleware/AdminAuthMiddleware.php:26  
[2018-12-11 14:55:19] local.INFO: #30 /vendor/laravel/framework/src/Illuminate/Pipeline/Pipeline.php:151  
[2018-12-11 14:55:19] local.INFO: #31 /vendor/laravel/framework/src/Illuminate/Routing/Pipeline.php:53  
[2018-12-11 14:55:19] local.INFO: #32 /app/Http/Middleware/OperationLog.php:32  
[2018-12-11 14:55:19] local.INFO: #33 /vendor/laravel/framework/src/Illuminate/Pipeline/Pipeline.php:151  
[2018-12-11 14:55:19] local.INFO: #34 /vendor/laravel/framework/src/Illuminate/Routing/Pipeline.php:53  
[2018-12-11 14:55:19] local.INFO: #35 /vendor/laravel/framework/src/Illuminate/Routing/Middleware/SubstituteBindings.php:41  
[2018-12-11 14:55:19] local.INFO: #36 /vendor/laravel/framework/src/Illuminate/Pipeline/Pipeline.php:151  
[2018-12-11 14:55:19] local.INFO: #37 /vendor/laravel/framework/src/Illuminate/Routing/Pipeline.php:53  
[2018-12-11 14:55:19] local.INFO: #38 /vendor/laravel/framework/src/Illuminate/Foundation/Http/Middleware/VerifyCsrfToken.php:67  
[2018-12-11 14:55:19] local.INFO: #39 /vendor/laravel/framework/src/Illuminate/Pipeline/Pipeline.php:151  
[2018-12-11 14:55:19] local.INFO: #40 /vendor/laravel/framework/src/Illuminate/Routing/Pipeline.php:53  
[2018-12-11 14:55:19] local.INFO: #41 /vendor/laravel/framework/src/Illuminate/View/Middleware/ShareErrorsFromSession.php:49  
[2018-12-11 14:55:19] local.INFO: #42 /vendor/laravel/framework/src/Illuminate/Pipeline/Pipeline.php:151  
[2018-12-11 14:55:19] local.INFO: #43 /vendor/laravel/framework/src/Illuminate/Routing/Pipeline.php:53  
[2018-12-11 14:55:19] local.INFO: #44 /vendor/laravel/framework/src/Illuminate/Session/Middleware/StartSession.php:63  
[2018-12-11 14:55:19] local.INFO: #45 /vendor/laravel/framework/src/Illuminate/Pipeline/Pipeline.php:151  
[2018-12-11 14:55:19] local.INFO: #46 /vendor/laravel/framework/src/Illuminate/Routing/Pipeline.php:53  
[2018-12-11 14:55:19] local.INFO: #47 /vendor/laravel/framework/src/Illuminate/Cookie/Middleware/AddQueuedCookiesToResponse.php:37  
[2018-12-11 14:55:19] local.INFO: #48 /vendor/laravel/framework/src/Illuminate/Pipeline/Pipeline.php:151  
[2018-12-11 14:55:19] local.INFO: #49 /vendor/laravel/framework/src/Illuminate/Routing/Pipeline.php:53  
[2018-12-11 15:26:10] local.NOTICE: 813-周应伟 | POST waso/menus | 提交的参数：{"parent_id":"27","cats":"web","name":"tongji","slug":"marketing_statistics","url":"admin.marketing_statistics.index"} | 127.0.0.0 中国 成都市 (本地调试) 四川  
[2018-12-11 15:26:30] local.NOTICE: 813-周应伟 | POST waso/menus | 提交的参数：{"parent_id":"27","cats":"web","name":"tongji","slug":"marketing_statisticss","url":"admin.marketing_statistics.index"} | 127.0.0.0 中国 成都市 (本地调试) 四川  
[2018-12-11 15:26:52] local.NOTICE: 813-周应伟 | POST waso/permissions | 提交的参数：{"name":"show marketing_statisticss","title":"统计","roles":["2"]} | 127.0.0.0 中国 成都市 (本地调试) 四川  
[2018-12-11 15:28:06] local.ERROR: Route [admin.marketing_statistics.index] not defined. (View: /home/vagrant/Code/wasosystem/resources/views/admin/index/i_leftsider.blade.php) (View: /home/vagrant/Code/wasosystem/resources/views/admin/index/i_leftsider.blade.php) {"userId":47,"email":"15208128210@qq.com","exception":"[object] (ErrorException(code: 0): Route [admin.marketing_statistics.index] not defined. (View: /home/vagrant/Code/wasosystem/resources/views/admin/index/i_leftsider.blade.php) (View: /home/vagrant/Code/wasosystem/resources/views/admin/index/i_leftsider.blade.php) at /home/vagrant/Code/wasosystem/vendor/laravel/framework/src/Illuminate/Routing/UrlGenerator.php:372, ErrorException(code: 0): Route [admin.marketing_statistics.index] not defined. (View: /home/vagrant/Code/wasosystem/resources/views/admin/index/i_leftsider.blade.php) at /home/vagrant/Code/wasosystem/vendor/laravel/framework/src/Illuminate/Routing/UrlGenerator.php:372, InvalidArgumentException(code: 0): Route [admin.marketing_statistics.index] not defined. at /home/vagrant/Code/wasosystem/vendor/laravel/framework/src/Illuminate/Routing/UrlGenerator.php:372)
[stacktrace]
#0 /home/vagrant/Code/wasosystem/vendor/laravel/framework/src/Illuminate/View/Engines/PhpEngine.php(45): Illuminate\\View\\Engines\\CompilerEngine->handleViewException(Object(ErrorException), 1)
#1 /home/vagrant/Code/wasosystem/vendor/laravel/framework/src/Illuminate/View/Engines/CompilerEngine.php(59): Illuminate\\View\\Engines\\PhpEngine->evaluatePath('/home/vagrant/C...', Array)
#2 /home/vagrant/Code/wasosystem/vendor/laravel/framework/src/Illuminate/View/View.php(142): Illuminate\\View\\Engines\\CompilerEngine->get('/home/vagrant/C...', Array)
#3 /home/vagrant/Code/wasosystem/vendor/laravel/framework/src/Illuminate/View/View.php(125): Illuminate\\View\\View->getContents()
#4 /home/vagrant/Code/wasosystem/vendor/laravel/framework/src/Illuminate/View/View.php(90): Illuminate\\View\\View->renderContents()
#5 /home/vagrant/Code/wasosystem/vendor/laravel/framework/src/Illuminate/Http/Response.php(42): Illuminate\\View\\View->render()
#6 /home/vagrant/Code/wasosystem/vendor/symfony/http-foundation/Response.php(202): Illuminate\\Http\\Response->setContent(Object(Illuminate\\View\\View))
#7 /home/vagrant/Code/wasosystem/vendor/laravel/framework/src/Illuminate/Routing/Router.php(733): Symfony\\Component\\HttpFoundation\\Response->__construct(Object(Illuminate\\View\\View))
#8 /home/vagrant/Code/wasosystem/vendor/laravel/framework/src/Illuminate/Routing/Router.php(705): Illuminate\\Routing\\Router::toResponse(Object(Illuminate\\Http\\Request), Object(Illuminate\\View\\View))
#9 /home/vagrant/Code/wasosystem/vendor/laravel/framework/src/Illuminate/Routing/Router.php(665): Illuminate\\Routing\\Router->prepareResponse(Object(Illuminate\\Http\\Request), Object(Illuminate\\View\\View))
#10 /home/vagrant/Code/wasosystem/vendor/laravel/framework/src/Illuminate/Routing/Pipeline.php(30): Illuminate\\Routing\\Router->Illuminate\\Routing\\{closure}(Object(Illuminate\\Http\\Request))
#11 /home/vagrant/Code/wasosystem/app/Http/Middleware/AdminAuthMiddleware.php(26): Illuminate\\Routing\\Pipeline->Illuminate\\Routing\\{closure}(Object(Illuminate\\Http\\Request))
#12 /home/vagrant/Code/wasosystem/vendor/laravel/framework/src/Illuminate/Pipeline/Pipeline.php(151): App\\Http\\Middleware\\AdminAuthMiddleware->handle(Object(Illuminate\\Http\\Request), Object(Closure), 'admin')
#13 /home/vagrant/Code/wasosystem/vendor/laravel/framework/src/Illuminate/Routing/Pipeline.php(53): Illuminate\\Pipeline\\Pipeline->Illuminate\\Pipeline\\{closure}(Object(Illuminate\\Http\\Request))
#14 /home/vagrant/Code/wasosystem/app/Http/Middleware/OperationLog.php(32): Illuminate\\Routing\\Pipeline->Illuminate\\Routing\\{closure}(Object(Illuminate\\Http\\Request))
#15 /home/vagrant/Code/wasosystem/vendor/laravel/framework/src/Illuminate/Pipeline/Pipeline.php(151): App\\Http\\Middleware\\OperationLog->handle(Object(Illuminate\\Http\\Request), Object(Closure))
#16 /home/vagrant/Code/wasosystem/vendor/laravel/framework/src/Illuminate/Routing/Pipeline.php(53): Illuminate\\Pipeline\\Pipeline->Illuminate\\Pipeline\\{closure}(Object(Illuminate\\Http\\Request))
#17 /home/vagrant/Code/wasosystem/vendor/laravel/framework/src/Illuminate/Routing/Middleware/SubstituteBindings.php(41): Illuminate\\Routing\\Pipeline->Illuminate\\Routing\\{closure}(Object(Illuminate\\Http\\Request))
#18 /home/vagrant/Code/wasosystem/vendor/laravel/framework/src/Illuminate/Pipeline/Pipeline.php(151): Illuminate\\Routing\\Middleware\\SubstituteBindings->handle(Object(Illuminate\\Http\\Request), Object(Closure))
#19 /home/vagrant/Code/wasosystem/vendor/laravel/framework/src/Illuminate/Routing/Pipeline.php(53): Illuminate\\Pipeline\\Pipeline->Illuminate\\Pipeline\\{closure}(Object(Illuminate\\Http\\Request))
#20 /home/vagrant/Code/wasosystem/vendor/laravel/framework/src/Illuminate/Foundation/Http/Middleware/VerifyCsrfToken.php(67): Illuminate\\Routing\\Pipeline->Illuminate\\Routing\\{closure}(Object(Illuminate\\Http\\Request))
#21 /home/vagrant/Code/wasosystem/vendor/laravel/framework/src/Illuminate/Pipeline/Pipeline.php(151): Illuminate\\Foundation\\Http\\Middleware\\VerifyCsrfToken->handle(Object(Illuminate\\Http\\Request), Object(Closure))
#22 /home/vagrant/Code/wasosystem/vendor/laravel/framework/src/Illuminate/Routing/Pipeline.php(53): Illuminate\\Pipeline\\Pipeline->Illuminate\\Pipeline\\{closure}(Object(Illuminate\\Http\\Request))
#23 /home/vagrant/Code/wasosystem/vendor/laravel/framework/src/Illuminate/View/Middleware/ShareErrorsFromSession.php(49): Illuminate\\Routing\\Pipeline->Illuminate\\Routing\\{closure}(Object(Illuminate\\Http\\Request))
#24 /home/vagrant/Code/wasosystem/vendor/laravel/framework/src/Illuminate/Pipeline/Pipeline.php(151): Illuminate\\View\\Middleware\\ShareErrorsFromSession->handle(Object(Illuminate\\Http\\Request), Object(Closure))
#25 /home/vagrant/Code/wasosystem/vendor/laravel/framework/src/Illuminate/Routing/Pipeline.php(53): Illuminate\\Pipeline\\Pipeline->Illuminate\\Pipeline\\{closure}(Object(Illuminate\\Http\\Request))
#26 /home/vagrant/Code/wasosystem/vendor/laravel/framework/src/Illuminate/Session/Middleware/StartSession.php(63): Illuminate\\Routing\\Pipeline->Illuminate\\Routing\\{closure}(Object(Illuminate\\Http\\Request))
#27 /home/vagrant/Code/wasosystem/vendor/laravel/framework/src/Illuminate/Pipeline/Pipeline.php(151): Illuminate\\Session\\Middleware\\StartSession->handle(Object(Illuminate\\Http\\Request), Object(Closure))
#28 /home/vagrant/Code/wasosystem/vendor/laravel/framework/src/Illuminate/Routing/Pipeline.php(53): Illuminate\\Pipeline\\Pipeline->Illuminate\\Pipeline\\{closure}(Object(Illuminate\\Http\\Request))
#29 /home/vagrant/Code/wasosystem/vendor/laravel/framework/src/Illuminate/Cookie/Middleware/AddQueuedCookiesToResponse.php(37): Illuminate\\Routing\\Pipeline->Illuminate\\Routing\\{closure}(Object(Illuminate\\Http\\Request))
#30 /home/vagrant/Code/wasosystem/vendor/laravel/framework/src/Illuminate/Pipeline/Pipeline.php(151): Illuminate\\Cookie\\Middleware\\AddQueuedCookiesToResponse->handle(Object(Illuminate\\Http\\Request), Object(Closure))
#31 /home/vagrant/Code/wasosystem/vendor/laravel/framework/src/Illuminate/Routing/Pipeline.php(53): Illuminate\\Pipeline\\Pipeline->Illuminate\\Pipeline\\{closure}(Object(Illuminate\\Http\\Request))
#32 /home/vagrant/Code/wasosystem/vendor/laravel/framework/src/Illuminate/Cookie/Middleware/EncryptCookies.php(59): Illuminate\\Routing\\Pipeline->Illuminate\\Routing\\{closure}(Object(Illuminate\\Http\\Request))
#33 /home/vagrant/Code/wasosystem/vendor/laravel/framework/src/Illuminate/Pipeline/Pipeline.php(151): Illuminate\\Cookie\\Middleware\\EncryptCookies->handle(Object(Illuminate\\Http\\Request), Object(Closure))
#34 /home/vagrant/Code/wasosystem/vendor/laravel/framework/src/Illuminate/Routing/Pipeline.php(53): Illuminate\\Pipeline\\Pipeline->Illuminate\\Pipeline\\{closure}(Object(Illuminate\\Http\\Request))
#35 /home/vagrant/Code/wasosystem/vendor/laravel/framework/src/Illuminate/Pipeline/Pipeline.php(104): Illuminate\\Routing\\Pipeline->Illuminate\\Routing\\{closure}(Object(Illuminate\\Http\\Request))
#36 /home/vagrant/Code/wasosystem/vendor/laravel/framework/src/Illuminate/Routing/Router.php(667): Illuminate\\Pipeline\\Pipeline->then(Object(Closure))
#37 /home/vagrant/Code/wasosystem/vendor/laravel/framework/src/Illuminate/Routing/Router.php(642): Illuminate\\Routing\\Router->runRouteWithinStack(Object(Illuminate\\Routing\\Route), Object(Illuminate\\Http\\Request))
#38 /home/vagrant/Code/wasosystem/vendor/laravel/framework/src/Illuminate/Routing/Router.php(608): Illuminate\\Routing\\Router->runRoute(Object(Illuminate\\Http\\Request), Object(Illuminate\\Routing\\Route))
#39 /home/vagrant/Code/wasosystem/vendor/laravel/framework/src/Illuminate/Routing/Router.php(597): Illuminate\\Routing\\Router->dispatchToRoute(Object(Illuminate\\Http\\Request))
#40 /home/vagrant/Code/wasosystem/vendor/laravel/framework/src/Illuminate/Foundation/Http/Kernel.php(176): Illuminate\\Routing\\Router->dispatch(Object(Illuminate\\Http\\Request))
#41 /home/vagrant/Code/wasosystem/vendor/laravel/framework/src/Illuminate/Routing/Pipeline.php(30): Illuminate\\Foundation\\Http\\Kernel->Illuminate\\Foundation\\Http\\{closure}(Object(Illuminate\\Http\\Request))
#42 /home/vagrant/Code/wasosystem/vendor/beyondcode/laravel-query-detector/src/QueryDetectorMiddleware.php(33): Illuminate\\Routing\\Pipeline->Illuminate\\Routing\\{closure}(Object(Illuminate\\Http\\Request))
#43 /home/vagrant/Code/wasosystem/vendor/laravel/framework/src/Illuminate/Pipeline/Pipeline.php(151): BeyondCode\\QueryDetector\\QueryDetectorMiddleware->handle(Object(Illuminate\\Http\\Request), Object(Closure))
#44 /home/vagrant/Code/wasosystem/vendor/laravel/framework/src/Illuminate/Routing/Pipeline.php(53): Illuminate\\Pipeline\\Pipeline->Illuminate\\Pipeline\\{closure}(Object(Illuminate\\Http\\Request))
#45 /home/vagrant/Code/wasosystem/vendor/barryvdh/laravel-debugbar/src/Middleware/InjectDebugbar.php(65): Illuminate\\Routing\\Pipeline->Illuminate\\Routing\\{closure}(Object(Illuminate\\Http\\Request))
#46 /home/vagrant/Code/wasosystem/vendor/laravel/framework/src/Illuminate/Pipeline/Pipeline.php(151): Barryvdh\\Debugbar\\Middleware\\InjectDebugbar->handle(Object(Illuminate\\Http\\Request), Object(Closure))
#47 /home/vagrant/Code/wasosystem/vendor/laravel/framework/src/Illuminate/Routing/Pipeline.php(53): Illuminate\\Pipeline\\Pipeline->Illuminate\\Pipeline\\{closure}(Object(Illuminate\\Http\\Request))
#48 /home/vagrant/Code/wasosystem/vendor/fideloper/proxy/src/TrustProxies.php(57): Illuminate\\Routing\\Pipeline->Illuminate\\Routing\\{closure}(Object(Illuminate\\Http\\Request))
#49 /home/vagrant/Code/wasosystem/vendor/laravel/framework/src/Illuminate/Pipeline/Pipeline.php(151): Fideloper\\Proxy\\TrustProxies->handle(Object(Illuminate\\Http\\Request), Object(Closure))
#50 /home/vagrant/Code/wasosystem/vendor/laravel/framework/src/Illuminate/Routing/Pipeline.php(53): Illuminate\\Pipeline\\Pipeline->Illuminate\\Pipeline\\{closure}(Object(Illuminate\\Http\\Request))
#51 /home/vagrant/Code/wasosystem/vendor/laravel/framework/src/Illuminate/Foundation/Http/Middleware/TransformsRequest.php(31): Illuminate\\Routing\\Pipeline->Illuminate\\Routing\\{closure}(Object(Illuminate\\Http\\Request))
#52 /home/vagrant/Code/wasosystem/vendor/laravel/framework/src/Illuminate/Pipeline/Pipeline.php(151): Illuminate\\Foundation\\Http\\Middleware\\TransformsRequest->handle(Object(Illuminate\\Http\\Request), Object(Closure))
#53 /home/vagrant/Code/wasosystem/vendor/laravel/framework/src/Illuminate/Routing/Pipeline.php(53): Illuminate\\Pipeline\\Pipeline->Illuminate\\Pipeline\\{closure}(Object(Illuminate\\Http\\Request))
#54 /home/vagrant/Code/wasosystem/vendor/laravel/framework/src/Illuminate/Foundation/Http/Middleware/TransformsRequest.php(31): Illuminate\\Routing\\Pipeline->Illuminate\\Routing\\{closure}(Object(Illuminate\\Http\\Request))
#55 /home/vagrant/Code/wasosystem/vendor/laravel/framework/src/Illuminate/Pipeline/Pipeline.php(151): Illuminate\\Foundation\\Http\\Middleware\\TransformsRequest->handle(Object(Illuminate\\Http\\Request), Object(Closure))
#56 /home/vagrant/Code/wasosystem/vendor/laravel/framework/src/Illuminate/Routing/Pipeline.php(53): Illuminate\\Pipeline\\Pipeline->Illuminate\\Pipeline\\{closure}(Object(Illuminate\\Http\\Request))
#57 /home/vagrant/Code/wasosystem/vendor/laravel/framework/src/Illuminate/Foundation/Http/Middleware/ValidatePostSize.php(27): Illuminate\\Routing\\Pipeline->Illuminate\\Routing\\{closure}(Object(Illuminate\\Http\\Request))
#58 /home/vagrant/Code/wasosystem/vendor/laravel/framework/src/Illuminate/Pipeline/Pipeline.php(151): Illuminate\\Foundation\\Http\\Middleware\\ValidatePostSize->handle(Object(Illuminate\\Http\\Request), Object(Closure))
#59 /home/vagrant/Code/wasosystem/vendor/laravel/framework/src/Illuminate/Routing/Pipeline.php(53): Illuminate\\Pipeline\\Pipeline->Illuminate\\Pipeline\\{closure}(Object(Illuminate\\Http\\Request))
#60 /home/vagrant/Code/wasosystem/vendor/laravel/framework/src/Illuminate/Foundation/Http/Middleware/CheckForMaintenanceMode.php(62): Illuminate\\Routing\\Pipeline->Illuminate\\Routing\\{closure}(Object(Illuminate\\Http\\Request))
#61 /home/vagrant/Code/wasosystem/vendor/laravel/framework/src/Illuminate/Pipeline/Pipeline.php(151): Illuminate\\Foundation\\Http\\Middleware\\CheckForMaintenanceMode->handle(Object(Illuminate\\Http\\Request), Object(Closure))
#62 /home/vagrant/Code/wasosystem/vendor/laravel/framework/src/Illuminate/Routing/Pipeline.php(53): Illuminate\\Pipeline\\Pipeline->Illuminate\\Pipeline\\{closure}(Object(Illuminate\\Http\\Request))
#63 /home/vagrant/Code/wasosystem/vendor/dingo/api/src/Http/Middleware/Request.php(111): Illuminate\\Routing\\Pipeline->Illuminate\\Routing\\{closure}(Object(Illuminate\\Http\\Request))
#64 /home/vagrant/Code/wasosystem/vendor/laravel/framework/src/Illuminate/Pipeline/Pipeline.php(151): Dingo\\Api\\Http\\Middleware\\Request->handle(Object(Illuminate\\Http\\Request), Object(Closure))
#65 /home/vagrant/Code/wasosystem/vendor/laravel/framework/src/Illuminate/Routing/Pipeline.php(53): Illuminate\\Pipeline\\Pipeline->Illuminate\\Pipeline\\{closure}(Object(Illuminate\\Http\\Request))
#66 /home/vagrant/Code/wasosystem/vendor/laravel/framework/src/Illuminate/Pipeline/Pipeline.php(104): Illuminate\\Routing\\Pipeline->Illuminate\\Routing\\{closure}(Object(Illuminate\\Http\\Request))
#67 /home/vagrant/Code/wasosystem/vendor/laravel/framework/src/Illuminate/Foundation/Http/Kernel.php(151): Illuminate\\Pipeline\\Pipeline->then(Object(Closure))
#68 /home/vagrant/Code/wasosystem/vendor/laravel/framework/src/Illuminate/Foundation/Http/Kernel.php(116): Illuminate\\Foundation\\Http\\Kernel->sendRequestThroughRouter(Object(Illuminate\\Http\\Request))
#69 /home/vagrant/Code/wasosystem/public/index.php(55): Illuminate\\Foundation\\Http\\Kernel->handle(Object(Illuminate\\Http\\Request))
#70 {main}
"} 
[2018-12-11 15:29:48] local.NOTICE: 813-周应伟 | PUT waso/menus/75 | 提交的参数：{"parent_id":"27","cats":"web","name":"统计","slug":"marketing_statisticss","url":"admin.marketing_statistics.index"} | 127.0.0.0 中国 成都市 (本地调试) 四川  
[2018-12-11 16:02:57] local.ERROR: Class 'App\Http\Controllers\Admin\Product' not found {"userId":47,"email":"15208128210@qq.com","exception":"[object] (Symfony\\Component\\Debug\\Exception\\FatalThrowableError(code: 0): Class 'App\\Http\\Controllers\\Admin\\Product' not found at /home/vagrant/Code/wasosystem/app/Http/Controllers/Admin/MarketingStatisticsController.php:18)
[stacktrace]
#0 [internal function]: App\\Http\\Controllers\\Admin\\MarketingStatisticsController->index()
#1 /home/vagrant/Code/wasosystem/vendor/laravel/framework/src/Illuminate/Routing/Controller.php(54): call_user_func_array(Array, Array)
#2 /home/vagrant/Code/wasosystem/vendor/laravel/framework/src/Illuminate/Routing/ControllerDispatcher.php(45): Illuminate\\Routing\\Controller->callAction('index', Array)
#3 /home/vagrant/Code/wasosystem/vendor/laravel/framework/src/Illuminate/Routing/Route.php(212): Illuminate\\Routing\\ControllerDispatcher->dispatch(Object(Illuminate\\Routing\\Route), Object(App\\Http\\Controllers\\Admin\\MarketingStatisticsController), 'index')
#4 /home/vagrant/Code/wasosystem/vendor/laravel/framework/src/Illuminate/Routing/Route.php(169): Illuminate\\Routing\\Route->runController()
#5 /home/vagrant/Code/wasosystem/vendor/laravel/framework/src/Illuminate/Routing/Router.php(665): Illuminate\\Routing\\Route->run()
#6 /home/vagrant/Code/wasosystem/vendor/laravel/framework/src/Illuminate/Routing/Pipeline.php(30): Illuminate\\Routing\\Router->Illuminate\\Routing\\{closure}(Object(Illuminate\\Http\\Request))
#7 /home/vagrant/Code/wasosystem/app/Http/Middleware/OperationLog.php(32): Illuminate\\Routing\\Pipeline->Illuminate\\Routing\\{closure}(Object(Illuminate\\Http\\Request))
#8 /home/vagrant/Code/wasosystem/vendor/laravel/framework/src/Illuminate/Pipeline/Pipeline.php(151): App\\Http\\Middleware\\OperationLog->handle(Object(Illuminate\\Http\\Request), Object(Closure))
#9 /home/vagrant/Code/wasosystem/vendor/laravel/framework/src/Illuminate/Routing/Pipeline.php(53): Illuminate\\Pipeline\\Pipeline->Illuminate\\Pipeline\\{closure}(Object(Illuminate\\Http\\Request))
#10 /home/vagrant/Code/wasosystem/vendor/laravel/framework/src/Illuminate/Routing/Middleware/SubstituteBindings.php(41): Illuminate\\Routing\\Pipeline->Illuminate\\Routing\\{closure}(Object(Illuminate\\Http\\Request))
#11 /home/vagrant/Code/wasosystem/vendor/laravel/framework/src/Illuminate/Pipeline/Pipeline.php(151): Illuminate\\Routing\\Middleware\\SubstituteBindings->handle(Object(Illuminate\\Http\\Request), Object(Closure))
#12 /home/vagrant/Code/wasosystem/vendor/laravel/framework/src/Illuminate/Routing/Pipeline.php(53): Illuminate\\Pipeline\\Pipeline->Illuminate\\Pipeline\\{closure}(Object(Illuminate\\Http\\Request))
#13 /home/vagrant/Code/wasosystem/vendor/laravel/framework/src/Illuminate/Foundation/Http/Middleware/VerifyCsrfToken.php(67): Illuminate\\Routing\\Pipeline->Illuminate\\Routing\\{closure}(Object(Illuminate\\Http\\Request))
#14 /home/vagrant/Code/wasosystem/vendor/laravel/framework/src/Illuminate/Pipeline/Pipeline.php(151): Illuminate\\Foundation\\Http\\Middleware\\VerifyCsrfToken->handle(Object(Illuminate\\Http\\Request), Object(Closure))
#15 /home/vagrant/Code/wasosystem/vendor/laravel/framework/src/Illuminate/Routing/Pipeline.php(53): Illuminate\\Pipeline\\Pipeline->Illuminate\\Pipeline\\{closure}(Object(Illuminate\\Http\\Request))
#16 /home/vagrant/Code/wasosystem/vendor/laravel/framework/src/Illuminate/View/Middleware/ShareErrorsFromSession.php(49): Illuminate\\Routing\\Pipeline->Illuminate\\Routing\\{closure}(Object(Illuminate\\Http\\Request))
#17 /home/vagrant/Code/wasosystem/vendor/laravel/framework/src/Illuminate/Pipeline/Pipeline.php(151): Illuminate\\View\\Middleware\\ShareErrorsFromSession->handle(Object(Illuminate\\Http\\Request), Object(Closure))
#18 /home/vagrant/Code/wasosystem/vendor/laravel/framework/src/Illuminate/Routing/Pipeline.php(53): Illuminate\\Pipeline\\Pipeline->Illuminate\\Pipeline\\{closure}(Object(Illuminate\\Http\\Request))
#19 /home/vagrant/Code/wasosystem/vendor/laravel/framework/src/Illuminate/Session/Middleware/StartSession.php(63): Illuminate\\Routing\\Pipeline->Illuminate\\Routing\\{closure}(Object(Illuminate\\Http\\Request))
#20 /home/vagrant/Code/wasosystem/vendor/laravel/framework/src/Illuminate/Pipeline/Pipeline.php(151): Illuminate\\Session\\Middleware\\StartSession->handle(Object(Illuminate\\Http\\Request), Object(Closure))
#21 /home/vagrant/Code/wasosystem/vendor/laravel/framework/src/Illuminate/Routing/Pipeline.php(53): Illuminate\\Pipeline\\Pipeline->Illuminate\\Pipeline\\{closure}(Object(Illuminate\\Http\\Request))
#22 /home/vagrant/Code/wasosystem/vendor/laravel/framework/src/Illuminate/Cookie/Middleware/AddQueuedCookiesToResponse.php(37): Illuminate\\Routing\\Pipeline->Illuminate\\Routing\\{closure}(Object(Illuminate\\Http\\Request))
#23 /home/vagrant/Code/wasosystem/vendor/laravel/framework/src/Illuminate/Pipeline/Pipeline.php(151): Illuminate\\Cookie\\Middleware\\AddQueuedCookiesToResponse->handle(Object(Illuminate\\Http\\Request), Object(Closure))
#24 /home/vagrant/Code/wasosystem/vendor/laravel/framework/src/Illuminate/Routing/Pipeline.php(53): Illuminate\\Pipeline\\Pipeline->Illuminate\\Pipeline\\{closure}(Object(Illuminate\\Http\\Request))
#25 /home/vagrant/Code/wasosystem/vendor/laravel/framework/src/Illuminate/Cookie/Middleware/EncryptCookies.php(59): Illuminate\\Routing\\Pipeline->Illuminate\\Routing\\{closure}(Object(Illuminate\\Http\\Request))
#26 /home/vagrant/Code/wasosystem/vendor/laravel/framework/src/Illuminate/Pipeline/Pipeline.php(151): Illuminate\\Cookie\\Middleware\\EncryptCookies->handle(Object(Illuminate\\Http\\Request), Object(Closure))
#27 /home/vagrant/Code/wasosystem/vendor/laravel/framework/src/Illuminate/Routing/Pipeline.php(53): Illuminate\\Pipeline\\Pipeline->Illuminate\\Pipeline\\{closure}(Object(Illuminate\\Http\\Request))
#28 /home/vagrant/Code/wasosystem/vendor/laravel/framework/src/Illuminate/Pipeline/Pipeline.php(104): Illuminate\\Routing\\Pipeline->Illuminate\\Routing\\{closure}(Object(Illuminate\\Http\\Request))
#29 /home/vagrant/Code/wasosystem/vendor/laravel/framework/src/Illuminate/Routing/Router.php(667): Illuminate\\Pipeline\\Pipeline->then(Object(Closure))
#30 /home/vagrant/Code/wasosystem/vendor/laravel/framework/src/Illuminate/Routing/Router.php(642): Illuminate\\Routing\\Router->runRouteWithinStack(Object(Illuminate\\Routing\\Route), Object(Illuminate\\Http\\Request))
#31 /home/vagrant/Code/wasosystem/vendor/laravel/framework/src/Illuminate/Routing/Router.php(608): Illuminate\\Routing\\Router->runRoute(Object(Illuminate\\Http\\Request), Object(Illuminate\\Routing\\Route))
#32 /home/vagrant/Code/wasosystem/vendor/laravel/framework/src/Illuminate/Routing/Router.php(597): Illuminate\\Routing\\Router->dispatchToRoute(Object(Illuminate\\Http\\Request))
#33 /home/vagrant/Code/wasosystem/vendor/laravel/framework/src/Illuminate/Foundation/Http/Kernel.php(176): Illuminate\\Routing\\Router->dispatch(Object(Illuminate\\Http\\Request))
#34 /home/vagrant/Code/wasosystem/vendor/laravel/framework/src/Illuminate/Routing/Pipeline.php(30): Illuminate\\Foundation\\Http\\Kernel->Illuminate\\Foundation\\Http\\{closure}(Object(Illuminate\\Http\\Request))
#35 /home/vagrant/Code/wasosystem/vendor/beyondcode/laravel-query-detector/src/QueryDetectorMiddleware.php(33): Illuminate\\Routing\\Pipeline->Illuminate\\Routing\\{closure}(Object(Illuminate\\Http\\Request))
#36 /home/vagrant/Code/wasosystem/vendor/laravel/framework/src/Illuminate/Pipeline/Pipeline.php(151): BeyondCode\\QueryDetector\\QueryDetectorMiddleware->handle(Object(Illuminate\\Http\\Request), Object(Closure))
#37 /home/vagrant/Code/wasosystem/vendor/laravel/framework/src/Illuminate/Routing/Pipeline.php(53): Illuminate\\Pipeline\\Pipeline->Illuminate\\Pipeline\\{closure}(Object(Illuminate\\Http\\Request))
#38 /home/vagrant/Code/wasosystem/vendor/barryvdh/laravel-debugbar/src/Middleware/InjectDebugbar.php(65): Illuminate\\Routing\\Pipeline->Illuminate\\Routing\\{closure}(Object(Illuminate\\Http\\Request))
#39 /home/vagrant/Code/wasosystem/vendor/laravel/framework/src/Illuminate/Pipeline/Pipeline.php(151): Barryvdh\\Debugbar\\Middleware\\InjectDebugbar->handle(Object(Illuminate\\Http\\Request), Object(Closure))
#40 /home/vagrant/Code/wasosystem/vendor/laravel/framework/src/Illuminate/Routing/Pipeline.php(53): Illuminate\\Pipeline\\Pipeline->Illuminate\\Pipeline\\{closure}(Object(Illuminate\\Http\\Request))
#41 /home/vagrant/Code/wasosystem/vendor/fideloper/proxy/src/TrustProxies.php(57): Illuminate\\Routing\\Pipeline->Illuminate\\Routing\\{closure}(Object(Illuminate\\Http\\Request))
#42 /home/vagrant/Code/wasosystem/vendor/laravel/framework/src/Illuminate/Pipeline/Pipeline.php(151): Fideloper\\Proxy\\TrustProxies->handle(Object(Illuminate\\Http\\Request), Object(Closure))
#43 /home/vagrant/Code/wasosystem/vendor/laravel/framework/src/Illuminate/Routing/Pipeline.php(53): Illuminate\\Pipeline\\Pipeline->Illuminate\\Pipeline\\{closure}(Object(Illuminate\\Http\\Request))
#44 /home/vagrant/Code/wasosystem/vendor/laravel/framework/src/Illuminate/Foundation/Http/Middleware/TransformsRequest.php(31): Illuminate\\Routing\\Pipeline->Illuminate\\Routing\\{closure}(Object(Illuminate\\Http\\Request))
#45 /home/vagrant/Code/wasosystem/vendor/laravel/framework/src/Illuminate/Pipeline/Pipeline.php(151): Illuminate\\Foundation\\Http\\Middleware\\TransformsRequest->handle(Object(Illuminate\\Http\\Request), Object(Closure))
#46 /home/vagrant/Code/wasosystem/vendor/laravel/framework/src/Illuminate/Routing/Pipeline.php(53): Illuminate\\Pipeline\\Pipeline->Illuminate\\Pipeline\\{closure}(Object(Illuminate\\Http\\Request))
#47 /home/vagrant/Code/wasosystem/vendor/laravel/framework/src/Illuminate/Foundation/Http/Middleware/TransformsRequest.php(31): Illuminate\\Routing\\Pipeline->Illuminate\\Routing\\{closure}(Object(Illuminate\\Http\\Request))
#48 /home/vagrant/Code/wasosystem/vendor/laravel/framework/src/Illuminate/Pipeline/Pipeline.php(151): Illuminate\\Foundation\\Http\\Middleware\\TransformsRequest->handle(Object(Illuminate\\Http\\Request), Object(Closure))
#49 /home/vagrant/Code/wasosystem/vendor/laravel/framework/src/Illuminate/Routing/Pipeline.php(53): Illuminate\\Pipeline\\Pipeline->Illuminate\\Pipeline\\{closure}(Object(Illuminate\\Http\\Request))
#50 /home/vagrant/Code/wasosystem/vendor/laravel/framework/src/Illuminate/Foundation/Http/Middleware/ValidatePostSize.php(27): Illuminate\\Routing\\Pipeline->Illuminate\\Routing\\{closure}(Object(Illuminate\\Http\\Request))
#51 /home/vagrant/Code/wasosystem/vendor/laravel/framework/src/Illuminate/Pipeline/Pipeline.php(151): Illuminate\\Foundation\\Http\\Middleware\\ValidatePostSize->handle(Object(Illuminate\\Http\\Request), Object(Closure))
#52 /home/vagrant/Code/wasosystem/vendor/laravel/framework/src/Illuminate/Routing/Pipeline.php(53): Illuminate\\Pipeline\\Pipeline->Illuminate\\Pipeline\\{closure}(Object(Illuminate\\Http\\Request))
#53 /home/vagrant/Code/wasosystem/vendor/laravel/framework/src/Illuminate/Foundation/Http/Middleware/CheckForMaintenanceMode.php(62): Illuminate\\Routing\\Pipeline->Illuminate\\Routing\\{closure}(Object(Illuminate\\Http\\Request))
#54 /home/vagrant/Code/wasosystem/vendor/laravel/framework/src/Illuminate/Pipeline/Pipeline.php(151): Illuminate\\Foundation\\Http\\Middleware\\CheckForMaintenanceMode->handle(Object(Illuminate\\Http\\Request), Object(Closure))
#55 /home/vagrant/Code/wasosystem/vendor/laravel/framework/src/Illuminate/Routing/Pipeline.php(53): Illuminate\\Pipeline\\Pipeline->Illuminate\\Pipeline\\{closure}(Object(Illuminate\\Http\\Request))
#56 /home/vagrant/Code/wasosystem/vendor/dingo/api/src/Http/Middleware/Request.php(111): Illuminate\\Routing\\Pipeline->Illuminate\\Routing\\{closure}(Object(Illuminate\\Http\\Request))
#57 /home/vagrant/Code/wasosystem/vendor/laravel/framework/src/Illuminate/Pipeline/Pipeline.php(151): Dingo\\Api\\Http\\Middleware\\Request->handle(Object(Illuminate\\Http\\Request), Object(Closure))
#58 /home/vagrant/Code/wasosystem/vendor/laravel/framework/src/Illuminate/Routing/Pipeline.php(53): Illuminate\\Pipeline\\Pipeline->Illuminate\\Pipeline\\{closure}(Object(Illuminate\\Http\\Request))
#59 /home/vagrant/Code/wasosystem/vendor/laravel/framework/src/Illuminate/Pipeline/Pipeline.php(104): Illuminate\\Routing\\Pipeline->Illuminate\\Routing\\{closure}(Object(Illuminate\\Http\\Request))
#60 /home/vagrant/Code/wasosystem/vendor/laravel/framework/src/Illuminate/Foundation/Http/Kernel.php(151): Illuminate\\Pipeline\\Pipeline->then(Object(Closure))
#61 /home/vagrant/Code/wasosystem/vendor/laravel/framework/src/Illuminate/Foundation/Http/Kernel.php(116): Illuminate\\Foundation\\Http\\Kernel->sendRequestThroughRouter(Object(Illuminate\\Http\\Request))
#62 /home/vagrant/Code/wasosystem/public/index.php(55): Illuminate\\Foundation\\Http\\Kernel->handle(Object(Illuminate\\Http\\Request))
#63 {main}
"} 
[2018-12-11 16:04:25] local.ERROR: Undefined variable: product {"userId":47,"email":"15208128210@qq.com","exception":"[object] (ErrorException(code: 0): Undefined variable: product at /home/vagrant/Code/wasosystem/app/Http/Controllers/Admin/MarketingStatisticsController.php:27)
[stacktrace]
#0 /home/vagrant/Code/wasosystem/app/Http/Controllers/Admin/MarketingStatisticsController.php(27): Illuminate\\Foundation\\Bootstrap\\HandleExceptions->handleError(8, 'Undefined varia...', '/home/vagrant/C...', 27, Array)
#1 [internal function]: App\\Http\\Controllers\\Admin\\MarketingStatisticsController->index()
#2 /home/vagrant/Code/wasosystem/vendor/laravel/framework/src/Illuminate/Routing/Controller.php(54): call_user_func_array(Array, Array)
#3 /home/vagrant/Code/wasosystem/vendor/laravel/framework/src/Illuminate/Routing/ControllerDispatcher.php(45): Illuminate\\Routing\\Controller->callAction('index', Array)
#4 /home/vagrant/Code/wasosystem/vendor/laravel/framework/src/Illuminate/Routing/Route.php(212): Illuminate\\Routing\\ControllerDispatcher->dispatch(Object(Illuminate\\Routing\\Route), Object(App\\Http\\Controllers\\Admin\\MarketingStatisticsController), 'index')
#5 /home/vagrant/Code/wasosystem/vendor/laravel/framework/src/Illuminate/Routing/Route.php(169): Illuminate\\Routing\\Route->runController()
#6 /home/vagrant/Code/wasosystem/vendor/laravel/framework/src/Illuminate/Routing/Router.php(665): Illuminate\\Routing\\Route->run()
#7 /home/vagrant/Code/wasosystem/vendor/laravel/framework/src/Illuminate/Routing/Pipeline.php(30): Illuminate\\Routing\\Router->Illuminate\\Routing\\{closure}(Object(Illuminate\\Http\\Request))
#8 /home/vagrant/Code/wasosystem/app/Http/Middleware/OperationLog.php(32): Illuminate\\Routing\\Pipeline->Illuminate\\Routing\\{closure}(Object(Illuminate\\Http\\Request))
#9 /home/vagrant/Code/wasosystem/vendor/laravel/framework/src/Illuminate/Pipeline/Pipeline.php(151): App\\Http\\Middleware\\OperationLog->handle(Object(Illuminate\\Http\\Request), Object(Closure))
#10 /home/vagrant/Code/wasosystem/vendor/laravel/framework/src/Illuminate/Routing/Pipeline.php(53): Illuminate\\Pipeline\\Pipeline->Illuminate\\Pipeline\\{closure}(Object(Illuminate\\Http\\Request))
#11 /home/vagrant/Code/wasosystem/vendor/laravel/framework/src/Illuminate/Routing/Middleware/SubstituteBindings.php(41): Illuminate\\Routing\\Pipeline->Illuminate\\Routing\\{closure}(Object(Illuminate\\Http\\Request))
#12 /home/vagrant/Code/wasosystem/vendor/laravel/framework/src/Illuminate/Pipeline/Pipeline.php(151): Illuminate\\Routing\\Middleware\\SubstituteBindings->handle(Object(Illuminate\\Http\\Request), Object(Closure))
#13 /home/vagrant/Code/wasosystem/vendor/laravel/framework/src/Illuminate/Routing/Pipeline.php(53): Illuminate\\Pipeline\\Pipeline->Illuminate\\Pipeline\\{closure}(Object(Illuminate\\Http\\Request))
#14 /home/vagrant/Code/wasosystem/vendor/laravel/framework/src/Illuminate/Foundation/Http/Middleware/VerifyCsrfToken.php(67): Illuminate\\Routing\\Pipeline->Illuminate\\Routing\\{closure}(Object(Illuminate\\Http\\Request))
#15 /home/vagrant/Code/wasosystem/vendor/laravel/framework/src/Illuminate/Pipeline/Pipeline.php(151): Illuminate\\Foundation\\Http\\Middleware\\VerifyCsrfToken->handle(Object(Illuminate\\Http\\Request), Object(Closure))
#16 /home/vagrant/Code/wasosystem/vendor/laravel/framework/src/Illuminate/Routing/Pipeline.php(53): Illuminate\\Pipeline\\Pipeline->Illuminate\\Pipeline\\{closure}(Object(Illuminate\\Http\\Request))
#17 /home/vagrant/Code/wasosystem/vendor/laravel/framework/src/Illuminate/View/Middleware/ShareErrorsFromSession.php(49): Illuminate\\Routing\\Pipeline->Illuminate\\Routing\\{closure}(Object(Illuminate\\Http\\Request))
#18 /home/vagrant/Code/wasosystem/vendor/laravel/framework/src/Illuminate/Pipeline/Pipeline.php(151): Illuminate\\View\\Middleware\\ShareErrorsFromSession->handle(Object(Illuminate\\Http\\Request), Object(Closure))
#19 /home/vagrant/Code/wasosystem/vendor/laravel/framework/src/Illuminate/Routing/Pipeline.php(53): Illuminate\\Pipeline\\Pipeline->Illuminate\\Pipeline\\{closure}(Object(Illuminate\\Http\\Request))
#20 /home/vagrant/Code/wasosystem/vendor/laravel/framework/src/Illuminate/Session/Middleware/StartSession.php(63): Illuminate\\Routing\\Pipeline->Illuminate\\Routing\\{closure}(Object(Illuminate\\Http\\Request))
#21 /home/vagrant/Code/wasosystem/vendor/laravel/framework/src/Illuminate/Pipeline/Pipeline.php(151): Illuminate\\Session\\Middleware\\StartSession->handle(Object(Illuminate\\Http\\Request), Object(Closure))
#22 /home/vagrant/Code/wasosystem/vendor/laravel/framework/src/Illuminate/Routing/Pipeline.php(53): Illuminate\\Pipeline\\Pipeline->Illuminate\\Pipeline\\{closure}(Object(Illuminate\\Http\\Request))
#23 /home/vagrant/Code/wasosystem/vendor/laravel/framework/src/Illuminate/Cookie/Middleware/AddQueuedCookiesToResponse.php(37): Illuminate\\Routing\\Pipeline->Illuminate\\Routing\\{closure}(Object(Illuminate\\Http\\Request))
#24 /home/vagrant/Code/wasosystem/vendor/laravel/framework/src/Illuminate/Pipeline/Pipeline.php(151): Illuminate\\Cookie\\Middleware\\AddQueuedCookiesToResponse->handle(Object(Illuminate\\Http\\Request), Object(Closure))
#25 /home/vagrant/Code/wasosystem/vendor/laravel/framework/src/Illuminate/Routing/Pipeline.php(53): Illuminate\\Pipeline\\Pipeline->Illuminate\\Pipeline\\{closure}(Object(Illuminate\\Http\\Request))
#26 /home/vagrant/Code/wasosystem/vendor/laravel/framework/src/Illuminate/Cookie/Middleware/EncryptCookies.php(59): Illuminate\\Routing\\Pipeline->Illuminate\\Routing\\{closure}(Object(Illuminate\\Http\\Request))
#27 /home/vagrant/Code/wasosystem/vendor/laravel/framework/src/Illuminate/Pipeline/Pipeline.php(151): Illuminate\\Cookie\\Middleware\\EncryptCookies->handle(Object(Illuminate\\Http\\Request), Object(Closure))
#28 /home/vagrant/Code/wasosystem/vendor/laravel/framework/src/Illuminate/Routing/Pipeline.php(53): Illuminate\\Pipeline\\Pipeline->Illuminate\\Pipeline\\{closure}(Object(Illuminate\\Http\\Request))
#29 /home/vagrant/Code/wasosystem/vendor/laravel/framework/src/Illuminate/Pipeline/Pipeline.php(104): Illuminate\\Routing\\Pipeline->Illuminate\\Routing\\{closure}(Object(Illuminate\\Http\\Request))
#30 /home/vagrant/Code/wasosystem/vendor/laravel/framework/src/Illuminate/Routing/Router.php(667): Illuminate\\Pipeline\\Pipeline->then(Object(Closure))
#31 /home/vagrant/Code/wasosystem/vendor/laravel/framework/src/Illuminate/Routing/Router.php(642): Illuminate\\Routing\\Router->runRouteWithinStack(Object(Illuminate\\Routing\\Route), Object(Illuminate\\Http\\Request))
#32 /home/vagrant/Code/wasosystem/vendor/laravel/framework/src/Illuminate/Routing/Router.php(608): Illuminate\\Routing\\Router->runRoute(Object(Illuminate\\Http\\Request), Object(Illuminate\\Routing\\Route))
#33 /home/vagrant/Code/wasosystem/vendor/laravel/framework/src/Illuminate/Routing/Router.php(597): Illuminate\\Routing\\Router->dispatchToRoute(Object(Illuminate\\Http\\Request))
#34 /home/vagrant/Code/wasosystem/vendor/laravel/framework/src/Illuminate/Foundation/Http/Kernel.php(176): Illuminate\\Routing\\Router->dispatch(Object(Illuminate\\Http\\Request))
#35 /home/vagrant/Code/wasosystem/vendor/laravel/framework/src/Illuminate/Routing/Pipeline.php(30): Illuminate\\Foundation\\Http\\Kernel->Illuminate\\Foundation\\Http\\{closure}(Object(Illuminate\\Http\\Request))
#36 /home/vagrant/Code/wasosystem/vendor/beyondcode/laravel-query-detector/src/QueryDetectorMiddleware.php(33): Illuminate\\Routing\\Pipeline->Illuminate\\Routing\\{closure}(Object(Illuminate\\Http\\Request))
#37 /home/vagrant/Code/wasosystem/vendor/laravel/framework/src/Illuminate/Pipeline/Pipeline.php(151): BeyondCode\\QueryDetector\\QueryDetectorMiddleware->handle(Object(Illuminate\\Http\\Request), Object(Closure))
#38 /home/vagrant/Code/wasosystem/vendor/laravel/framework/src/Illuminate/Routing/Pipeline.php(53): Illuminate\\Pipeline\\Pipeline->Illuminate\\Pipeline\\{closure}(Object(Illuminate\\Http\\Request))
#39 /home/vagrant/Code/wasosystem/vendor/barryvdh/laravel-debugbar/src/Middleware/InjectDebugbar.php(65): Illuminate\\Routing\\Pipeline->Illuminate\\Routing\\{closure}(Object(Illuminate\\Http\\Request))
#40 /home/vagrant/Code/wasosystem/vendor/laravel/framework/src/Illuminate/Pipeline/Pipeline.php(151): Barryvdh\\Debugbar\\Middleware\\InjectDebugbar->handle(Object(Illuminate\\Http\\Request), Object(Closure))
#41 /home/vagrant/Code/wasosystem/vendor/laravel/framework/src/Illuminate/Routing/Pipeline.php(53): Illuminate\\Pipeline\\Pipeline->Illuminate\\Pipeline\\{closure}(Object(Illuminate\\Http\\Request))
#42 /home/vagrant/Code/wasosystem/vendor/fideloper/proxy/src/TrustProxies.php(57): Illuminate\\Routing\\Pipeline->Illuminate\\Routing\\{closure}(Object(Illuminate\\Http\\Request))
#43 /home/vagrant/Code/wasosystem/vendor/laravel/framework/src/Illuminate/Pipeline/Pipeline.php(151): Fideloper\\Proxy\\TrustProxies->handle(Object(Illuminate\\Http\\Request), Object(Closure))
#44 /home/vagrant/Code/wasosystem/vendor/laravel/framework/src/Illuminate/Routing/Pipeline.php(53): Illuminate\\Pipeline\\Pipeline->Illuminate\\Pipeline\\{closure}(Object(Illuminate\\Http\\Request))
#45 /home/vagrant/Code/wasosystem/vendor/laravel/framework/src/Illuminate/Foundation/Http/Middleware/TransformsRequest.php(31): Illuminate\\Routing\\Pipeline->Illuminate\\Routing\\{closure}(Object(Illuminate\\Http\\Request))
#46 /home/vagrant/Code/wasosystem/vendor/laravel/framework/src/Illuminate/Pipeline/Pipeline.php(151): Illuminate\\Foundation\\Http\\Middleware\\TransformsRequest->handle(Object(Illuminate\\Http\\Request), Object(Closure))
#47 /home/vagrant/Code/wasosystem/vendor/laravel/framework/src/Illuminate/Routing/Pipeline.php(53): Illuminate\\Pipeline\\Pipeline->Illuminate\\Pipeline\\{closure}(Object(Illuminate\\Http\\Request))
#48 /home/vagrant/Code/wasosystem/vendor/laravel/framework/src/Illuminate/Foundation/Http/Middleware/TransformsRequest.php(31): Illuminate\\Routing\\Pipeline->Illuminate\\Routing\\{closure}(Object(Illuminate\\Http\\Request))
#49 /home/vagrant/Code/wasosystem/vendor/laravel/framework/src/Illuminate/Pipeline/Pipeline.php(151): Illuminate\\Foundation\\Http\\Middleware\\TransformsRequest->handle(Object(Illuminate\\Http\\Request), Object(Closure))
#50 /home/vagrant/Code/wasosystem/vendor/laravel/framework/src/Illuminate/Routing/Pipeline.php(53): Illuminate\\Pipeline\\Pipeline->Illuminate\\Pipeline\\{closure}(Object(Illuminate\\Http\\Request))
#51 /home/vagrant/Code/wasosystem/vendor/laravel/framework/src/Illuminate/Foundation/Http/Middleware/ValidatePostSize.php(27): Illuminate\\Routing\\Pipeline->Illuminate\\Routing\\{closure}(Object(Illuminate\\Http\\Request))
#52 /home/vagrant/Code/wasosystem/vendor/laravel/framework/src/Illuminate/Pipeline/Pipeline.php(151): Illuminate\\Foundation\\Http\\Middleware\\ValidatePostSize->handle(Object(Illuminate\\Http\\Request), Object(Closure))
#53 /home/vagrant/Code/wasosystem/vendor/laravel/framework/src/Illuminate/Routing/Pipeline.php(53): Illuminate\\Pipeline\\Pipeline->Illuminate\\Pipeline\\{closure}(Object(Illuminate\\Http\\Request))
#54 /home/vagrant/Code/wasosystem/vendor/laravel/framework/src/Illuminate/Foundation/Http/Middleware/CheckForMaintenanceMode.php(62): Illuminate\\Routing\\Pipeline->Illuminate\\Routing\\{closure}(Object(Illuminate\\Http\\Request))
#55 /home/vagrant/Code/wasosystem/vendor/laravel/framework/src/Illuminate/Pipeline/Pipeline.php(151): Illuminate\\Foundation\\Http\\Middleware\\CheckForMaintenanceMode->handle(Object(Illuminate\\Http\\Request), Object(Closure))
#56 /home/vagrant/Code/wasosystem/vendor/laravel/framework/src/Illuminate/Routing/Pipeline.php(53): Illuminate\\Pipeline\\Pipeline->Illuminate\\Pipeline\\{closure}(Object(Illuminate\\Http\\Request))
#57 /home/vagrant/Code/wasosystem/vendor/dingo/api/src/Http/Middleware/Request.php(111): Illuminate\\Routing\\Pipeline->Illuminate\\Routing\\{closure}(Object(Illuminate\\Http\\Request))
#58 /home/vagrant/Code/wasosystem/vendor/laravel/framework/src/Illuminate/Pipeline/Pipeline.php(151): Dingo\\Api\\Http\\Middleware\\Request->handle(Object(Illuminate\\Http\\Request), Object(Closure))
#59 /home/vagrant/Code/wasosystem/vendor/laravel/framework/src/Illuminate/Routing/Pipeline.php(53): Illuminate\\Pipeline\\Pipeline->Illuminate\\Pipeline\\{closure}(Object(Illuminate\\Http\\Request))
#60 /home/vagrant/Code/wasosystem/vendor/laravel/framework/src/Illuminate/Pipeline/Pipeline.php(104): Illuminate\\Routing\\Pipeline->Illuminate\\Routing\\{closure}(Object(Illuminate\\Http\\Request))
#61 /home/vagrant/Code/wasosystem/vendor/laravel/framework/src/Illuminate/Foundation/Http/Kernel.php(151): Illuminate\\Pipeline\\Pipeline->then(Object(Closure))
#62 /home/vagrant/Code/wasosystem/vendor/laravel/framework/src/Illuminate/Foundation/Http/Kernel.php(116): Illuminate\\Foundation\\Http\\Kernel->sendRequestThroughRouter(Object(Illuminate\\Http\\Request))
#63 /home/vagrant/Code/wasosystem/public/index.php(55): Illuminate\\Foundation\\Http\\Kernel->handle(Object(Illuminate\\Http\\Request))
#64 {main}
"} 
[2018-12-11 17:02:02] local.INFO: Detected N+1 Query  
[2018-12-11 17:02:02] local.INFO: Model: App\Models\Order  
[2018-12-11 17:02:02] local.INFO: Relation: order_demand_management  
[2018-12-11 17:02:02] local.INFO: Num-Called: 20  
[2018-12-11 17:02:02] local.INFO: Call-Stack:  
[2018-12-11 17:02:02] local.INFO: #17 /storage/framework/views/afea7962be748ac5a3f60f0ddb284740d9247a11.php:74  
[2018-12-11 17:02:02] local.INFO: #19 /vendor/laravel/framework/src/Illuminate/View/Engines/CompilerEngine.php:59  
[2018-12-11 17:02:02] local.INFO: #20 /vendor/laravel/framework/src/Illuminate/View/View.php:142  
[2018-12-11 17:02:02] local.INFO: #21 /vendor/laravel/framework/src/Illuminate/View/View.php:125  
[2018-12-11 17:02:02] local.INFO: #22 /vendor/laravel/framework/src/Illuminate/View/View.php:90  
[2018-12-11 17:02:02] local.INFO: #23 /vendor/laravel/framework/src/Illuminate/Http/Response.php:42  
[2018-12-11 17:02:02] local.INFO: #24 /vendor/symfony/http-foundation/Response.php:202  
[2018-12-11 17:02:02] local.INFO: #25 /vendor/laravel/framework/src/Illuminate/Routing/Router.php:733  
[2018-12-11 17:02:02] local.INFO: #26 /vendor/laravel/framework/src/Illuminate/Routing/Router.php:705  
[2018-12-11 17:02:02] local.INFO: #27 /vendor/laravel/framework/src/Illuminate/Routing/Router.php:665  
[2018-12-11 17:02:02] local.INFO: #28 /vendor/laravel/framework/src/Illuminate/Routing/Pipeline.php:30  
[2018-12-11 17:02:02] local.INFO: #29 /app/Http/Middleware/AdminAuthMiddleware.php:26  
[2018-12-11 17:02:02] local.INFO: #30 /vendor/laravel/framework/src/Illuminate/Pipeline/Pipeline.php:151  
[2018-12-11 17:02:02] local.INFO: #31 /vendor/laravel/framework/src/Illuminate/Routing/Pipeline.php:53  
[2018-12-11 17:02:02] local.INFO: #32 /app/Http/Middleware/OperationLog.php:32  
[2018-12-11 17:02:02] local.INFO: #33 /vendor/laravel/framework/src/Illuminate/Pipeline/Pipeline.php:151  
[2018-12-11 17:02:02] local.INFO: #34 /vendor/laravel/framework/src/Illuminate/Routing/Pipeline.php:53  
[2018-12-11 17:02:02] local.INFO: #35 /vendor/laravel/framework/src/Illuminate/Routing/Middleware/SubstituteBindings.php:41  
[2018-12-11 17:02:02] local.INFO: #36 /vendor/laravel/framework/src/Illuminate/Pipeline/Pipeline.php:151  
[2018-12-11 17:02:02] local.INFO: #37 /vendor/laravel/framework/src/Illuminate/Routing/Pipeline.php:53  
[2018-12-11 17:02:02] local.INFO: #38 /vendor/laravel/framework/src/Illuminate/Foundation/Http/Middleware/VerifyCsrfToken.php:67  
[2018-12-11 17:02:02] local.INFO: #39 /vendor/laravel/framework/src/Illuminate/Pipeline/Pipeline.php:151  
[2018-12-11 17:02:02] local.INFO: #40 /vendor/laravel/framework/src/Illuminate/Routing/Pipeline.php:53  
[2018-12-11 17:02:02] local.INFO: #41 /vendor/laravel/framework/src/Illuminate/View/Middleware/ShareErrorsFromSession.php:49  
[2018-12-11 17:02:02] local.INFO: #42 /vendor/laravel/framework/src/Illuminate/Pipeline/Pipeline.php:151  
[2018-12-11 17:02:02] local.INFO: #43 /vendor/laravel/framework/src/Illuminate/Routing/Pipeline.php:53  
[2018-12-11 17:02:02] local.INFO: #44 /vendor/laravel/framework/src/Illuminate/Session/Middleware/StartSession.php:63  
[2018-12-11 17:02:02] local.INFO: #45 /vendor/laravel/framework/src/Illuminate/Pipeline/Pipeline.php:151  
[2018-12-11 17:02:02] local.INFO: #46 /vendor/laravel/framework/src/Illuminate/Routing/Pipeline.php:53  
[2018-12-11 17:02:02] local.INFO: #47 /vendor/laravel/framework/src/Illuminate/Cookie/Middleware/AddQueuedCookiesToResponse.php:37  
[2018-12-11 17:02:02] local.INFO: #48 /vendor/laravel/framework/src/Illuminate/Pipeline/Pipeline.php:151  
[2018-12-11 17:02:02] local.INFO: #49 /vendor/laravel/framework/src/Illuminate/Routing/Pipeline.php:53  
[2018-12-11 17:13:53] local.INFO: Detected N+1 Query  
[2018-12-11 17:13:53] local.INFO: Model: App\Models\Order  
[2018-12-11 17:13:53] local.INFO: Relation: order_demand_management  
[2018-12-11 17:13:53] local.INFO: Num-Called: 20  
[2018-12-11 17:13:53] local.INFO: Call-Stack:  
[2018-12-11 17:13:53] local.INFO: #17 /storage/framework/views/afea7962be748ac5a3f60f0ddb284740d9247a11.php:74  
[2018-12-11 17:13:53] local.INFO: #19 /vendor/laravel/framework/src/Illuminate/View/Engines/CompilerEngine.php:59  
[2018-12-11 17:13:53] local.INFO: #20 /vendor/laravel/framework/src/Illuminate/View/View.php:142  
[2018-12-11 17:13:53] local.INFO: #21 /vendor/laravel/framework/src/Illuminate/View/View.php:125  
[2018-12-11 17:13:53] local.INFO: #22 /vendor/laravel/framework/src/Illuminate/View/View.php:90  
[2018-12-11 17:13:53] local.INFO: #23 /vendor/laravel/framework/src/Illuminate/Http/Response.php:42  
[2018-12-11 17:13:53] local.INFO: #24 /vendor/symfony/http-foundation/Response.php:202  
[2018-12-11 17:13:53] local.INFO: #25 /vendor/laravel/framework/src/Illuminate/Routing/Router.php:733  
[2018-12-11 17:13:53] local.INFO: #26 /vendor/laravel/framework/src/Illuminate/Routing/Router.php:705  
[2018-12-11 17:13:53] local.INFO: #27 /vendor/laravel/framework/src/Illuminate/Routing/Router.php:665  
[2018-12-11 17:13:53] local.INFO: #28 /vendor/laravel/framework/src/Illuminate/Routing/Pipeline.php:30  
[2018-12-11 17:13:53] local.INFO: #29 /app/Http/Middleware/AdminAuthMiddleware.php:26  
[2018-12-11 17:13:53] local.INFO: #30 /vendor/laravel/framework/src/Illuminate/Pipeline/Pipeline.php:151  
[2018-12-11 17:13:53] local.INFO: #31 /vendor/laravel/framework/src/Illuminate/Routing/Pipeline.php:53  
[2018-12-11 17:13:53] local.INFO: #32 /app/Http/Middleware/OperationLog.php:32  
[2018-12-11 17:13:53] local.INFO: #33 /vendor/laravel/framework/src/Illuminate/Pipeline/Pipeline.php:151  
[2018-12-11 17:13:53] local.INFO: #34 /vendor/laravel/framework/src/Illuminate/Routing/Pipeline.php:53  
[2018-12-11 17:13:53] local.INFO: #35 /vendor/laravel/framework/src/Illuminate/Routing/Middleware/SubstituteBindings.php:41  
[2018-12-11 17:13:53] local.INFO: #36 /vendor/laravel/framework/src/Illuminate/Pipeline/Pipeline.php:151  
[2018-12-11 17:13:53] local.INFO: #37 /vendor/laravel/framework/src/Illuminate/Routing/Pipeline.php:53  
[2018-12-11 17:13:53] local.INFO: #38 /vendor/laravel/framework/src/Illuminate/Foundation/Http/Middleware/VerifyCsrfToken.php:67  
[2018-12-11 17:13:53] local.INFO: #39 /vendor/laravel/framework/src/Illuminate/Pipeline/Pipeline.php:151  
[2018-12-11 17:13:53] local.INFO: #40 /vendor/laravel/framework/src/Illuminate/Routing/Pipeline.php:53  
[2018-12-11 17:13:53] local.INFO: #41 /vendor/laravel/framework/src/Illuminate/View/Middleware/ShareErrorsFromSession.php:49  
[2018-12-11 17:13:53] local.INFO: #42 /vendor/laravel/framework/src/Illuminate/Pipeline/Pipeline.php:151  
[2018-12-11 17:13:53] local.INFO: #43 /vendor/laravel/framework/src/Illuminate/Routing/Pipeline.php:53  
[2018-12-11 17:13:53] local.INFO: #44 /vendor/laravel/framework/src/Illuminate/Session/Middleware/StartSession.php:63  
[2018-12-11 17:13:53] local.INFO: #45 /vendor/laravel/framework/src/Illuminate/Pipeline/Pipeline.php:151  
[2018-12-11 17:13:53] local.INFO: #46 /vendor/laravel/framework/src/Illuminate/Routing/Pipeline.php:53  
[2018-12-11 17:13:53] local.INFO: #47 /vendor/laravel/framework/src/Illuminate/Cookie/Middleware/AddQueuedCookiesToResponse.php:37  
[2018-12-11 17:13:53] local.INFO: #48 /vendor/laravel/framework/src/Illuminate/Pipeline/Pipeline.php:151  
[2018-12-11 17:13:53] local.INFO: #49 /vendor/laravel/framework/src/Illuminate/Routing/Pipeline.php:53  
[2018-12-11 17:14:32] local.INFO: Detected N+1 Query  
[2018-12-11 17:14:32] local.INFO: Model: App\Models\Order  
[2018-12-11 17:14:32] local.INFO: Relation: order_demand_management  
[2018-12-11 17:14:32] local.INFO: Num-Called: 20  
[2018-12-11 17:14:32] local.INFO: Call-Stack:  
[2018-12-11 17:14:32] local.INFO: #17 /storage/framework/views/afea7962be748ac5a3f60f0ddb284740d9247a11.php:74  
[2018-12-11 17:14:32] local.INFO: #19 /vendor/laravel/framework/src/Illuminate/View/Engines/CompilerEngine.php:59  
[2018-12-11 17:14:32] local.INFO: #20 /vendor/laravel/framework/src/Illuminate/View/View.php:142  
[2018-12-11 17:14:32] local.INFO: #21 /vendor/laravel/framework/src/Illuminate/View/View.php:125  
[2018-12-11 17:14:32] local.INFO: #22 /vendor/laravel/framework/src/Illuminate/View/View.php:90  
[2018-12-11 17:14:32] local.INFO: #23 /vendor/laravel/framework/src/Illuminate/Http/Response.php:42  
[2018-12-11 17:14:32] local.INFO: #24 /vendor/symfony/http-foundation/Response.php:202  
[2018-12-11 17:14:32] local.INFO: #25 /vendor/laravel/framework/src/Illuminate/Routing/Router.php:733  
[2018-12-11 17:14:32] local.INFO: #26 /vendor/laravel/framework/src/Illuminate/Routing/Router.php:705  
[2018-12-11 17:14:32] local.INFO: #27 /vendor/laravel/framework/src/Illuminate/Routing/Router.php:665  
[2018-12-11 17:14:32] local.INFO: #28 /vendor/laravel/framework/src/Illuminate/Routing/Pipeline.php:30  
[2018-12-11 17:14:32] local.INFO: #29 /app/Http/Middleware/AdminAuthMiddleware.php:26  
[2018-12-11 17:14:32] local.INFO: #30 /vendor/laravel/framework/src/Illuminate/Pipeline/Pipeline.php:151  
[2018-12-11 17:14:32] local.INFO: #31 /vendor/laravel/framework/src/Illuminate/Routing/Pipeline.php:53  
[2018-12-11 17:14:32] local.INFO: #32 /app/Http/Middleware/OperationLog.php:32  
[2018-12-11 17:14:32] local.INFO: #33 /vendor/laravel/framework/src/Illuminate/Pipeline/Pipeline.php:151  
[2018-12-11 17:14:32] local.INFO: #34 /vendor/laravel/framework/src/Illuminate/Routing/Pipeline.php:53  
[2018-12-11 17:14:32] local.INFO: #35 /vendor/laravel/framework/src/Illuminate/Routing/Middleware/SubstituteBindings.php:41  
[2018-12-11 17:14:32] local.INFO: #36 /vendor/laravel/framework/src/Illuminate/Pipeline/Pipeline.php:151  
[2018-12-11 17:14:32] local.INFO: #37 /vendor/laravel/framework/src/Illuminate/Routing/Pipeline.php:53  
[2018-12-11 17:14:32] local.INFO: #38 /vendor/laravel/framework/src/Illuminate/Foundation/Http/Middleware/VerifyCsrfToken.php:67  
[2018-12-11 17:14:32] local.INFO: #39 /vendor/laravel/framework/src/Illuminate/Pipeline/Pipeline.php:151  
[2018-12-11 17:14:32] local.INFO: #40 /vendor/laravel/framework/src/Illuminate/Routing/Pipeline.php:53  
[2018-12-11 17:14:32] local.INFO: #41 /vendor/laravel/framework/src/Illuminate/View/Middleware/ShareErrorsFromSession.php:49  
[2018-12-11 17:14:32] local.INFO: #42 /vendor/laravel/framework/src/Illuminate/Pipeline/Pipeline.php:151  
[2018-12-11 17:14:32] local.INFO: #43 /vendor/laravel/framework/src/Illuminate/Routing/Pipeline.php:53  
[2018-12-11 17:14:32] local.INFO: #44 /vendor/laravel/framework/src/Illuminate/Session/Middleware/StartSession.php:63  
[2018-12-11 17:14:32] local.INFO: #45 /vendor/laravel/framework/src/Illuminate/Pipeline/Pipeline.php:151  
[2018-12-11 17:14:32] local.INFO: #46 /vendor/laravel/framework/src/Illuminate/Routing/Pipeline.php:53  
[2018-12-11 17:14:32] local.INFO: #47 /vendor/laravel/framework/src/Illuminate/Cookie/Middleware/AddQueuedCookiesToResponse.php:37  
[2018-12-11 17:14:32] local.INFO: #48 /vendor/laravel/framework/src/Illuminate/Pipeline/Pipeline.php:151  
[2018-12-11 17:14:32] local.INFO: #49 /vendor/laravel/framework/src/Illuminate/Routing/Pipeline.php:53  
[2018-12-11 17:14:34] local.INFO: Detected N+1 Query  
[2018-12-11 17:14:34] local.INFO: Model: App\Models\Order  
[2018-12-11 17:14:34] local.INFO: Relation: order_demand_management  
[2018-12-11 17:14:34] local.INFO: Num-Called: 20  
[2018-12-11 17:14:34] local.INFO: Call-Stack:  
[2018-12-11 17:14:34] local.INFO: #17 /storage/framework/views/afea7962be748ac5a3f60f0ddb284740d9247a11.php:74  
[2018-12-11 17:14:34] local.INFO: #19 /vendor/laravel/framework/src/Illuminate/View/Engines/CompilerEngine.php:59  
[2018-12-11 17:14:34] local.INFO: #20 /vendor/laravel/framework/src/Illuminate/View/View.php:142  
[2018-12-11 17:14:34] local.INFO: #21 /vendor/laravel/framework/src/Illuminate/View/View.php:125  
[2018-12-11 17:14:34] local.INFO: #22 /vendor/laravel/framework/src/Illuminate/View/View.php:90  
[2018-12-11 17:14:34] local.INFO: #23 /vendor/laravel/framework/src/Illuminate/Http/Response.php:42  
[2018-12-11 17:14:34] local.INFO: #24 /vendor/symfony/http-foundation/Response.php:202  
[2018-12-11 17:14:34] local.INFO: #25 /vendor/laravel/framework/src/Illuminate/Routing/Router.php:733  
[2018-12-11 17:14:34] local.INFO: #26 /vendor/laravel/framework/src/Illuminate/Routing/Router.php:705  
[2018-12-11 17:14:34] local.INFO: #27 /vendor/laravel/framework/src/Illuminate/Routing/Router.php:665  
[2018-12-11 17:14:34] local.INFO: #28 /vendor/laravel/framework/src/Illuminate/Routing/Pipeline.php:30  
[2018-12-11 17:14:34] local.INFO: #29 /app/Http/Middleware/AdminAuthMiddleware.php:26  
[2018-12-11 17:14:34] local.INFO: #30 /vendor/laravel/framework/src/Illuminate/Pipeline/Pipeline.php:151  
[2018-12-11 17:14:34] local.INFO: #31 /vendor/laravel/framework/src/Illuminate/Routing/Pipeline.php:53  
[2018-12-11 17:14:34] local.INFO: #32 /app/Http/Middleware/OperationLog.php:32  
[2018-12-11 17:14:34] local.INFO: #33 /vendor/laravel/framework/src/Illuminate/Pipeline/Pipeline.php:151  
[2018-12-11 17:14:34] local.INFO: #34 /vendor/laravel/framework/src/Illuminate/Routing/Pipeline.php:53  
[2018-12-11 17:14:34] local.INFO: #35 /vendor/laravel/framework/src/Illuminate/Routing/Middleware/SubstituteBindings.php:41  
[2018-12-11 17:14:34] local.INFO: #36 /vendor/laravel/framework/src/Illuminate/Pipeline/Pipeline.php:151  
[2018-12-11 17:14:34] local.INFO: #37 /vendor/laravel/framework/src/Illuminate/Routing/Pipeline.php:53  
[2018-12-11 17:14:34] local.INFO: #38 /vendor/laravel/framework/src/Illuminate/Foundation/Http/Middleware/VerifyCsrfToken.php:67  
[2018-12-11 17:14:34] local.INFO: #39 /vendor/laravel/framework/src/Illuminate/Pipeline/Pipeline.php:151  
[2018-12-11 17:14:34] local.INFO: #40 /vendor/laravel/framework/src/Illuminate/Routing/Pipeline.php:53  
[2018-12-11 17:14:34] local.INFO: #41 /vendor/laravel/framework/src/Illuminate/View/Middleware/ShareErrorsFromSession.php:49  
[2018-12-11 17:14:34] local.INFO: #42 /vendor/laravel/framework/src/Illuminate/Pipeline/Pipeline.php:151  
[2018-12-11 17:14:34] local.INFO: #43 /vendor/laravel/framework/src/Illuminate/Routing/Pipeline.php:53  
[2018-12-11 17:14:34] local.INFO: #44 /vendor/laravel/framework/src/Illuminate/Session/Middleware/StartSession.php:63  
[2018-12-11 17:14:34] local.INFO: #45 /vendor/laravel/framework/src/Illuminate/Pipeline/Pipeline.php:151  
[2018-12-11 17:14:34] local.INFO: #46 /vendor/laravel/framework/src/Illuminate/Routing/Pipeline.php:53  
[2018-12-11 17:14:34] local.INFO: #47 /vendor/laravel/framework/src/Illuminate/Cookie/Middleware/AddQueuedCookiesToResponse.php:37  
[2018-12-11 17:14:34] local.INFO: #48 /vendor/laravel/framework/src/Illuminate/Pipeline/Pipeline.php:151  
[2018-12-11 17:14:34] local.INFO: #49 /vendor/laravel/framework/src/Illuminate/Routing/Pipeline.php:53  
[2018-12-11 17:20:48] local.ERROR: Undefined variable: complete_machine (View: /home/vagrant/Code/wasosystem/resources/views/admin/marketing_statistics/index.blade.php) {"userId":47,"email":"15208128210@qq.com","exception":"[object] (ErrorException(code: 0): Undefined variable: complete_machine (View: /home/vagrant/Code/wasosystem/resources/views/admin/marketing_statistics/index.blade.php) at /home/vagrant/Code/wasosystem/storage/framework/views/7ab2630a8f00700909171d0bf4666ed7ee595732.php:150, ErrorException(code: 0): Undefined variable: complete_machine at /home/vagrant/Code/wasosystem/storage/framework/views/7ab2630a8f00700909171d0bf4666ed7ee595732.php:150)
[stacktrace]
#0 /home/vagrant/Code/wasosystem/vendor/laravel/framework/src/Illuminate/View/Engines/PhpEngine.php(45): Illuminate\\View\\Engines\\CompilerEngine->handleViewException(Object(ErrorException), 1)
#1 /home/vagrant/Code/wasosystem/vendor/laravel/framework/src/Illuminate/View/Engines/CompilerEngine.php(59): Illuminate\\View\\Engines\\PhpEngine->evaluatePath('/home/vagrant/C...', Array)
#2 /home/vagrant/Code/wasosystem/vendor/laravel/framework/src/Illuminate/View/View.php(142): Illuminate\\View\\Engines\\CompilerEngine->get('/home/vagrant/C...', Array)
#3 /home/vagrant/Code/wasosystem/vendor/laravel/framework/src/Illuminate/View/View.php(125): Illuminate\\View\\View->getContents()
#4 /home/vagrant/Code/wasosystem/vendor/laravel/framework/src/Illuminate/View/View.php(90): Illuminate\\View\\View->renderContents()
#5 /home/vagrant/Code/wasosystem/vendor/laravel/framework/src/Illuminate/Http/Response.php(42): Illuminate\\View\\View->render()
#6 /home/vagrant/Code/wasosystem/vendor/symfony/http-foundation/Response.php(202): Illuminate\\Http\\Response->setContent(Object(Illuminate\\View\\View))
#7 /home/vagrant/Code/wasosystem/vendor/laravel/framework/src/Illuminate/Routing/Router.php(733): Symfony\\Component\\HttpFoundation\\Response->__construct(Object(Illuminate\\View\\View))
#8 /home/vagrant/Code/wasosystem/vendor/laravel/framework/src/Illuminate/Routing/Router.php(705): Illuminate\\Routing\\Router::toResponse(Object(Illuminate\\Http\\Request), Object(Illuminate\\View\\View))
#9 /home/vagrant/Code/wasosystem/vendor/laravel/framework/src/Illuminate/Routing/Router.php(665): Illuminate\\Routing\\Router->prepareResponse(Object(Illuminate\\Http\\Request), Object(Illuminate\\View\\View))
#10 /home/vagrant/Code/wasosystem/vendor/laravel/framework/src/Illuminate/Routing/Pipeline.php(30): Illuminate\\Routing\\Router->Illuminate\\Routing\\{closure}(Object(Illuminate\\Http\\Request))
#11 /home/vagrant/Code/wasosystem/app/Http/Middleware/OperationLog.php(32): Illuminate\\Routing\\Pipeline->Illuminate\\Routing\\{closure}(Object(Illuminate\\Http\\Request))
#12 /home/vagrant/Code/wasosystem/vendor/laravel/framework/src/Illuminate/Pipeline/Pipeline.php(151): App\\Http\\Middleware\\OperationLog->handle(Object(Illuminate\\Http\\Request), Object(Closure))
#13 /home/vagrant/Code/wasosystem/vendor/laravel/framework/src/Illuminate/Routing/Pipeline.php(53): Illuminate\\Pipeline\\Pipeline->Illuminate\\Pipeline\\{closure}(Object(Illuminate\\Http\\Request))
#14 /home/vagrant/Code/wasosystem/vendor/laravel/framework/src/Illuminate/Routing/Middleware/SubstituteBindings.php(41): Illuminate\\Routing\\Pipeline->Illuminate\\Routing\\{closure}(Object(Illuminate\\Http\\Request))
#15 /home/vagrant/Code/wasosystem/vendor/laravel/framework/src/Illuminate/Pipeline/Pipeline.php(151): Illuminate\\Routing\\Middleware\\SubstituteBindings->handle(Object(Illuminate\\Http\\Request), Object(Closure))
#16 /home/vagrant/Code/wasosystem/vendor/laravel/framework/src/Illuminate/Routing/Pipeline.php(53): Illuminate\\Pipeline\\Pipeline->Illuminate\\Pipeline\\{closure}(Object(Illuminate\\Http\\Request))
#17 /home/vagrant/Code/wasosystem/vendor/laravel/framework/src/Illuminate/Foundation/Http/Middleware/VerifyCsrfToken.php(67): Illuminate\\Routing\\Pipeline->Illuminate\\Routing\\{closure}(Object(Illuminate\\Http\\Request))
#18 /home/vagrant/Code/wasosystem/vendor/laravel/framework/src/Illuminate/Pipeline/Pipeline.php(151): Illuminate\\Foundation\\Http\\Middleware\\VerifyCsrfToken->handle(Object(Illuminate\\Http\\Request), Object(Closure))
#19 /home/vagrant/Code/wasosystem/vendor/laravel/framework/src/Illuminate/Routing/Pipeline.php(53): Illuminate\\Pipeline\\Pipeline->Illuminate\\Pipeline\\{closure}(Object(Illuminate\\Http\\Request))
#20 /home/vagrant/Code/wasosystem/vendor/laravel/framework/src/Illuminate/View/Middleware/ShareErrorsFromSession.php(49): Illuminate\\Routing\\Pipeline->Illuminate\\Routing\\{closure}(Object(Illuminate\\Http\\Request))
#21 /home/vagrant/Code/wasosystem/vendor/laravel/framework/src/Illuminate/Pipeline/Pipeline.php(151): Illuminate\\View\\Middleware\\ShareErrorsFromSession->handle(Object(Illuminate\\Http\\Request), Object(Closure))
#22 /home/vagrant/Code/wasosystem/vendor/laravel/framework/src/Illuminate/Routing/Pipeline.php(53): Illuminate\\Pipeline\\Pipeline->Illuminate\\Pipeline\\{closure}(Object(Illuminate\\Http\\Request))
#23 /home/vagrant/Code/wasosystem/vendor/laravel/framework/src/Illuminate/Session/Middleware/StartSession.php(63): Illuminate\\Routing\\Pipeline->Illuminate\\Routing\\{closure}(Object(Illuminate\\Http\\Request))
#24 /home/vagrant/Code/wasosystem/vendor/laravel/framework/src/Illuminate/Pipeline/Pipeline.php(151): Illuminate\\Session\\Middleware\\StartSession->handle(Object(Illuminate\\Http\\Request), Object(Closure))
#25 /home/vagrant/Code/wasosystem/vendor/laravel/framework/src/Illuminate/Routing/Pipeline.php(53): Illuminate\\Pipeline\\Pipeline->Illuminate\\Pipeline\\{closure}(Object(Illuminate\\Http\\Request))
#26 /home/vagrant/Code/wasosystem/vendor/laravel/framework/src/Illuminate/Cookie/Middleware/AddQueuedCookiesToResponse.php(37): Illuminate\\Routing\\Pipeline->Illuminate\\Routing\\{closure}(Object(Illuminate\\Http\\Request))
#27 /home/vagrant/Code/wasosystem/vendor/laravel/framework/src/Illuminate/Pipeline/Pipeline.php(151): Illuminate\\Cookie\\Middleware\\AddQueuedCookiesToResponse->handle(Object(Illuminate\\Http\\Request), Object(Closure))
#28 /home/vagrant/Code/wasosystem/vendor/laravel/framework/src/Illuminate/Routing/Pipeline.php(53): Illuminate\\Pipeline\\Pipeline->Illuminate\\Pipeline\\{closure}(Object(Illuminate\\Http\\Request))
#29 /home/vagrant/Code/wasosystem/vendor/laravel/framework/src/Illuminate/Cookie/Middleware/EncryptCookies.php(59): Illuminate\\Routing\\Pipeline->Illuminate\\Routing\\{closure}(Object(Illuminate\\Http\\Request))
#30 /home/vagrant/Code/wasosystem/vendor/laravel/framework/src/Illuminate/Pipeline/Pipeline.php(151): Illuminate\\Cookie\\Middleware\\EncryptCookies->handle(Object(Illuminate\\Http\\Request), Object(Closure))
#31 /home/vagrant/Code/wasosystem/vendor/laravel/framework/src/Illuminate/Routing/Pipeline.php(53): Illuminate\\Pipeline\\Pipeline->Illuminate\\Pipeline\\{closure}(Object(Illuminate\\Http\\Request))
#32 /home/vagrant/Code/wasosystem/vendor/laravel/framework/src/Illuminate/Pipeline/Pipeline.php(104): Illuminate\\Routing\\Pipeline->Illuminate\\Routing\\{closure}(Object(Illuminate\\Http\\Request))
#33 /home/vagrant/Code/wasosystem/vendor/laravel/framework/src/Illuminate/Routing/Router.php(667): Illuminate\\Pipeline\\Pipeline->then(Object(Closure))
#34 /home/vagrant/Code/wasosystem/vendor/laravel/framework/src/Illuminate/Routing/Router.php(642): Illuminate\\Routing\\Router->runRouteWithinStack(Object(Illuminate\\Routing\\Route), Object(Illuminate\\Http\\Request))
#35 /home/vagrant/Code/wasosystem/vendor/laravel/framework/src/Illuminate/Routing/Router.php(608): Illuminate\\Routing\\Router->runRoute(Object(Illuminate\\Http\\Request), Object(Illuminate\\Routing\\Route))
#36 /home/vagrant/Code/wasosystem/vendor/laravel/framework/src/Illuminate/Routing/Router.php(597): Illuminate\\Routing\\Router->dispatchToRoute(Object(Illuminate\\Http\\Request))
#37 /home/vagrant/Code/wasosystem/vendor/laravel/framework/src/Illuminate/Foundation/Http/Kernel.php(176): Illuminate\\Routing\\Router->dispatch(Object(Illuminate\\Http\\Request))
#38 /home/vagrant/Code/wasosystem/vendor/laravel/framework/src/Illuminate/Routing/Pipeline.php(30): Illuminate\\Foundation\\Http\\Kernel->Illuminate\\Foundation\\Http\\{closure}(Object(Illuminate\\Http\\Request))
#39 /home/vagrant/Code/wasosystem/vendor/beyondcode/laravel-query-detector/src/QueryDetectorMiddleware.php(33): Illuminate\\Routing\\Pipeline->Illuminate\\Routing\\{closure}(Object(Illuminate\\Http\\Request))
#40 /home/vagrant/Code/wasosystem/vendor/laravel/framework/src/Illuminate/Pipeline/Pipeline.php(151): BeyondCode\\QueryDetector\\QueryDetectorMiddleware->handle(Object(Illuminate\\Http\\Request), Object(Closure))
#41 /home/vagrant/Code/wasosystem/vendor/laravel/framework/src/Illuminate/Routing/Pipeline.php(53): Illuminate\\Pipeline\\Pipeline->Illuminate\\Pipeline\\{closure}(Object(Illuminate\\Http\\Request))
#42 /home/vagrant/Code/wasosystem/vendor/barryvdh/laravel-debugbar/src/Middleware/InjectDebugbar.php(65): Illuminate\\Routing\\Pipeline->Illuminate\\Routing\\{closure}(Object(Illuminate\\Http\\Request))
#43 /home/vagrant/Code/wasosystem/vendor/laravel/framework/src/Illuminate/Pipeline/Pipeline.php(151): Barryvdh\\Debugbar\\Middleware\\InjectDebugbar->handle(Object(Illuminate\\Http\\Request), Object(Closure))
#44 /home/vagrant/Code/wasosystem/vendor/laravel/framework/src/Illuminate/Routing/Pipeline.php(53): Illuminate\\Pipeline\\Pipeline->Illuminate\\Pipeline\\{closure}(Object(Illuminate\\Http\\Request))
#45 /home/vagrant/Code/wasosystem/vendor/fideloper/proxy/src/TrustProxies.php(57): Illuminate\\Routing\\Pipeline->Illuminate\\Routing\\{closure}(Object(Illuminate\\Http\\Request))
#46 /home/vagrant/Code/wasosystem/vendor/laravel/framework/src/Illuminate/Pipeline/Pipeline.php(151): Fideloper\\Proxy\\TrustProxies->handle(Object(Illuminate\\Http\\Request), Object(Closure))
#47 /home/vagrant/Code/wasosystem/vendor/laravel/framework/src/Illuminate/Routing/Pipeline.php(53): Illuminate\\Pipeline\\Pipeline->Illuminate\\Pipeline\\{closure}(Object(Illuminate\\Http\\Request))
#48 /home/vagrant/Code/wasosystem/vendor/laravel/framework/src/Illuminate/Foundation/Http/Middleware/TransformsRequest.php(31): Illuminate\\Routing\\Pipeline->Illuminate\\Routing\\{closure}(Object(Illuminate\\Http\\Request))
#49 /home/vagrant/Code/wasosystem/vendor/laravel/framework/src/Illuminate/Pipeline/Pipeline.php(151): Illuminate\\Foundation\\Http\\Middleware\\TransformsRequest->handle(Object(Illuminate\\Http\\Request), Object(Closure))
#50 /home/vagrant/Code/wasosystem/vendor/laravel/framework/src/Illuminate/Routing/Pipeline.php(53): Illuminate\\Pipeline\\Pipeline->Illuminate\\Pipeline\\{closure}(Object(Illuminate\\Http\\Request))
#51 /home/vagrant/Code/wasosystem/vendor/laravel/framework/src/Illuminate/Foundation/Http/Middleware/TransformsRequest.php(31): Illuminate\\Routing\\Pipeline->Illuminate\\Routing\\{closure}(Object(Illuminate\\Http\\Request))
#52 /home/vagrant/Code/wasosystem/vendor/laravel/framework/src/Illuminate/Pipeline/Pipeline.php(151): Illuminate\\Foundation\\Http\\Middleware\\TransformsRequest->handle(Object(Illuminate\\Http\\Request), Object(Closure))
#53 /home/vagrant/Code/wasosystem/vendor/laravel/framework/src/Illuminate/Routing/Pipeline.php(53): Illuminate\\Pipeline\\Pipeline->Illuminate\\Pipeline\\{closure}(Object(Illuminate\\Http\\Request))
#54 /home/vagrant/Code/wasosystem/vendor/laravel/framework/src/Illuminate/Foundation/Http/Middleware/ValidatePostSize.php(27): Illuminate\\Routing\\Pipeline->Illuminate\\Routing\\{closure}(Object(Illuminate\\Http\\Request))
#55 /home/vagrant/Code/wasosystem/vendor/laravel/framework/src/Illuminate/Pipeline/Pipeline.php(151): Illuminate\\Foundation\\Http\\Middleware\\ValidatePostSize->handle(Object(Illuminate\\Http\\Request), Object(Closure))
#56 /home/vagrant/Code/wasosystem/vendor/laravel/framework/src/Illuminate/Routing/Pipeline.php(53): Illuminate\\Pipeline\\Pipeline->Illuminate\\Pipeline\\{closure}(Object(Illuminate\\Http\\Request))
#57 /home/vagrant/Code/wasosystem/vendor/laravel/framework/src/Illuminate/Foundation/Http/Middleware/CheckForMaintenanceMode.php(62): Illuminate\\Routing\\Pipeline->Illuminate\\Routing\\{closure}(Object(Illuminate\\Http\\Request))
#58 /home/vagrant/Code/wasosystem/vendor/laravel/framework/src/Illuminate/Pipeline/Pipeline.php(151): Illuminate\\Foundation\\Http\\Middleware\\CheckForMaintenanceMode->handle(Object(Illuminate\\Http\\Request), Object(Closure))
#59 /home/vagrant/Code/wasosystem/vendor/laravel/framework/src/Illuminate/Routing/Pipeline.php(53): Illuminate\\Pipeline\\Pipeline->Illuminate\\Pipeline\\{closure}(Object(Illuminate\\Http\\Request))
#60 /home/vagrant/Code/wasosystem/vendor/dingo/api/src/Http/Middleware/Request.php(111): Illuminate\\Routing\\Pipeline->Illuminate\\Routing\\{closure}(Object(Illuminate\\Http\\Request))
#61 /home/vagrant/Code/wasosystem/vendor/laravel/framework/src/Illuminate/Pipeline/Pipeline.php(151): Dingo\\Api\\Http\\Middleware\\Request->handle(Object(Illuminate\\Http\\Request), Object(Closure))
#62 /home/vagrant/Code/wasosystem/vendor/laravel/framework/src/Illuminate/Routing/Pipeline.php(53): Illuminate\\Pipeline\\Pipeline->Illuminate\\Pipeline\\{closure}(Object(Illuminate\\Http\\Request))
#63 /home/vagrant/Code/wasosystem/vendor/laravel/framework/src/Illuminate/Pipeline/Pipeline.php(104): Illuminate\\Routing\\Pipeline->Illuminate\\Routing\\{closure}(Object(Illuminate\\Http\\Request))
#64 /home/vagrant/Code/wasosystem/vendor/laravel/framework/src/Illuminate/Foundation/Http/Kernel.php(151): Illuminate\\Pipeline\\Pipeline->then(Object(Closure))
#65 /home/vagrant/Code/wasosystem/vendor/laravel/framework/src/Illuminate/Foundation/Http/Kernel.php(116): Illuminate\\Foundation\\Http\\Kernel->sendRequestThroughRouter(Object(Illuminate\\Http\\Request))
#66 /home/vagrant/Code/wasosystem/public/index.php(55): Illuminate\\Foundation\\Http\\Kernel->handle(Object(Illuminate\\Http\\Request))
#67 {main}
"} 
[2018-12-11 17:42:46] local.INFO: Detected N+1 Query  
[2018-12-11 17:42:46] local.INFO: Model: App\Models\Order  
[2018-12-11 17:42:46] local.INFO: Relation: order_demand_management  
[2018-12-11 17:42:46] local.INFO: Num-Called: 20  
[2018-12-11 17:42:46] local.INFO: Call-Stack:  
[2018-12-11 17:42:46] local.INFO: #17 /storage/framework/views/afea7962be748ac5a3f60f0ddb284740d9247a11.php:74  
[2018-12-11 17:42:46] local.INFO: #19 /vendor/laravel/framework/src/Illuminate/View/Engines/CompilerEngine.php:59  
[2018-12-11 17:42:46] local.INFO: #20 /vendor/laravel/framework/src/Illuminate/View/View.php:142  
[2018-12-11 17:42:46] local.INFO: #21 /vendor/laravel/framework/src/Illuminate/View/View.php:125  
[2018-12-11 17:42:46] local.INFO: #22 /vendor/laravel/framework/src/Illuminate/View/View.php:90  
[2018-12-11 17:42:46] local.INFO: #23 /vendor/laravel/framework/src/Illuminate/Http/Response.php:42  
[2018-12-11 17:42:46] local.INFO: #24 /vendor/symfony/http-foundation/Response.php:202  
[2018-12-11 17:42:46] local.INFO: #25 /vendor/laravel/framework/src/Illuminate/Routing/Router.php:733  
[2018-12-11 17:42:46] local.INFO: #26 /vendor/laravel/framework/src/Illuminate/Routing/Router.php:705  
[2018-12-11 17:42:46] local.INFO: #27 /vendor/laravel/framework/src/Illuminate/Routing/Router.php:665  
[2018-12-11 17:42:46] local.INFO: #28 /vendor/laravel/framework/src/Illuminate/Routing/Pipeline.php:30  
[2018-12-11 17:42:46] local.INFO: #29 /app/Http/Middleware/AdminAuthMiddleware.php:26  
[2018-12-11 17:42:46] local.INFO: #30 /vendor/laravel/framework/src/Illuminate/Pipeline/Pipeline.php:151  
[2018-12-11 17:42:46] local.INFO: #31 /vendor/laravel/framework/src/Illuminate/Routing/Pipeline.php:53  
[2018-12-11 17:42:46] local.INFO: #32 /app/Http/Middleware/OperationLog.php:32  
[2018-12-11 17:42:46] local.INFO: #33 /vendor/laravel/framework/src/Illuminate/Pipeline/Pipeline.php:151  
[2018-12-11 17:42:46] local.INFO: #34 /vendor/laravel/framework/src/Illuminate/Routing/Pipeline.php:53  
[2018-12-11 17:42:46] local.INFO: #35 /vendor/laravel/framework/src/Illuminate/Routing/Middleware/SubstituteBindings.php:41  
[2018-12-11 17:42:46] local.INFO: #36 /vendor/laravel/framework/src/Illuminate/Pipeline/Pipeline.php:151  
[2018-12-11 17:42:46] local.INFO: #37 /vendor/laravel/framework/src/Illuminate/Routing/Pipeline.php:53  
[2018-12-11 17:42:46] local.INFO: #38 /vendor/laravel/framework/src/Illuminate/Foundation/Http/Middleware/VerifyCsrfToken.php:67  
[2018-12-11 17:42:46] local.INFO: #39 /vendor/laravel/framework/src/Illuminate/Pipeline/Pipeline.php:151  
[2018-12-11 17:42:46] local.INFO: #40 /vendor/laravel/framework/src/Illuminate/Routing/Pipeline.php:53  
[2018-12-11 17:42:46] local.INFO: #41 /vendor/laravel/framework/src/Illuminate/View/Middleware/ShareErrorsFromSession.php:49  
[2018-12-11 17:42:46] local.INFO: #42 /vendor/laravel/framework/src/Illuminate/Pipeline/Pipeline.php:151  
[2018-12-11 17:42:46] local.INFO: #43 /vendor/laravel/framework/src/Illuminate/Routing/Pipeline.php:53  
[2018-12-11 17:42:46] local.INFO: #44 /vendor/laravel/framework/src/Illuminate/Session/Middleware/StartSession.php:63  
[2018-12-11 17:42:46] local.INFO: #45 /vendor/laravel/framework/src/Illuminate/Pipeline/Pipeline.php:151  
[2018-12-11 17:42:46] local.INFO: #46 /vendor/laravel/framework/src/Illuminate/Routing/Pipeline.php:53  
[2018-12-11 17:42:46] local.INFO: #47 /vendor/laravel/framework/src/Illuminate/Cookie/Middleware/AddQueuedCookiesToResponse.php:37  
[2018-12-11 17:42:46] local.INFO: #48 /vendor/laravel/framework/src/Illuminate/Pipeline/Pipeline.php:151  
[2018-12-11 17:42:46] local.INFO: #49 /vendor/laravel/framework/src/Illuminate/Routing/Pipeline.php:53  
