[2019-01-08 09:30:16] local.INFO: 创建数据库备份成功  
[2019-01-08 09:30:20] local.INFO: 最新数据库备份发送邮件成功  
[2019-01-08 10:00:10] local.INFO: 创建数据库备份成功  
[2019-01-08 10:00:16] local.INFO: 最新数据库备份发送邮件成功  
[2019-01-08 10:00:17] local.INFO: 整机产品更新价格成功！  
[2019-01-08 10:00:17] local.INFO: 自建产品更新价格成功！  
[2019-01-08 10:30:08] local.INFO: 创建数据库备份成功  
[2019-01-08 10:30:19] local.INFO: 最新数据库备份发送邮件成功  
[2019-01-08 10:46:54] local.NOTICE: 813-周应伟 | PUT waso/business_managements/109 | 提交的参数：{"pic":{"url":["files_images\/2019-01-07\/hejLayVMw3PkHySjDmyucOvyOQzuZQadwj68l6FK.jpeg","files_images\/2019-01-07\/efQfJ8pYqhH8EbgMmUXWPPw2kuiWO8I9YtvUKzt4.jpeg"],"name":["1510622732","1511419995"]},"type":"banner","field":{"color":"219,219,219","url":"www.waso.com.cn\/Designer.html","max_font":"网烁设计师电脑","min_font":"为创意赋能  为设计加速","font_float":"left","font_color":"LOGO","mini_program_font_color":"black","more":"1"}} | 127.0.0.0 中国 成都市 (本地调试) 四川  
[2019-01-08 10:47:00] local.NOTICE: 813-周应伟 | PUT waso/business_managements/110 | 提交的参数：{"pic":{"url":["files_images\/2019-01-07\/uvbMV6s8jVbIjINM580I5MscSHV4Q1KwzTZn94e9.jpeg","files_images\/2019-01-07\/BAPCZzNUH3lapftibDlf7W2zbHB2Oie8KFnqebS9.jpeg"],"name":["1510622739","1511420000"]},"type":"banner","field":{"color":"219,219,219","url":"http:\/\/www.wpshkx.cn","max_font":"定制测试中心","min_font":"精心测试  稳定为王","font_float":"left","font_color":"LOGO","mini_program_font_color":"black","more":"0"}} | 127.0.0.0 中国 成都市 (本地调试) 四川  
[2019-01-08 11:00:17] local.INFO: 创建数据库备份成功  
[2019-01-08 11:00:42] local.INFO: 最新数据库备份发送邮件成功  
[2019-01-08 11:00:42] local.INFO: 整机产品更新价格成功！  
[2019-01-08 11:00:42] local.INFO: 自建产品更新价格成功！  
[2019-01-08 11:30:09] local.INFO: 创建数据库备份成功  
[2019-01-08 11:30:15] local.INFO: 最新数据库备份发送邮件成功  
[2019-01-08 12:00:08] local.INFO: 创建数据库备份成功  
[2019-01-08 12:00:13] local.INFO: 最新数据库备份发送邮件成功  
[2019-01-08 12:00:13] local.INFO: 整机产品更新价格成功！  
[2019-01-08 12:00:13] local.INFO: 自建产品更新价格成功！  
[2019-01-08 12:30:07] local.INFO: 创建数据库备份成功  
[2019-01-08 12:30:10] local.INFO: 最新数据库备份发送邮件成功  
[2019-01-08 13:00:07] local.INFO: 创建数据库备份成功  
[2019-01-08 13:00:11] local.INFO: 最新数据库备份发送邮件成功  
[2019-01-08 13:00:11] local.INFO: 整机产品更新价格成功！  
[2019-01-08 13:00:11] local.INFO: 自建产品更新价格成功！  
[2019-01-08 13:30:08] local.INFO: 创建数据库备份成功  
[2019-01-08 13:30:11] local.INFO: 最新数据库备份发送邮件成功  
[2019-01-08 14:00:08] local.INFO: 创建数据库备份成功  
[2019-01-08 14:00:11] local.INFO: 最新数据库备份发送邮件成功  
[2019-01-08 14:00:12] local.INFO: 整机产品更新价格成功！  
[2019-01-08 14:00:12] local.INFO: 自建产品更新价格成功！  
[2019-01-08 14:30:07] local.INFO: 创建数据库备份成功  
[2019-01-08 14:30:10] local.INFO: 最新数据库备份发送邮件成功  
[2019-01-08 15:00:08] local.INFO: 创建数据库备份成功  
[2019-01-08 15:00:12] local.INFO: 最新数据库备份发送邮件成功  
[2019-01-08 15:00:13] local.INFO: 整机产品更新价格成功！  
[2019-01-08 15:00:13] local.INFO: 自建产品更新价格成功！  
[2019-01-08 15:30:08] local.INFO: 创建数据库备份成功  
[2019-01-08 15:30:13] local.INFO: 最新数据库备份发送邮件成功  
[2019-01-08 16:00:14] local.INFO: 创建数据库备份成功  
[2019-01-08 16:00:18] local.INFO: 最新数据库备份发送邮件成功  
[2019-01-08 16:00:19] local.INFO: 整机产品更新价格成功！  
[2019-01-08 16:00:19] local.INFO: 自建产品更新价格成功！  
[2019-01-08 16:30:08] local.INFO: 创建数据库备份成功  
[2019-01-08 16:30:11] local.INFO: 最新数据库备份发送邮件成功  
[2019-01-08 17:00:10] local.INFO: 创建数据库备份成功  
[2019-01-08 17:00:14] local.INFO: 最新数据库备份发送邮件成功  
[2019-01-08 17:30:08] local.INFO: 创建数据库备份成功  
[2019-01-08 17:30:12] local.INFO: 最新数据库备份发送邮件成功  
[2019-01-08 18:00:09] local.INFO: 创建数据库备份成功  
[2019-01-08 18:00:13] local.INFO: 最新数据库备份发送邮件成功  
